TN:
SF:.prettierrc.js
FNF:0
FNH:0
DA:1,0
LF:1
LH:0
BRF:0
BRH:0
end_of_record
TN:
SF:check_tables.js
FN:4,checkTables
FN:17,(anonymous_1)
FNF:2
FNH:0
FNDA:0,checkTables
FNDA:0,(anonymous_1)
DA:1,0
DA:2,0
DA:5,0
DA:12,0
DA:13,0
DA:14,0
DA:15,0
DA:17,0
DA:21,0
DA:22,0
DA:24,0
DA:26,0
DA:27,0
DA:30,0
DA:31,0
DA:35,0
DA:36,0
DA:38,0
DA:40,0
DA:43,0
DA:45,0
DA:49,0
LF:22
LH:0
BRDA:6,0,0,0
BRDA:6,0,1,0
BRDA:7,1,0,0
BRDA:7,1,1,0
BRDA:8,2,0,0
BRDA:8,2,1,0
BRDA:9,3,0,0
BRDA:9,3,1,0
BRDA:24,4,0,0
BRDA:24,4,1,0
BRDA:26,5,0,0
BRDA:26,5,1,0
BRF:12
BRH:0
end_of_record
TN:
SF:create_templates_table.js
FN:3,createTable
FN:7,(anonymous_1)
FNF:2
FNH:0
FNDA:0,createTable
FNDA:0,(anonymous_1)
DA:1,0
DA:4,0
DA:5,0
DA:7,0
DA:8,0
DA:9,0
DA:10,0
DA:11,0
DA:12,0
DA:13,0
DA:14,0
DA:15,0
DA:16,0
DA:17,0
DA:18,0
DA:19,0
DA:20,0
DA:21,0
DA:22,0
DA:25,0
DA:27,0
DA:29,0
DA:99,0
DA:101,0
DA:102,0
DA:104,0
DA:105,0
DA:106,0
DA:108,0
DA:113,0
LF:30
LH:0
BRDA:1,0,0,0
BRDA:1,0,1,0
BRDA:105,1,0,0
BRDA:105,1,1,0
BRF:4
BRH:0
end_of_record
TN:
SF:create_test_user.js
FN:4,createTestUser
FNF:1
FNH:0
FNDA:0,createTestUser
DA:1,0
DA:2,0
DA:5,0
DA:6,0
DA:9,0
DA:10,0
DA:11,0
DA:12,0
DA:15,0
DA:16,0
DA:18,0
DA:20,0
DA:32,0
DA:34,0
DA:56,0
DA:57,0
DA:58,0
DA:59,0
DA:61,0
DA:63,0
DA:64,0
DA:68,0
LF:22
LH:0
BRDA:1,0,0,0
BRDA:1,0,1,0
BRDA:10,1,0,0
BRDA:10,1,1,0
BRF:4
BRH:0
end_of_record
TN:
SF:database.js
FN:23,(anonymous_0)
FN:26,(anonymous_1)
FN:29,(anonymous_2)
FN:33,getResidents
FN:54,getBlotterRecords
FN:72,getCertificateTypes
FN:85,getCertificates
FN:103,checkBlotterStatus
FN:131,getDashboardStats
FN:157,createCertificate
FN:191,createBlotterRecord
FN:240,updateBlotterRecord
FN:247,(anonymous_12)
FN:274,deleteBlotterRecord
FN:285,getCensusStatistics
FN:337,getSitioCensus
FNF:16
FNH:0
FNDA:0,(anonymous_0)
FNDA:0,(anonymous_1)
FNDA:0,(anonymous_2)
FNDA:0,getResidents
FNDA:0,getBlotterRecords
FNDA:0,getCertificateTypes
FNDA:0,getCertificates
FNDA:0,checkBlotterStatus
FNDA:0,getDashboardStats
FNDA:0,createCertificate
FNDA:0,createBlotterRecord
FNDA:0,updateBlotterRecord
FNDA:0,(anonymous_12)
FNDA:0,deleteBlotterRecord
FNDA:0,getCensusStatistics
FNDA:0,getSitioCensus
DA:1,0
DA:2,0
DA:3,0
DA:5,0
DA:18,0
DA:23,0
DA:26,0
DA:29,0
DA:34,0
DA:35,0
DA:36,0
DA:47,0
DA:49,0
DA:55,0
DA:56,0
DA:57,0
DA:65,0
DA:67,0
DA:73,0
DA:74,0
DA:75,0
DA:78,0
DA:80,0
DA:86,0
DA:87,0
DA:88,0
DA:96,0
DA:98,0
DA:104,0
DA:105,0
DA:106,0
DA:119,0
DA:126,0
DA:132,0
DA:133,0
DA:134,0
DA:137,0
DA:140,0
DA:143,0
DA:145,0
DA:152,0
DA:158,0
DA:159,0
DA:161,0
DA:163,0
DA:164,0
DA:166,0
DA:181,0
DA:184,0
DA:186,0
DA:192,0
DA:193,0
DA:204,0
DA:206,0
DA:210,0
DA:230,0
DA:233,0
DA:235,0
DA:241,0
DA:242,0
DA:243,0
DA:244,0
DA:245,0
DA:247,0
DA:248,0
DA:249,0
DA:250,0
DA:254,0
DA:255,0
DA:258,0
DA:259,0
DA:264,0
DA:267,0
DA:269,0
DA:275,0
DA:276,0
DA:277,0
DA:278,0
DA:280,0
DA:286,0
DA:287,0
DA:288,0
DA:308,0
DA:318,0
DA:327,0
DA:332,0
DA:338,0
DA:339,0
DA:340,0
DA:363,0
DA:365,0
DA:369,0
DA:370,0
DA:371,0
DA:372,0
DA:373,0
DA:374,0
DA:375,0
DA:376,0
DA:377,0
DA:378,0
DA:379,0
DA:380,0
DA:382,0
LF:104
LH:0
BRDA:6,0,0,0
BRDA:6,0,1,0
BRDA:7,1,0,0
BRDA:7,1,1,0
BRDA:8,2,0,0
BRDA:8,2,1,0
BRDA:9,3,0,0
BRDA:9,3,1,0
BRDA:10,4,0,0
BRDA:10,4,1,0
BRDA:221,5,0,0
BRDA:221,5,1,0
BRDA:248,6,0,0
BRDA:248,6,1,0
BRDA:254,7,0,0
BRDA:254,7,1,0
BRDA:363,8,0,0
BRDA:363,8,1,0
BRF:18
BRH:0
end_of_record
TN:
SF:index.js
FN:13,validateEnvironmentVariables
FN:15,(anonymous_1)
FN:31,(anonymous_2)
FN:76,(anonymous_3)
FN:89,(anonymous_4)
FN:115,(anonymous_5)
FN:130,(anonymous_6)
FN:161,(anonymous_7)
FN:251,(anonymous_8)
FN:254,(anonymous_9)
FN:278,(anonymous_10)
FN:287,(anonymous_11)
FN:295,(anonymous_12)
FN:307,(anonymous_13)
FN:314,(anonymous_14)
FN:326,(anonymous_15)
FN:333,(anonymous_16)
FN:350,initializeDatabase
FN:367,(anonymous_18)
FN:461,(anonymous_19)
FN:474,startServer
FN:475,(anonymous_21)
FN:480,(anonymous_22)
FN:514,(anonymous_23)
FN:547,(anonymous_24)
FN:575,(anonymous_25)
FNF:26
FNH:0
FNDA:0,validateEnvironmentVariables
FNDA:0,(anonymous_1)
FNDA:0,(anonymous_2)
FNDA:0,(anonymous_3)
FNDA:0,(anonymous_4)
FNDA:0,(anonymous_5)
FNDA:0,(anonymous_6)
FNDA:0,(anonymous_7)
FNDA:0,(anonymous_8)
FNDA:0,(anonymous_9)
FNDA:0,(anonymous_10)
FNDA:0,(anonymous_11)
FNDA:0,(anonymous_12)
FNDA:0,(anonymous_13)
FNDA:0,(anonymous_14)
FNDA:0,(anonymous_15)
FNDA:0,(anonymous_16)
FNDA:0,initializeDatabase
FNDA:0,(anonymous_18)
FNDA:0,(anonymous_19)
FNDA:0,startServer
FNDA:0,(anonymous_21)
FNDA:0,(anonymous_22)
FNDA:0,(anonymous_23)
FNDA:0,(anonymous_24)
FNDA:0,(anonymous_25)
DA:1,0
DA:2,0
DA:4,0
DA:5,0
DA:6,0
DA:7,0
DA:8,0
DA:9,0
DA:10,0
DA:14,0
DA:15,0
DA:17,0
DA:18,0
DA:19,0
DA:23,0
DA:25,0
DA:26,0
DA:30,0
DA:31,0
DA:42,0
DA:43,0
DA:44,0
DA:45,0
DA:46,0
DA:47,0
DA:48,0
DA:51,0
DA:52,0
DA:53,0
DA:54,0
DA:55,0
DA:57,0
DA:58,0
DA:59,0
DA:60,0
DA:61,0
DA:62,0
DA:65,0
DA:68,0
DA:78,0
DA:83,0
DA:91,0
DA:92,0
DA:94,0
DA:99,0
DA:109,0
DA:116,0
DA:117,0
DA:119,0
DA:124,0
DA:131,0
DA:132,0
DA:134,0
DA:139,0
DA:140,0
DA:141,0
DA:142,0
DA:143,0
DA:146,0
DA:150,0
DA:159,0
DA:163,0
DA:165,0
DA:166,0
DA:169,0
DA:170,0
DA:174,0
DA:175,0
DA:178,0
DA:179,0
DA:188,0
DA:191,0
DA:194,0
DA:244,0
DA:245,0
DA:246,0
DA:247,0
DA:248,0
DA:251,0
DA:252,0
DA:253,0
DA:254,0
DA:255,0
DA:256,0
DA:266,0
DA:271,0
DA:272,0
DA:273,0
DA:274,0
DA:275,0
DA:278,0
DA:280,0
DA:281,0
DA:283,0
DA:287,0
DA:288,0
DA:289,0
DA:291,0
DA:295,0
DA:296,0
DA:297,0
DA:299,0
DA:303,0
DA:304,0
DA:307,0
DA:308,0
DA:309,0
DA:311,0
DA:314,0
DA:315,0
DA:316,0
DA:320,0
DA:321,0
DA:323,0
DA:326,0
DA:327,0
DA:328,0
DA:330,0
DA:333,0
DA:334,0
DA:335,0
DA:337,0
DA:341,0
DA:344,0
DA:345,0
DA:346,0
DA:347,0
DA:351,0
DA:352,0
DA:353,0
DA:354,0
DA:356,0
DA:357,0
DA:362,0
DA:363,0
DA:364,0
DA:367,0
DA:368,0
DA:372,0
DA:373,0
DA:374,0
DA:375,0
DA:376,0
DA:377,0
DA:384,0
DA:385,0
DA:386,0
DA:387,0
DA:388,0
DA:389,0
DA:390,0
DA:391,0
DA:392,0
DA:393,0
DA:394,0
DA:395,0
DA:396,0
DA:397,0
DA:398,0
DA:399,0
DA:400,0
DA:401,0
DA:402,0
DA:405,0
DA:406,0
DA:407,0
DA:408,0
DA:411,0
DA:414,0
DA:420,0
DA:425,0
DA:432,0
DA:439,0
DA:446,0
DA:453,0
DA:461,0
DA:462,0
DA:471,0
DA:475,0
DA:476,0
DA:477,0
DA:480,0
DA:481,0
DA:484,0
DA:485,0
DA:487,0
DA:488,0
DA:490,0
DA:493,0
DA:494,0
DA:496,0
DA:501,0
DA:503,0
DA:504,0
DA:506,0
DA:510,0
DA:511,0
DA:514,0
DA:522,0
DA:523,0
DA:524,0
DA:525,0
DA:535,0
DA:540,0
DA:542,0
DA:547,0
DA:555,0
DA:556,0
DA:557,0
DA:558,0
DA:567,0
DA:572,0
DA:573,0
DA:575,0
DA:576,0
DA:577,0
DA:578,0
DA:579,0
DA:582,0
DA:583,0
DA:587,0
DA:589,0
DA:590,0
LF:223
LH:0
BRDA:17,0,0,0
BRDA:17,0,1,0
BRDA:30,1,0,0
BRDA:30,1,1,0
BRDA:36,2,0,0
BRDA:36,2,1,0
BRDA:58,3,0,0
BRDA:58,3,1,0
BRDA:70,4,0,0
BRDA:70,4,1,0
BRDA:85,5,0,0
BRDA:85,5,1,0
BRDA:91,6,0,0
BRDA:91,6,1,0
BRDA:91,7,0,0
BRDA:91,7,1,0
BRDA:101,8,0,0
BRDA:101,8,1,0
BRDA:111,9,0,0
BRDA:111,9,1,0
BRDA:116,10,0,0
BRDA:116,10,1,0
BRDA:116,11,0,0
BRDA:116,11,1,0
BRDA:126,12,0,0
BRDA:126,12,1,0
BRDA:131,13,0,0
BRDA:131,13,1,0
BRDA:131,14,0,0
BRDA:131,14,1,0
BRDA:150,15,0,0
BRDA:150,15,1,0
BRDA:151,16,0,0
BRDA:151,16,1,0
BRDA:163,17,0,0
BRDA:163,17,1,0
BRDA:165,18,0,0
BRDA:165,18,1,0
BRDA:165,19,0,0
BRDA:165,19,1,0
BRDA:165,19,2,0
BRDA:169,20,0,0
BRDA:169,20,1,0
BRDA:174,21,0,0
BRDA:174,21,1,0
BRDA:174,22,0,0
BRDA:174,22,1,0
BRDA:226,23,0,0
BRDA:226,23,1,0
BRDA:230,24,0,0
BRDA:230,24,1,0
BRDA:241,25,0,0
BRDA:241,25,1,0
BRDA:280,26,0,0
BRDA:280,26,1,0
BRDA:280,27,0,0
BRDA:280,27,1,0
BRDA:288,28,0,0
BRDA:288,28,1,0
BRDA:296,29,0,0
BRDA:296,29,1,0
BRDA:308,30,0,0
BRDA:308,30,1,0
BRDA:308,31,0,0
BRDA:308,31,1,0
BRDA:315,32,0,0
BRDA:315,32,1,0
BRDA:320,33,0,0
BRDA:320,33,1,0
BRDA:320,34,0,0
BRDA:320,34,1,0
BRDA:327,35,0,0
BRDA:327,35,1,0
BRDA:334,36,0,0
BRDA:334,36,1,0
BRDA:518,37,0,0
BRDA:519,38,0,0
BRDA:520,39,0,0
BRDA:551,40,0,0
BRDA:552,41,0,0
BRDA:553,42,0,0
BRDA:577,43,0,0
BRDA:577,43,1,0
BRDA:589,44,0,0
BRDA:589,44,1,0
BRF:85
BRH:0
end_of_record
TN:
SF:knexfile.js
FN:4,getDatabaseConfig
FNF:1
FNH:0
FNDA:0,getDatabaseConfig
DA:1,0
DA:6,0
DA:7,0
DA:8,0
DA:18,0
DA:27,0
LF:6
LH:0
BRDA:6,0,0,0
BRDA:6,0,1,0
BRDA:13,1,0,0
BRDA:13,1,1,0
BRDA:19,2,0,0
BRDA:19,2,1,0
BRDA:20,3,0,0
BRDA:20,3,1,0
BRDA:21,4,0,0
BRDA:21,4,1,0
BRDA:22,5,0,0
BRDA:22,5,1,0
BRDA:23,6,0,0
BRDA:23,6,1,0
BRDA:47,7,0,0
BRDA:47,7,1,0
BRDA:48,8,0,0
BRDA:48,8,1,0
BRDA:49,9,0,0
BRDA:49,9,1,0
BRDA:50,10,0,0
BRDA:50,10,1,0
BRDA:51,11,0,0
BRDA:51,11,1,0
BRF:24
BRH:0
end_of_record
TN:
SF:monitoring.js
FNF:0
FNH:0
DA:1,0
DA:2,0
DA:5,0
DA:8,0
DA:13,0
DA:15,0
LF:6
LH:0
BRF:0
BRH:0
end_of_record
TN:
SF:run-tests.js
FN:55,(anonymous_0)
FN:102,(anonymous_1)
FNF:2
FNH:0
FNDA:0,(anonymous_0)
FNDA:0,(anonymous_1)
DA:8,0
DA:9,0
DA:10,0
DA:12,0
DA:13,0
DA:14,0
DA:16,0
DA:49,0
DA:50,0
DA:51,0
DA:52,0
DA:54,0
DA:55,0
DA:56,0
DA:57,0
DA:59,0
DA:62,0
DA:63,0
DA:65,0
DA:70,0
DA:73,0
DA:74,0
DA:75,0
DA:77,0
DA:78,0
DA:79,0
DA:81,0
DA:89,0
DA:90,0
DA:98,0
DA:99,0
DA:100,0
DA:102,0
DA:103,0
DA:104,0
DA:105,0
DA:106,0
DA:107,0
DA:110,0
DA:111,0
DA:113,0
DA:116,0
DA:117,0
DA:118,0
DA:119,0
DA:122,0
DA:123,0
DA:124,0
DA:127,0
DA:128,0
DA:129,0
DA:134,0
DA:138,0
LF:53
LH:0
BRDA:77,0,0,0
BRDA:77,0,1,0
BRDA:78,1,0,0
BRDA:78,1,1,0
BRDA:79,2,0,0
BRDA:79,2,1,0
BRDA:83,3,0,0
BRDA:83,3,1,0
BRDA:104,4,0,0
BRDA:104,4,1,0
BRDA:106,5,0,0
BRDA:106,5,1,0
BRDA:110,6,0,0
BRDA:110,6,1,0
BRDA:120,7,0,0
BRDA:120,7,1,0
BRDA:123,8,0,0
BRDA:123,8,1,0
BRDA:138,9,0,0
BRDA:138,9,1,0
BRF:20
BRH:0
end_of_record
TN:
SF:run_sql.js
FN:4,runSQL
FN:24,(anonymous_1)
FN:76,(anonymous_2)
FN:113,(anonymous_3)
FNF:4
FNH:0
FNDA:0,runSQL
FNDA:0,(anonymous_1)
FNDA:0,(anonymous_2)
FNDA:0,(anonymous_3)
DA:1,0
DA:2,0
DA:5,0
DA:6,0
DA:7,0
DA:8,0
DA:10,0
DA:17,0
DA:18,0
DA:19,0
DA:20,0
DA:22,0
DA:23,0
DA:24,0
DA:26,0
DA:27,0
DA:42,0
DA:44,0
DA:47,0
DA:48,0
DA:49,0
DA:51,0
DA:55,0
DA:68,0
DA:70,0
DA:73,0
DA:75,0
DA:76,0
DA:77,0
DA:79,0
DA:80,0
DA:85,0
DA:87,0
DA:90,0
DA:93,0
DA:94,0
DA:99,0
DA:101,0
DA:104,0
DA:105,0
DA:109,0
DA:111,0
DA:112,0
DA:113,0
DA:115,0
DA:116,0
DA:117,0
DA:119,0
DA:122,0
DA:123,0
DA:125,0
DA:129,0
LF:52
LH:0
BRDA:6,0,0,0
BRDA:6,0,1,0
BRDA:7,1,0,0
BRDA:7,1,1,0
BRDA:8,2,0,0
BRDA:8,2,1,0
BRDA:11,3,0,0
BRDA:11,3,1,0
BRDA:12,4,0,0
BRDA:12,4,1,0
BRDA:13,5,0,0
BRDA:13,5,1,0
BRDA:14,6,0,0
BRDA:14,6,1,0
BRDA:79,7,0,0
BRDA:79,7,1,0
BRDA:115,8,0,0
BRDA:115,8,1,0
BRF:18
BRH:0
end_of_record
TN:
SF:setup-test-db.js
FN:4,createTestDatabase
FNF:1
FNH:0
FNDA:0,createTestDatabase
DA:1,0
DA:2,0
DA:7,0
DA:8,0
DA:16,0
DA:17,0
DA:20,0
DA:22,0
DA:31,0
DA:44,0
DA:53,0
DA:68,0
DA:78,0
DA:79,0
DA:81,0
DA:89,0
DA:91,0
DA:93,0
DA:94,0
DA:99,0
DA:100,0
DA:103,0
LF:22
LH:0
BRDA:9,0,0,0
BRDA:9,0,1,0
BRDA:10,1,0,0
BRDA:10,1,1,0
BRDA:11,2,0,0
BRDA:11,2,1,0
BRDA:12,3,0,0
BRDA:12,3,1,0
BRDA:23,4,0,0
BRDA:23,4,1,0
BRDA:24,5,0,0
BRDA:24,5,1,0
BRDA:25,6,0,0
BRDA:25,6,1,0
BRDA:27,7,0,0
BRDA:27,7,1,0
BRDA:93,8,0,0
BRDA:93,8,1,0
BRDA:99,9,0,0
BRDA:99,9,1,0
BRF:20
BRH:0
end_of_record
TN:
SF:simple_create.js
FN:4,createTables
FN:47,(anonymous_1)
FNF:2
FNH:0
FNDA:0,createTables
FNDA:0,(anonymous_1)
DA:1,0
DA:2,0
DA:5,0
DA:12,0
DA:13,0
DA:16,0
DA:17,0
DA:18,0
DA:22,0
DA:35,0
DA:38,0
DA:43,0
DA:46,0
DA:47,0
DA:49,0
DA:50,0
DA:52,0
DA:53,0
DA:54,0
DA:57,0
DA:59,0
DA:63,0
LF:22
LH:0
BRDA:6,0,0,0
BRDA:6,0,1,0
BRDA:7,1,0,0
BRDA:7,1,1,0
BRDA:8,2,0,0
BRDA:8,2,1,0
BRDA:9,3,0,0
BRDA:9,3,1,0
BRDA:52,4,0,0
BRDA:52,4,1,0
BRF:10
BRH:0
end_of_record
TN:
SF:ssl-config.js
FN:11,(anonymous_0)
FN:20,(anonymous_1)
FN:30,(anonymous_2)
FN:105,(anonymous_3)
FN:134,(anonymous_4)
FN:159,(anonymous_5)
FNF:6
FNH:0
FNDA:0,(anonymous_0)
FNDA:0,(anonymous_1)
FNDA:0,(anonymous_2)
FNDA:0,(anonymous_3)
FNDA:0,(anonymous_4)
FNDA:0,(anonymous_5)
DA:6,0
DA:7,0
DA:8,0
DA:12,0
DA:13,0
DA:14,0
DA:21,0
DA:22,0
DA:23,0
DA:31,0
DA:32,0
DA:35,0
DA:49,0
DA:84,0
DA:85,0
DA:87,0
DA:88,0
DA:92,0
DA:97,0
DA:98,0
DA:106,0
DA:107,0
DA:112,0
DA:113,0
DA:114,0
DA:115,0
DA:118,0
DA:119,0
DA:120,0
DA:123,0
DA:125,0
DA:126,0
DA:127,0
DA:135,0
DA:137,0
DA:138,0
DA:141,0
DA:160,0
DA:161,0
DA:162,0
DA:164,0
DA:165,0
DA:166,0
DA:168,0
DA:169,0
DA:171,0
DA:172,0
DA:173,0
DA:174,0
DA:176,0
DA:177,0
DA:178,0
DA:180,0
DA:181,0
DA:182,0
DA:184,0
DA:188,0
DA:191,0
DA:192,0
LF:59
LH:0
BRDA:21,0,0,0
BRDA:21,0,1,0
BRDA:112,1,0,0
BRDA:112,1,1,0
BRDA:112,2,0,0
BRDA:112,2,1,0
BRDA:137,3,0,0
BRDA:137,3,1,0
BRDA:191,4,0,0
BRDA:191,4,1,0
BRF:10
BRH:0
end_of_record
TN:
SF:swagger.js
FNF:0
FNH:0
DA:1,0
DA:3,0
DA:148,0
DA:150,0
LF:4
LH:0
BRF:0
BRH:0
end_of_record
TN:
SF:test-db-connection.js
FN:4,testConnection
FN:25,(anonymous_1)
FNF:2
FNH:0
FNDA:0,testConnection
FNDA:0,(anonymous_1)
DA:1,0
DA:2,0
DA:5,0
DA:6,0
DA:7,0
DA:8,0
DA:9,0
DA:10,0
DA:12,0
DA:14,0
DA:21,0
DA:24,0
DA:25,0
DA:27,0
DA:28,0
DA:30,0
DA:31,0
DA:32,0
DA:33,0
DA:36,0
DA:39,0
DA:47,0
DA:48,0
DA:50,0
DA:52,0
DA:53,0
DA:54,0
DA:55,0
DA:56,0
DA:61,0
LF:30
LH:0
BRDA:8,0,0,0
BRDA:8,0,1,0
BRDA:15,1,0,0
BRDA:15,1,1,0
BRDA:16,2,0,0
BRDA:16,2,1,0
BRDA:17,3,0,0
BRDA:17,3,1,0
BRDA:18,4,0,0
BRDA:18,4,1,0
BRDA:27,5,0,0
BRDA:27,5,1,0
BRDA:40,6,0,0
BRDA:40,6,1,0
BRDA:41,7,0,0
BRDA:41,7,1,0
BRDA:42,8,0,0
BRDA:42,8,1,0
BRDA:43,9,0,0
BRDA:43,9,1,0
BRDA:44,10,0,0
BRDA:44,10,1,0
BRDA:52,11,0,0
BRDA:52,11,1,0
BRF:24
BRH:0
end_of_record
TN:
SF:test_db.js
FN:4,testDatabase
FNF:1
FNH:0
FNDA:0,testDatabase
DA:1,0
DA:2,0
DA:5,0
DA:12,0
DA:13,0
DA:16,0
DA:17,0
DA:19,0
DA:20,0
DA:23,0
DA:27,0
DA:28,0
DA:31,0
DA:32,0
DA:35,0
DA:36,0
DA:39,0
DA:40,0
DA:43,0
DA:98,0
DA:99,0
DA:120,0
DA:123,0
DA:126,0
DA:130,0
DA:131,0
DA:133,0
DA:135,0
DA:136,0
DA:140,0
LF:30
LH:0
BRDA:6,0,0,0
BRDA:6,0,1,0
BRDA:7,1,0,0
BRDA:7,1,1,0
BRDA:8,2,0,0
BRDA:8,2,1,0
BRDA:9,3,0,0
BRDA:9,3,1,0
BRDA:19,4,0,0
BRDA:19,4,1,0
BRDA:35,5,0,0
BRDA:35,5,1,0
BRDA:40,6,0,0
BRDA:40,6,1,0
BRF:14
BRH:0
end_of_record
TN:
SF:validate-system.js
FN:31,validateSystem
FN:54,(anonymous_1)
FN:71,(anonymous_2)
FN:114,(anonymous_3)
FN:118,(anonymous_4)
FNF:5
FNH:0
FNDA:0,validateSystem
FNDA:0,(anonymous_1)
FNDA:0,(anonymous_2)
FNDA:0,(anonymous_3)
FNDA:0,(anonymous_4)
DA:1,0
DA:2,0
DA:4,0
DA:22,0
DA:32,0
DA:34,0
DA:42,0
DA:43,0
DA:45,0
DA:47,0
DA:48,0
DA:49,0
DA:52,0
DA:53,0
DA:54,0
DA:56,0
DA:57,0
DA:58,0
DA:60,0
DA:61,0
DA:64,0
DA:67,0
DA:68,0
DA:70,0
DA:71,0
DA:72,0
DA:73,0
DA:75,0
DA:76,0
DA:79,0
DA:82,0
DA:83,0
DA:84,0
DA:85,0
DA:86,0
DA:88,0
DA:89,0
DA:92,0
DA:95,0
DA:96,0
DA:97,0
DA:98,0
DA:100,0
DA:101,0
DA:103,0
DA:106,0
DA:107,0
DA:108,0
DA:109,0
DA:111,0
DA:112,0
DA:113,0
DA:114,0
DA:116,0
DA:117,0
DA:118,0
DA:121,0
DA:123,0
DA:125,0
DA:126,0
DA:128,0
DA:132,0
LF:62
LH:0
BRDA:57,0,0,0
BRDA:57,0,1,0
BRDA:72,1,0,0
BRDA:72,1,1,0
BRDA:85,2,0,0
BRDA:85,2,1,0
BRDA:97,3,0,0
BRDA:97,3,1,0
BRDA:107,4,0,0
BRDA:107,4,1,0
BRDA:107,5,0,0
BRDA:107,5,1,0
BRDA:111,6,0,0
BRDA:111,6,1,0
BRDA:116,7,0,0
BRDA:116,7,1,0
BRDA:123,8,0,0
BRDA:123,8,1,0
BRDA:128,9,0,0
BRDA:128,9,1,0
BRF:20
BRH:0
end_of_record
TN:
SF:__tests__\controllers-expanded.test.js
FN:18,(anonymous_0)
FN:19,(anonymous_1)
FN:23,(anonymous_2)
FN:37,(anonymous_3)
FN:47,(anonymous_4)
FN:56,(anonymous_5)
FN:57,(anonymous_6)
FN:61,(anonymous_7)
FN:72,(anonymous_8)
FN:73,(anonymous_9)
FN:77,(anonymous_10)
FN:88,(anonymous_11)
FN:89,(anonymous_12)
FN:93,(anonymous_13)
FNF:14
FNH:0
FNDA:0,(anonymous_0)
FNDA:0,(anonymous_1)
FNDA:0,(anonymous_2)
FNDA:0,(anonymous_3)
FNDA:0,(anonymous_4)
FNDA:0,(anonymous_5)
FNDA:0,(anonymous_6)
FNDA:0,(anonymous_7)
FNDA:0,(anonymous_8)
FNDA:0,(anonymous_9)
FNDA:0,(anonymous_10)
FNDA:0,(anonymous_11)
FNDA:0,(anonymous_12)
FNDA:0,(anonymous_13)
DA:1,0
DA:2,0
DA:3,0
DA:4,0
DA:5,0
DA:6,0
DA:9,0
DA:14,0
DA:15,0
DA:16,0
DA:18,0
DA:19,0
DA:20,0
DA:23,0
DA:24,0
DA:28,0
DA:29,0
DA:31,0
DA:32,0
DA:37,0
DA:38,0
DA:40,0
DA:41,0
DA:43,0
DA:44,0
DA:47,0
DA:48,0
DA:49,0
DA:51,0
DA:52,0
DA:56,0
DA:57,0
DA:58,0
DA:61,0
DA:62,0
DA:64,0
DA:65,0
DA:67,0
DA:68,0
DA:72,0
DA:73,0
DA:74,0
DA:77,0
DA:78,0
DA:80,0
DA:81,0
DA:83,0
DA:84,0
DA:88,0
DA:89,0
DA:90,0
DA:93,0
DA:94,0
DA:96,0
DA:97,0
DA:99,0
DA:100,0
LF:57
LH:0
BRF:0
BRH:0
end_of_record
TN:
SF:__tests__\exhaustive-complete.test.js
FN:37,(anonymous_0)
FN:38,(anonymous_1)
FN:42,(anonymous_2)
FN:43,(anonymous_3)
FN:76,(anonymous_4)
FN:93,(anonymous_5)
FN:110,(anonymous_6)
FN:111,(anonymous_7)
FN:115,(anonymous_8)
FN:116,(anonymous_9)
FN:140,(anonymous_10)
FN:157,(anonymous_11)
FN:158,(anonymous_12)
FN:177,(anonymous_13)
FN:194,(anonymous_14)
FN:212,(anonymous_15)
FN:213,(anonymous_16)
FN:233,(anonymous_17)
FN:234,(anonymous_18)
FN:251,(anonymous_19)
FN:252,(anonymous_20)
FN:270,(anonymous_21)
FN:279,(anonymous_22)
FN:283,(anonymous_23)
FN:284,(anonymous_24)
FN:285,(anonymous_25)
FN:312,(anonymous_26)
FN:335,(anonymous_27)
FN:357,(anonymous_28)
FN:376,(anonymous_29)
FN:377,(anonymous_30)
FN:382,(anonymous_31)
FN:406,(anonymous_32)
FN:434,(anonymous_33)
FN:451,(anonymous_34)
FN:452,(anonymous_35)
FN:456,(anonymous_36)
FN:472,(anonymous_37)
FN:495,(anonymous_38)
FN:514,(anonymous_39)
FN:515,(anonymous_40)
FN:519,(anonymous_41)
FN:535,(anonymous_42)
FN:556,(anonymous_43)
FN:573,(anonymous_44)
FN:590,(anonymous_45)
FN:591,(anonymous_46)
FN:595,(anonymous_47)
FN:611,(anonymous_48)
FN:633,(anonymous_49)
FN:650,(anonymous_50)
FN:666,(anonymous_51)
FN:682,(anonymous_52)
FN:700,(anonymous_53)
FN:701,(anonymous_54)
FN:705,(anonymous_55)
FN:721,(anonymous_56)
FN:737,(anonymous_57)
FN:753,(anonymous_58)
FN:771,(anonymous_59)
FNF:60
FNH:0
FNDA:0,(anonymous_0)
FNDA:0,(anonymous_1)
FNDA:0,(anonymous_2)
FNDA:0,(anonymous_3)
FNDA:0,(anonymous_4)
FNDA:0,(anonymous_5)
FNDA:0,(anonymous_6)
FNDA:0,(anonymous_7)
FNDA:0,(anonymous_8)
FNDA:0,(anonymous_9)
FNDA:0,(anonymous_10)
FNDA:0,(anonymous_11)
FNDA:0,(anonymous_12)
FNDA:0,(anonymous_13)
FNDA:0,(anonymous_14)
FNDA:0,(anonymous_15)
FNDA:0,(anonymous_16)
FNDA:0,(anonymous_17)
FNDA:0,(anonymous_18)
FNDA:0,(anonymous_19)
FNDA:0,(anonymous_20)
FNDA:0,(anonymous_21)
FNDA:0,(anonymous_22)
FNDA:0,(anonymous_23)
FNDA:0,(anonymous_24)
FNDA:0,(anonymous_25)
FNDA:0,(anonymous_26)
FNDA:0,(anonymous_27)
FNDA:0,(anonymous_28)
FNDA:0,(anonymous_29)
FNDA:0,(anonymous_30)
FNDA:0,(anonymous_31)
FNDA:0,(anonymous_32)
FNDA:0,(anonymous_33)
FNDA:0,(anonymous_34)
FNDA:0,(anonymous_35)
FNDA:0,(anonymous_36)
FNDA:0,(anonymous_37)
FNDA:0,(anonymous_38)
FNDA:0,(anonymous_39)
FNDA:0,(anonymous_40)
FNDA:0,(anonymous_41)
FNDA:0,(anonymous_42)
FNDA:0,(anonymous_43)
FNDA:0,(anonymous_44)
FNDA:0,(anonymous_45)
FNDA:0,(anonymous_46)
FNDA:0,(anonymous_47)
FNDA:0,(anonymous_48)
FNDA:0,(anonymous_49)
FNDA:0,(anonymous_50)
FNDA:0,(anonymous_51)
FNDA:0,(anonymous_52)
FNDA:0,(anonymous_53)
FNDA:0,(anonymous_54)
FNDA:0,(anonymous_55)
FNDA:0,(anonymous_56)
FNDA:0,(anonymous_57)
FNDA:0,(anonymous_58)
FNDA:0,(anonymous_59)
DA:6,0
DA:7,0
DA:8,0
DA:11,0
DA:16,0
DA:24,0
DA:25,0
DA:28,0
DA:29,0
DA:30,0
DA:31,0
DA:32,0
DA:33,0
DA:34,0
DA:35,0
DA:37,0
DA:38,0
DA:39,0
DA:42,0
DA:43,0
DA:44,0
DA:45,0
DA:57,0
DA:61,0
DA:66,0
DA:68,0
DA:76,0
DA:77,0
DA:79,0
DA:83,0
DA:88,0
DA:90,0
DA:93,0
DA:94,0
DA:98,0
DA:103,0
DA:105,0
DA:110,0
DA:111,0
DA:112,0
DA:115,0
DA:116,0
DA:117,0
DA:119,0
DA:130,0
DA:135,0
DA:137,0
DA:140,0
DA:141,0
DA:146,0
DA:151,0
DA:153,0
DA:157,0
DA:158,0
DA:159,0
DA:163,0
DA:167,0
DA:171,0
DA:173,0
DA:174,0
DA:177,0
DA:178,0
DA:180,0
DA:184,0
DA:189,0
DA:191,0
DA:194,0
DA:195,0
DA:197,0
DA:201,0
DA:206,0
DA:208,0
DA:212,0
DA:213,0
DA:214,0
DA:216,0
DA:221,0
DA:225,0
DA:227,0
DA:233,0
DA:234,0
DA:235,0
DA:237,0
DA:241,0
DA:245,0
DA:247,0
DA:251,0
DA:252,0
DA:253,0
DA:255,0
DA:259,0
DA:263,0
DA:265,0
DA:270,0
DA:271,0
DA:279,0
DA:280,0
DA:283,0
DA:284,0
DA:285,0
DA:286,0
DA:288,0
DA:298,0
DA:303,0
DA:305,0
DA:306,0
DA:308,0
DA:312,0
DA:313,0
DA:315,0
DA:321,0
DA:326,0
DA:328,0
DA:329,0
DA:331,0
DA:335,0
DA:336,0
DA:338,0
DA:343,0
DA:348,0
DA:350,0
DA:351,0
DA:353,0
DA:357,0
DA:358,0
DA:360,0
DA:364,0
DA:368,0
DA:370,0
DA:376,0
DA:377,0
DA:378,0
DA:379,0
DA:382,0
DA:383,0
DA:389,0
DA:396,0
DA:401,0
DA:403,0
DA:406,0
DA:407,0
DA:412,0
DA:419,0
DA:424,0
DA:426,0
DA:427,0
DA:434,0
DA:435,0
DA:437,0
DA:441,0
DA:445,0
DA:447,0
DA:451,0
DA:452,0
DA:453,0
DA:456,0
DA:457,0
DA:458,0
DA:462,0
DA:464,0
DA:472,0
DA:473,0
DA:474,0
DA:475,0
DA:477,0
DA:485,0
DA:490,0
DA:492,0
DA:495,0
DA:496,0
DA:503,0
DA:508,0
DA:510,0
DA:514,0
DA:515,0
DA:516,0
DA:519,0
DA:520,0
DA:522,0
DA:526,0
DA:530,0
DA:532,0
DA:535,0
DA:536,0
DA:538,0
DA:546,0
DA:551,0
DA:553,0
DA:556,0
DA:557,0
DA:559,0
DA:564,0
DA:568,0
DA:570,0
DA:573,0
DA:574,0
DA:576,0
DA:580,0
DA:584,0
DA:586,0
DA:590,0
DA:591,0
DA:592,0
DA:595,0
DA:596,0
DA:598,0
DA:602,0
DA:606,0
DA:608,0
DA:611,0
DA:612,0
DA:614,0
DA:623,0
DA:628,0
DA:630,0
DA:633,0
DA:634,0
DA:636,0
DA:641,0
DA:645,0
DA:647,0
DA:650,0
DA:651,0
DA:653,0
DA:657,0
DA:661,0
DA:663,0
DA:666,0
DA:667,0
DA:669,0
DA:673,0
DA:677,0
DA:679,0
DA:682,0
DA:683,0
DA:685,0
DA:690,0
DA:694,0
DA:696,0
DA:700,0
DA:701,0
DA:702,0
DA:705,0
DA:706,0
DA:708,0
DA:712,0
DA:716,0
DA:718,0
DA:721,0
DA:722,0
DA:724,0
DA:728,0
DA:732,0
DA:734,0
DA:737,0
DA:738,0
DA:740,0
DA:744,0
DA:748,0
DA:750,0
DA:753,0
DA:754,0
DA:756,0
DA:760,0
DA:764,0
DA:766,0
DA:771,0
DA:772,0
DA:773,0
DA:774,0
DA:775,0
DA:776,0
DA:777,0
DA:778,0
DA:779,0
DA:780,0
DA:781,0
DA:782,0
DA:783,0
LF:279
LH:0
BRDA:285,0,0,0
BRDA:285,0,1,0
BRDA:305,1,0,0
BRDA:305,1,1,0
BRDA:312,2,0,0
BRDA:312,2,1,0
BRDA:328,3,0,0
BRDA:328,3,1,0
BRDA:335,4,0,0
BRDA:335,4,1,0
BRDA:350,5,0,0
BRDA:350,5,1,0
BRF:12
BRH:0
end_of_record
TN:
SF:__tests__\system-comprehensive.test.js
FN:30,(anonymous_0)
FN:33,(anonymous_1)
FN:40,(anonymous_2)
FN:44,(anonymous_3)
FN:45,(anonymous_4)
FN:70,(anonymous_5)
FN:91,(anonymous_6)
FN:111,(anonymous_7)
FN:131,(anonymous_8)
FN:161,(anonymous_9)
FN:188,(anonymous_10)
FN:189,(anonymous_11)
FN:193,(anonymous_12)
FN:194,(anonymous_13)
FN:216,(anonymous_14)
FN:243,(anonymous_15)
FN:272,(anonymous_16)
FN:273,(anonymous_17)
FN:297,(anonymous_18)
FN:318,(anonymous_19)
FN:319,(anonymous_20)
FN:341,(anonymous_21)
FN:350,(anonymous_22)
FN:351,(anonymous_23)
FN:352,(anonymous_24)
FN:382,(anonymous_25)
FN:383,(anonymous_26)
FN:390,(anonymous_27)
FN:398,(anonymous_28)
FN:399,(anonymous_29)
FN:412,(anonymous_30)
FNF:31
FNH:0
FNDA:0,(anonymous_0)
FNDA:0,(anonymous_1)
FNDA:0,(anonymous_2)
FNDA:0,(anonymous_3)
FNDA:0,(anonymous_4)
FNDA:0,(anonymous_5)
FNDA:0,(anonymous_6)
FNDA:0,(anonymous_7)
FNDA:0,(anonymous_8)
FNDA:0,(anonymous_9)
FNDA:0,(anonymous_10)
FNDA:0,(anonymous_11)
FNDA:0,(anonymous_12)
FNDA:0,(anonymous_13)
FNDA:0,(anonymous_14)
FNDA:0,(anonymous_15)
FNDA:0,(anonymous_16)
FNDA:0,(anonymous_17)
FNDA:0,(anonymous_18)
FNDA:0,(anonymous_19)
FNDA:0,(anonymous_20)
FNDA:0,(anonymous_21)
FNDA:0,(anonymous_22)
FNDA:0,(anonymous_23)
FNDA:0,(anonymous_24)
FNDA:0,(anonymous_25)
FNDA:0,(anonymous_26)
FNDA:0,(anonymous_27)
FNDA:0,(anonymous_28)
FNDA:0,(anonymous_29)
FNDA:0,(anonymous_30)
DA:6,0
DA:7,0
DA:10,0
DA:11,0
DA:12,0
DA:15,0
DA:21,0
DA:24,0
DA:27,0
DA:28,0
DA:30,0
DA:33,0
DA:35,0
DA:36,0
DA:37,0
DA:40,0
DA:41,0
DA:44,0
DA:45,0
DA:46,0
DA:56,0
DA:61,0
DA:63,0
DA:64,0
DA:70,0
DA:71,0
DA:77,0
DA:82,0
DA:84,0
DA:85,0
DA:91,0
DA:92,0
DA:97,0
DA:102,0
DA:104,0
DA:105,0
DA:111,0
DA:112,0
DA:116,0
DA:120,0
DA:125,0
DA:127,0
DA:128,0
DA:131,0
DA:132,0
DA:136,0
DA:146,0
DA:151,0
DA:153,0
DA:154,0
DA:161,0
DA:162,0
DA:166,0
DA:176,0
DA:181,0
DA:183,0
DA:188,0
DA:189,0
DA:190,0
DA:193,0
DA:194,0
DA:195,0
DA:203,0
DA:208,0
DA:210,0
DA:211,0
DA:216,0
DA:217,0
DA:219,0
DA:230,0
DA:235,0
DA:237,0
DA:238,0
DA:243,0
DA:244,0
DA:246,0
DA:256,0
DA:261,0
DA:263,0
DA:264,0
DA:272,0
DA:273,0
DA:274,0
DA:276,0
DA:285,0
DA:290,0
DA:292,0
DA:297,0
DA:298,0
DA:304,0
DA:309,0
DA:311,0
DA:312,0
DA:318,0
DA:319,0
DA:320,0
DA:322,0
DA:327,0
DA:332,0
DA:334,0
DA:341,0
DA:342,0
DA:350,0
DA:351,0
DA:352,0
DA:353,0
DA:355,0
DA:365,0
DA:370,0
DA:372,0
DA:373,0
DA:375,0
DA:382,0
DA:383,0
DA:384,0
DA:385,0
DA:386,0
DA:387,0
DA:390,0
DA:391,0
DA:392,0
DA:393,0
DA:394,0
DA:398,0
DA:399,0
DA:401,0
DA:402,0
DA:404,0
DA:405,0
DA:406,0
DA:407,0
DA:412,0
DA:413,0
DA:414,0
DA:415,0
DA:416,0
DA:417,0
DA:418,0
DA:419,0
DA:420,0
DA:421,0
LF:141
LH:0
BRDA:352,0,0,0
BRDA:352,0,1,0
BRDA:372,1,0,0
BRDA:372,1,1,0
BRF:4
BRH:0
end_of_record
TN:
SF:config\constants.js
FNF:0
FNH:0
DA:2,0
DA:9,0
DA:15,0
DA:19,0
DA:24,0
DA:29,0
DA:33,0
DA:38,0
DA:46,0
LF:9
LH:0
BRF:0
BRH:0
end_of_record
TN:
SF:config\documentTypes.js
FNF:0
FNH:0
DA:1,0
LF:1
LH:0
BRF:0
BRH:0
end_of_record
TN:
SF:config\mfa.js
FN:1,(anonymous_0)
FNF:1
FNH:0
FNDA:0,(anonymous_0)
DA:1,0
DA:2,0
DA:3,0
DA:4,0
DA:5,0
DA:8,0
LF:6
LH:0
BRDA:2,0,0,0
BRDA:2,0,1,0
BRDA:3,1,0,0
BRDA:3,1,1,0
BRDA:4,2,0,0
BRDA:4,2,1,0
BRDA:4,3,0,0
BRDA:4,3,1,0
BRF:8
BRH:0
end_of_record
TN:
SF:config\roles.js
FN:24,(anonymous_0)
FNF:1
FNH:0
FNDA:0,(anonymous_0)
DA:2,0
DA:13,0
DA:24,0
DA:25,0
DA:28,0
LF:5
LH:0
BRF:0
BRH:0
end_of_record
TN:
SF:controllers\adminController.js
FN:9,(anonymous_0)
FN:32,(anonymous_1)
FN:72,(anonymous_2)
FN:107,(anonymous_3)
FN:137,(anonymous_4)
FN:162,(anonymous_5)
FN:167,(anonymous_6)
FN:226,(anonymous_7)
FN:285,(anonymous_8)
FN:313,(anonymous_9)
FN:338,(anonymous_10)
FN:422,(anonymous_11)
FN:432,(anonymous_12)
FN:448,(anonymous_13)
FN:467,(anonymous_14)
FN:487,(anonymous_15)
FN:559,(anonymous_16)
FN:609,(anonymous_17)
FN:621,(anonymous_18)
FN:678,(anonymous_19)
FN:690,(anonymous_20)
FN:778,(anonymous_21)
FN:810,(anonymous_22)
FN:847,(anonymous_23)
FN:929,(anonymous_24)
FN:946,(anonymous_25)
FN:1004,(anonymous_26)
FN:1030,(anonymous_27)
FN:1082,(anonymous_28)
FN:1108,(anonymous_29)
FN:1161,(anonymous_30)
FN:1185,(anonymous_31)
FN:1239,(anonymous_32)
FN:1264,(anonymous_33)
FN:1280,(anonymous_34)
FN:1352,(anonymous_35)
FN:1385,(anonymous_36)
FN:1402,(anonymous_37)
FN:1419,(anonymous_38)
FN:1452,(anonymous_39)
FN:1490,(anonymous_40)
FN:1509,(anonymous_41)
FN:1531,(anonymous_42)
FN:1546,(anonymous_43)
FNF:44
FNH:0
FNDA:0,(anonymous_0)
FNDA:0,(anonymous_1)
FNDA:0,(anonymous_2)
FNDA:0,(anonymous_3)
FNDA:0,(anonymous_4)
FNDA:0,(anonymous_5)
FNDA:0,(anonymous_6)
FNDA:0,(anonymous_7)
FNDA:0,(anonymous_8)
FNDA:0,(anonymous_9)
FNDA:0,(anonymous_10)
FNDA:0,(anonymous_11)
FNDA:0,(anonymous_12)
FNDA:0,(anonymous_13)
FNDA:0,(anonymous_14)
FNDA:0,(anonymous_15)
FNDA:0,(anonymous_16)
FNDA:0,(anonymous_17)
FNDA:0,(anonymous_18)
FNDA:0,(anonymous_19)
FNDA:0,(anonymous_20)
FNDA:0,(anonymous_21)
FNDA:0,(anonymous_22)
FNDA:0,(anonymous_23)
FNDA:0,(anonymous_24)
FNDA:0,(anonymous_25)
FNDA:0,(anonymous_26)
FNDA:0,(anonymous_27)
FNDA:0,(anonymous_28)
FNDA:0,(anonymous_29)
FNDA:0,(anonymous_30)
FNDA:0,(anonymous_31)
FNDA:0,(anonymous_32)
FNDA:0,(anonymous_33)
FNDA:0,(anonymous_34)
FNDA:0,(anonymous_35)
FNDA:0,(anonymous_36)
FNDA:0,(anonymous_37)
FNDA:0,(anonymous_38)
FNDA:0,(anonymous_39)
FNDA:0,(anonymous_40)
FNDA:0,(anonymous_41)
FNDA:0,(anonymous_42)
FNDA:0,(anonymous_43)
DA:1,0
DA:2,0
DA:3,0
DA:4,0
DA:5,0
DA:6,0
DA:9,0
DA:10,0
DA:11,0
DA:25,0
DA:27,0
DA:28,0
DA:32,0
DA:42,0
DA:44,0
DA:45,0
DA:46,0
DA:48,0
DA:49,0
DA:51,0
DA:52,0
DA:55,0
DA:65,0
DA:67,0
DA:68,0
DA:72,0
DA:73,0
DA:74,0
DA:76,0
DA:77,0
DA:78,0
DA:79,0
DA:81,0
DA:82,0
DA:85,0
DA:89,0
DA:90,0
DA:91,0
DA:92,0
DA:93,0
DA:95,0
DA:96,0
DA:99,0
DA:100,0
DA:102,0
DA:103,0
DA:107,0
DA:108,0
DA:110,0
DA:112,0
DA:115,0
DA:116,0
DA:118,0
DA:120,0
DA:121,0
DA:128,0
DA:129,0
DA:131,0
DA:132,0
DA:137,0
DA:138,0
DA:139,0
DA:154,0
DA:156,0
DA:157,0
DA:162,0
DA:163,0
DA:164,0
DA:167,0
DA:177,0
DA:179,0
DA:180,0
DA:181,0
DA:183,0
DA:184,0
DA:185,0
DA:186,0
DA:191,0
DA:193,0
DA:197,0
DA:198,0
DA:203,0
DA:204,0
DA:209,0
DA:219,0
DA:221,0
DA:222,0
DA:226,0
DA:227,0
DA:228,0
DA:230,0
DA:232,0
DA:235,0
DA:236,0
DA:238,0
DA:240,0
DA:241,0
DA:247,0
DA:248,0
DA:250,0
DA:251,0
DA:252,0
DA:253,0
DA:259,0
DA:260,0
DA:261,0
DA:264,0
DA:273,0
DA:274,0
DA:277,0
DA:278,0
DA:280,0
DA:281,0
DA:285,0
DA:286,0
DA:288,0
DA:290,0
DA:293,0
DA:294,0
DA:296,0
DA:298,0
DA:299,0
DA:304,0
DA:305,0
DA:307,0
DA:308,0
DA:313,0
DA:314,0
DA:315,0
DA:331,0
DA:333,0
DA:334,0
DA:338,0
DA:339,0
DA:340,0
DA:342,0
DA:344,0
DA:345,0
DA:347,0
DA:353,0
DA:357,0
DA:368,0
DA:373,0
DA:374,0
DA:384,0
DA:390,0
DA:391,0
DA:392,0
DA:394,0
DA:395,0
DA:404,0
DA:406,0
DA:407,0
DA:413,0
DA:414,0
DA:416,0
DA:417,0
DA:418,0
DA:422,0
DA:423,0
DA:424,0
DA:425,0
DA:427,0
DA:428,0
DA:432,0
DA:433,0
DA:434,0
DA:435,0
DA:441,0
DA:443,0
DA:444,0
DA:448,0
DA:449,0
DA:450,0
DA:451,0
DA:452,0
DA:460,0
DA:462,0
DA:463,0
DA:467,0
DA:468,0
DA:469,0
DA:471,0
DA:472,0
DA:473,0
DA:477,0
DA:478,0
DA:480,0
DA:481,0
DA:487,0
DA:488,0
DA:489,0
DA:502,0
DA:507,0
DA:508,0
DA:509,0
DA:515,0
DA:517,0
DA:521,0
DA:526,0
DA:527,0
DA:554,0
DA:555,0
DA:559,0
DA:560,0
DA:561,0
DA:571,0
DA:575,0
DA:579,0
DA:587,0
DA:594,0
DA:595,0
DA:609,0
DA:616,0
DA:617,0
DA:621,0
DA:622,0
DA:623,0
DA:631,0
DA:635,0
DA:639,0
DA:643,0
DA:652,0
DA:653,0
DA:654,0
DA:663,0
DA:665,0
DA:668,0
DA:669,0
DA:678,0
DA:685,0
DA:686,0
DA:690,0
DA:691,0
DA:692,0
DA:703,0
DA:711,0
DA:715,0
DA:723,0
DA:731,0
DA:740,0
DA:741,0
DA:742,0
DA:773,0
DA:774,0
DA:778,0
DA:779,0
DA:780,0
DA:781,0
DA:782,0
DA:783,0
DA:784,0
DA:785,0
DA:787,0
DA:790,0
DA:791,0
DA:792,0
DA:796,0
DA:799,0
DA:800,0
DA:801,0
DA:802,0
DA:803,0
DA:804,0
DA:806,0
DA:810,0
DA:816,0
DA:842,0
DA:843,0
DA:847,0
DA:848,0
DA:849,0
DA:856,0
DA:858,0
DA:859,0
DA:868,0
DA:870,0
DA:875,0
DA:879,0
DA:880,0
DA:881,0
DA:887,0
DA:891,0
DA:892,0
DA:893,0
DA:900,0
DA:904,0
DA:905,0
DA:906,0
DA:911,0
DA:914,0
DA:915,0
DA:929,0
DA:941,0
DA:942,0
DA:946,0
DA:947,0
DA:948,0
DA:949,0
DA:951,0
DA:952,0
DA:953,0
DA:954,0
DA:955,0
DA:957,0
DA:958,0
DA:959,0
DA:961,0
DA:962,0
DA:963,0
DA:964,0
DA:965,0
DA:967,0
DA:968,0
DA:969,0
DA:972,0
DA:974,0
DA:987,0
DA:992,0
DA:1004,0
DA:1025,0
DA:1026,0
DA:1030,0
DA:1031,0
DA:1032,0
DA:1033,0
DA:1035,0
DA:1036,0
DA:1037,0
DA:1038,0
DA:1039,0
DA:1041,0
DA:1042,0
DA:1043,0
DA:1045,0
DA:1046,0
DA:1047,0
DA:1049,0
DA:1050,0
DA:1053,0
DA:1056,0
DA:1058,0
DA:1067,0
DA:1072,0
DA:1082,0
DA:1103,0
DA:1104,0
DA:1108,0
DA:1109,0
DA:1110,0
DA:1111,0
DA:1113,0
DA:1114,0
DA:1115,0
DA:1116,0
DA:1117,0
DA:1119,0
DA:1120,0
DA:1121,0
DA:1123,0
DA:1124,0
DA:1125,0
DA:1127,0
DA:1128,0
DA:1131,0
DA:1134,0
DA:1136,0
DA:1146,0
DA:1151,0
DA:1161,0
DA:1180,0
DA:1181,0
DA:1185,0
DA:1186,0
DA:1187,0
DA:1188,0
DA:1190,0
DA:1191,0
DA:1192,0
DA:1193,0
DA:1194,0
DA:1196,0
DA:1197,0
DA:1198,0
DA:1200,0
DA:1201,0
DA:1202,0
DA:1204,0
DA:1205,0
DA:1208,0
DA:1211,0
DA:1213,0
DA:1223,0
DA:1228,0
DA:1239,0
DA:1259,0
DA:1260,0
DA:1264,0
DA:1265,0
DA:1266,0
DA:1268,0
DA:1269,0
DA:1271,0
DA:1272,0
DA:1277,0
DA:1280,0
DA:1281,0
DA:1282,0
DA:1283,0
DA:1284,0
DA:1285,0
DA:1286,0
DA:1287,0
DA:1288,0
DA:1291,0
DA:1292,0
DA:1293,0
DA:1300,0
DA:1302,0
DA:1303,0
DA:1304,0
DA:1305,0
DA:1306,0
DA:1307,0
DA:1308,0
DA:1310,0
DA:1311,0
DA:1312,0
DA:1313,0
DA:1314,0
DA:1315,0
DA:1317,0
DA:1318,0
DA:1319,0
DA:1320,0
DA:1321,0
DA:1324,0
DA:1325,0
DA:1327,0
DA:1329,0
DA:1330,0
DA:1333,0
DA:1334,0
DA:1335,0
DA:1336,0
DA:1337,0
DA:1338,0
DA:1341,0
DA:1342,0
DA:1343,0
DA:1344,0
DA:1345,0
DA:1346,0
DA:1347,0
DA:1349,0
DA:1350,0
DA:1352,0
DA:1354,0
DA:1355,0
DA:1356,0
DA:1359,0
DA:1360,0
DA:1361,0
DA:1362,0
DA:1364,0
DA:1366,0
DA:1367,0
DA:1368,0
DA:1374,0
DA:1375,0
DA:1376,0
DA:1377,0
DA:1378,0
DA:1380,0
DA:1383,0
DA:1384,0
DA:1385,0
DA:1386,0
DA:1388,0
DA:1389,0
DA:1390,0
DA:1393,0
DA:1394,0
DA:1395,0
DA:1397,0
DA:1400,0
DA:1401,0
DA:1402,0
DA:1403,0
DA:1405,0
DA:1406,0
DA:1407,0
DA:1410,0
DA:1411,0
DA:1412,0
DA:1414,0
DA:1417,0
DA:1418,0
DA:1419,0
DA:1420,0
DA:1422,0
DA:1423,0
DA:1424,0
DA:1425,0
DA:1426,0
DA:1427,0
DA:1428,0
DA:1430,0
DA:1431,0
DA:1434,0
DA:1436,0
DA:1438,0
DA:1439,0
DA:1440,0
DA:1443,0
DA:1444,0
DA:1445,0
DA:1447,0
DA:1450,0
DA:1451,0
DA:1452,0
DA:1453,0
DA:1455,0
DA:1456,0
DA:1457,0
DA:1460,0
DA:1466,0
DA:1472,0
DA:1481,0
DA:1482,0
DA:1483,0
DA:1484,0
DA:1485,0
DA:1488,0
DA:1489,0
DA:1490,0
DA:1491,0
DA:1493,0
DA:1497,0
DA:1498,0
DA:1499,0
DA:1501,0
DA:1509,0
DA:1510,0
DA:1512,0
DA:1513,0
DA:1514,0
DA:1515,0
DA:1516,0
DA:1519,0
DA:1529,0
DA:1530,0
DA:1531,0
DA:1534,0
DA:1536,0
DA:1538,0
DA:1541,0
DA:1542,0
DA:1543,0
DA:1545,0
DA:1546,0
DA:1547,0
DA:1548,0
DA:1549,0
DA:1550,0
DA:1552,0
DA:1556,0
DA:1559,0
DA:1561,0
DA:1562,0
DA:1563,0
LF:571
LH:0
BRDA:3,0,0,0
BRDA:3,0,1,0
BRDA:41,1,0,0
BRDA:46,2,0,0
BRDA:46,2,1,0
BRDA:46,3,0,0
BRDA:46,3,1,0
BRDA:48,4,0,0
BRDA:48,4,1,0
BRDA:51,5,0,0
BRDA:51,5,1,0
BRDA:77,6,0,0
BRDA:77,6,1,0
BRDA:77,7,0,0
BRDA:77,7,1,0
BRDA:78,8,0,0
BRDA:78,8,1,0
BRDA:81,9,0,0
BRDA:81,9,1,0
BRDA:89,10,0,0
BRDA:89,10,1,0
BRDA:90,11,0,0
BRDA:90,11,1,0
BRDA:91,12,0,0
BRDA:91,12,1,0
BRDA:91,13,0,0
BRDA:91,13,1,0
BRDA:92,14,0,0
BRDA:92,14,1,0
BRDA:93,15,0,0
BRDA:93,15,1,0
BRDA:95,16,0,0
BRDA:95,16,1,0
BRDA:116,17,0,0
BRDA:116,17,1,0
BRDA:120,18,0,0
BRDA:120,18,1,0
BRDA:164,19,0,0
BRDA:164,19,1,0
BRDA:176,20,0,0
BRDA:181,21,0,0
BRDA:181,21,1,0
BRDA:181,22,0,0
BRDA:181,22,1,0
BRDA:183,23,0,0
BRDA:183,23,1,0
BRDA:185,24,0,0
BRDA:185,24,1,0
BRDA:197,25,0,0
BRDA:197,25,1,0
BRDA:203,26,0,0
BRDA:203,26,1,0
BRDA:203,27,0,0
BRDA:203,27,1,0
BRDA:236,28,0,0
BRDA:236,28,1,0
BRDA:240,29,0,0
BRDA:240,29,1,0
BRDA:247,30,0,0
BRDA:247,30,1,0
BRDA:250,31,0,0
BRDA:250,31,1,0
BRDA:252,32,0,0
BRDA:252,32,1,0
BRDA:259,33,0,0
BRDA:259,33,1,0
BRDA:259,34,0,0
BRDA:259,34,1,0
BRDA:260,35,0,0
BRDA:260,35,1,0
BRDA:273,36,0,0
BRDA:273,36,1,0
BRDA:294,37,0,0
BRDA:294,37,1,0
BRDA:298,38,0,0
BRDA:298,38,1,0
BRDA:345,39,0,0
BRDA:345,39,1,0
BRDA:373,40,0,0
BRDA:373,40,1,0
BRDA:392,41,0,0
BRDA:392,41,1,0
BRDA:406,42,0,0
BRDA:406,42,1,0
BRDA:472,43,0,0
BRDA:472,43,1,0
BRDA:515,44,0,0
BRDA:515,44,1,0
BRDA:515,45,0,0
BRDA:515,45,1,0
BRDA:529,46,0,0
BRDA:529,46,1,0
BRDA:530,47,0,0
BRDA:530,47,1,0
BRDA:531,48,0,0
BRDA:531,48,1,0
BRDA:532,49,0,0
BRDA:532,49,1,0
BRDA:534,50,0,0
BRDA:534,50,1,0
BRDA:535,51,0,0
BRDA:535,51,1,0
BRDA:536,52,0,0
BRDA:536,52,1,0
BRDA:537,53,0,0
BRDA:537,53,1,0
BRDA:538,54,0,0
BRDA:538,54,1,0
BRDA:539,55,0,0
BRDA:539,55,1,0
BRDA:541,56,0,0
BRDA:541,56,1,0
BRDA:542,57,0,0
BRDA:542,57,1,0
BRDA:545,58,0,0
BRDA:545,58,1,0
BRDA:546,59,0,0
BRDA:546,59,1,0
BRDA:547,60,0,0
BRDA:547,60,1,0
BRDA:597,61,0,0
BRDA:597,61,1,0
BRDA:598,62,0,0
BRDA:598,62,1,0
BRDA:599,63,0,0
BRDA:599,63,1,0
BRDA:600,64,0,0
BRDA:600,64,1,0
BRDA:601,65,0,0
BRDA:601,65,1,0
BRDA:602,66,0,0
BRDA:602,66,1,0
BRDA:603,67,0,0
BRDA:603,67,1,0
BRDA:605,68,0,0
BRDA:605,68,1,0
BRDA:671,69,0,0
BRDA:671,69,1,0
BRDA:672,70,0,0
BRDA:672,70,1,0
BRDA:673,71,0,0
BRDA:673,71,1,0
BRDA:674,72,0,0
BRDA:674,72,1,0
BRDA:675,73,0,0
BRDA:675,73,1,0
BRDA:676,74,0,0
BRDA:676,74,1,0
BRDA:744,75,0,0
BRDA:744,75,1,0
BRDA:745,76,0,0
BRDA:745,76,1,0
BRDA:746,77,0,0
BRDA:746,77,1,0
BRDA:747,78,0,0
BRDA:747,78,1,0
BRDA:748,79,0,0
BRDA:748,79,1,0
BRDA:749,80,0,0
BRDA:749,80,1,0
BRDA:751,81,0,0
BRDA:751,81,1,0
BRDA:752,82,0,0
BRDA:752,82,1,0
BRDA:755,83,0,0
BRDA:755,83,1,0
BRDA:756,84,0,0
BRDA:756,84,1,0
BRDA:757,85,0,0
BRDA:757,85,1,0
BRDA:758,86,0,0
BRDA:758,86,1,0
BRDA:762,87,0,0
BRDA:762,87,1,0
BRDA:763,88,0,0
BRDA:763,88,1,0
BRDA:796,89,0,0
BRDA:796,89,1,0
BRDA:804,90,0,0
BRDA:804,90,1,0
BRDA:813,91,0,0
BRDA:813,91,1,0
BRDA:829,92,0,0
BRDA:829,92,1,0
BRDA:868,93,0,0
BRDA:868,93,1,0
BRDA:875,94,0,0
BRDA:875,94,1,0
BRDA:887,95,0,0
BRDA:887,95,1,0
BRDA:887,96,0,0
BRDA:887,96,1,0
BRDA:917,97,0,0
BRDA:917,97,1,0
BRDA:918,98,0,0
BRDA:918,98,1,0
BRDA:919,99,0,0
BRDA:919,99,1,0
BRDA:921,100,0,0
BRDA:921,100,1,0
BRDA:924,101,0,0
BRDA:924,101,1,0
BRDA:925,102,0,0
BRDA:925,102,1,0
BRDA:926,103,0,0
BRDA:926,103,1,0
BRDA:948,104,0,0
BRDA:948,105,0,0
BRDA:953,106,0,0
BRDA:953,106,1,0
BRDA:957,107,0,0
BRDA:957,107,1,0
BRDA:961,108,0,0
BRDA:961,108,1,0
BRDA:962,109,0,0
BRDA:962,109,1,0
BRDA:963,110,0,0
BRDA:963,110,1,0
BRDA:967,111,0,0
BRDA:967,111,1,0
BRDA:972,112,0,0
BRDA:972,112,1,0
BRDA:1007,113,0,0
BRDA:1007,113,1,0
BRDA:1008,114,0,0
BRDA:1008,114,1,0
BRDA:1009,115,0,0
BRDA:1009,115,1,0
BRDA:1011,116,0,0
BRDA:1011,116,1,0
BRDA:1013,117,0,0
BRDA:1013,117,1,0
BRDA:1032,118,0,0
BRDA:1032,119,0,0
BRDA:1037,120,0,0
BRDA:1037,120,1,0
BRDA:1041,121,0,0
BRDA:1041,121,1,0
BRDA:1045,122,0,0
BRDA:1045,122,1,0
BRDA:1049,123,0,0
BRDA:1049,123,1,0
BRDA:1056,124,0,0
BRDA:1056,124,1,0
BRDA:1083,125,0,0
BRDA:1083,125,1,0
BRDA:1084,126,0,0
BRDA:1084,126,1,0
BRDA:1085,127,0,0
BRDA:1085,127,1,0
BRDA:1086,128,0,0
BRDA:1086,128,1,0
BRDA:1087,129,0,0
BRDA:1087,129,1,0
BRDA:1088,130,0,0
BRDA:1088,130,1,0
BRDA:1089,131,0,0
BRDA:1089,131,1,0
BRDA:1090,132,0,0
BRDA:1090,132,1,0
BRDA:1090,133,0,0
BRDA:1090,133,1,0
BRDA:1090,134,0,0
BRDA:1090,134,1,0
BRDA:1110,135,0,0
BRDA:1110,136,0,0
BRDA:1115,137,0,0
BRDA:1115,137,1,0
BRDA:1119,138,0,0
BRDA:1119,138,1,0
BRDA:1123,139,0,0
BRDA:1123,139,1,0
BRDA:1127,140,0,0
BRDA:1127,140,1,0
BRDA:1134,141,0,0
BRDA:1134,141,1,0
BRDA:1162,142,0,0
BRDA:1162,142,1,0
BRDA:1163,143,0,0
BRDA:1163,143,1,0
BRDA:1164,144,0,0
BRDA:1164,144,1,0
BRDA:1165,145,0,0
BRDA:1165,145,1,0
BRDA:1166,146,0,0
BRDA:1166,146,1,0
BRDA:1167,147,0,0
BRDA:1167,147,1,0
BRDA:1168,148,0,0
BRDA:1168,148,1,0
BRDA:1187,149,0,0
BRDA:1187,150,0,0
BRDA:1192,151,0,0
BRDA:1192,151,1,0
BRDA:1196,152,0,0
BRDA:1196,152,1,0
BRDA:1200,153,0,0
BRDA:1200,153,1,0
BRDA:1204,154,0,0
BRDA:1204,154,1,0
BRDA:1211,155,0,0
BRDA:1211,155,1,0
BRDA:1242,156,0,0
BRDA:1242,156,1,0
BRDA:1243,157,0,0
BRDA:1243,157,1,0
BRDA:1244,158,0,0
BRDA:1244,158,1,0
BRDA:1245,159,0,0
BRDA:1245,159,1,0
BRDA:1246,160,0,0
BRDA:1246,160,1,0
BRDA:1247,161,0,0
BRDA:1247,161,1,0
BRDA:1291,162,0,0
BRDA:1291,162,1,0
BRDA:1313,163,0,0
BRDA:1313,163,1,0
BRDA:1317,164,0,0
BRDA:1317,164,1,0
BRDA:1318,165,0,0
BRDA:1318,165,1,0
BRDA:1319,166,0,0
BRDA:1319,166,1,0
BRDA:1324,167,0,0
BRDA:1324,167,1,0
BRDA:1354,168,0,0
BRDA:1354,168,1,0
BRDA:1360,169,0,0
BRDA:1360,169,1,0
BRDA:1361,170,0,0
BRDA:1361,170,1,0
BRDA:1366,171,0,0
BRDA:1366,171,1,0
BRDA:1388,172,0,0
BRDA:1388,172,1,0
BRDA:1405,173,0,0
BRDA:1405,173,1,0
BRDA:1422,174,0,0
BRDA:1422,174,1,0
BRDA:1438,175,0,0
BRDA:1438,175,1,0
BRDA:1455,176,0,0
BRDA:1455,176,1,0
BRDA:1456,177,0,0
BRDA:1456,177,1,0
BRDA:1488,178,0,0
BRDA:1488,178,1,0
BRDA:1497,179,0,0
BRDA:1497,179,1,0
BRDA:1497,180,0,0
BRDA:1497,180,1,0
BRDA:1512,181,0,0
BRDA:1512,181,1,0
BRDA:1529,182,0,0
BRDA:1529,182,1,0
BRDA:1541,183,0,0
BRDA:1541,183,1,0
BRDA:1549,184,0,0
BRDA:1549,184,1,0
BRDA:1550,185,0,0
BRDA:1550,185,1,0
BRDA:1562,186,0,0
BRDA:1562,186,1,0
BRF:364
BRH:0
end_of_record
TN:
SF:controllers\aiAnalyticsController.js
FN:4,(anonymous_0)
FN:9,(anonymous_1)
FN:36,(anonymous_2)
FN:38,(anonymous_3)
FN:58,(anonymous_4)
FN:105,(anonymous_5)
FN:117,(anonymous_6)
FN:149,(anonymous_7)
FN:162,(anonymous_8)
FN:166,(anonymous_9)
FN:178,(anonymous_10)
FN:195,(anonymous_11)
FN:207,(anonymous_12)
FN:256,(anonymous_13)
FN:269,(anonymous_14)
FN:277,(anonymous_15)
FN:292,(anonymous_16)
FN:293,(anonymous_17)
FN:304,(anonymous_18)
FN:305,(anonymous_19)
FN:316,(anonymous_20)
FN:317,(anonymous_21)
FN:331,(anonymous_22)
FN:335,(anonymous_23)
FN:351,(anonymous_24)
FN:387,(anonymous_25)
FN:405,(anonymous_26)
FN:448,(anonymous_27)
FN:470,(anonymous_28)
FNF:29
FNH:0
FNDA:0,(anonymous_0)
FNDA:0,(anonymous_1)
FNDA:0,(anonymous_2)
FNDA:0,(anonymous_3)
FNDA:0,(anonymous_4)
FNDA:0,(anonymous_5)
FNDA:0,(anonymous_6)
FNDA:0,(anonymous_7)
FNDA:0,(anonymous_8)
FNDA:0,(anonymous_9)
FNDA:0,(anonymous_10)
FNDA:0,(anonymous_11)
FNDA:0,(anonymous_12)
FNDA:0,(anonymous_13)
FNDA:0,(anonymous_14)
FNDA:0,(anonymous_15)
FNDA:0,(anonymous_16)
FNDA:0,(anonymous_17)
FNDA:0,(anonymous_18)
FNDA:0,(anonymous_19)
FNDA:0,(anonymous_20)
FNDA:0,(anonymous_21)
FNDA:0,(anonymous_22)
FNDA:0,(anonymous_23)
FNDA:0,(anonymous_24)
FNDA:0,(anonymous_25)
FNDA:0,(anonymous_26)
FNDA:0,(anonymous_27)
FNDA:0,(anonymous_28)
DA:1,0
DA:5,0
DA:6,0
DA:10,0
DA:12,0
DA:25,0
DA:36,0
DA:38,0
DA:40,0
DA:53,0
DA:54,0
DA:59,0
DA:61,0
DA:72,0
DA:89,0
DA:98,0
DA:105,0
DA:112,0
DA:113,0
DA:118,0
DA:120,0
DA:137,0
DA:149,0
DA:162,0
DA:163,0
DA:166,0
DA:173,0
DA:178,0
DA:185,0
DA:195,0
DA:202,0
DA:203,0
DA:208,0
DA:210,0
DA:217,0
DA:224,0
DA:232,0
DA:233,0
DA:235,0
DA:238,0
DA:249,0
DA:250,0
DA:256,0
DA:263,0
DA:269,0
DA:272,0
DA:273,0
DA:278,0
DA:279,0
DA:280,0
DA:282,0
DA:284,0
DA:291,0
DA:292,0
DA:293,0
DA:295,0
DA:298,0
DA:303,0
DA:304,0
DA:305,0
DA:307,0
DA:310,0
DA:315,0
DA:316,0
DA:317,0
DA:319,0
DA:322,0
DA:330,0
DA:331,0
DA:332,0
DA:334,0
DA:335,0
DA:338,0
DA:341,0
DA:344,0
DA:346,0
DA:347,0
DA:352,0
DA:354,0
DA:367,0
DA:378,0
DA:381,0
DA:382,0
DA:383,0
DA:384,0
DA:387,0
DA:388,0
DA:389,0
DA:393,0
DA:394,0
DA:398,0
DA:405,0
DA:406,0
DA:407,0
DA:408,0
DA:409,0
DA:412,0
DA:414,0
DA:424,0
DA:425,0
DA:433,0
DA:434,0
DA:435,0
DA:438,0
DA:439,0
DA:448,0
DA:455,0
DA:465,0
DA:466,0
DA:471,0
DA:473,0
DA:475,0
DA:477,0
DA:479,0
DA:491,0
DA:492,0
DA:500,0
DA:505,0
DA:511,0
DA:514,0
DA:517,0
DA:523,0
DA:524,0
DA:529,0
LF:124
LH:0
BRDA:151,0,0,0
BRDA:151,0,1,0
BRDA:151,1,0,0
BRDA:151,1,1,0
BRDA:153,2,0,0
BRDA:153,2,1,0
BRDA:155,3,0,0
BRDA:155,3,1,0
BRDA:181,4,0,0
BRDA:181,4,1,0
BRDA:235,5,0,0
BRDA:235,5,1,0
BRDA:235,6,0,0
BRDA:235,6,1,0
BRDA:255,7,0,0
BRDA:255,7,1,0
BRDA:282,8,0,0
BRDA:282,8,1,0
BRDA:282,8,2,0
BRDA:282,8,3,0
BRDA:282,8,4,0
BRDA:316,9,0,0
BRDA:316,9,1,0
BRDA:332,10,0,0
BRDA:332,10,1,0
BRDA:332,11,0,0
BRDA:332,11,1,0
BRDA:378,12,0,0
BRDA:378,12,1,0
BRDA:388,13,0,0
BRDA:388,13,1,0
BRDA:391,14,0,0
BRDA:391,14,1,0
BRDA:393,15,0,0
BRDA:393,15,1,0
BRDA:396,16,0,0
BRDA:396,16,1,0
BRDA:407,17,0,0
BRDA:407,17,1,0
BRDA:424,18,0,0
BRDA:424,18,1,0
BRDA:434,19,0,0
BRDA:434,19,1,0
BRDA:434,20,0,0
BRDA:434,20,1,0
BRDA:435,21,0,0
BRDA:435,21,1,0
BRDA:435,22,0,0
BRDA:435,22,1,0
BRDA:447,23,0,0
BRDA:447,23,1,0
BRDA:473,24,0,0
BRDA:473,24,1,0
BRDA:477,25,0,0
BRDA:477,25,1,0
BRDA:477,25,2,0
BRDA:477,25,3,0
BRDA:477,25,4,0
BRDA:477,25,5,0
BRF:59
BRH:0
end_of_record
TN:
SF:controllers\authController.js
FN:12,(anonymous_0)
FN:29,(anonymous_1)
FN:195,(anonymous_2)
FN:224,(anonymous_3)
FN:241,(anonymous_4)
FN:339,(anonymous_5)
FN:397,(anonymous_6)
FN:508,(anonymous_7)
FN:590,(anonymous_8)
FN:645,(anonymous_9)
FNF:10
FNH:0
FNDA:0,(anonymous_0)
FNDA:0,(anonymous_1)
FNDA:0,(anonymous_2)
FNDA:0,(anonymous_3)
FNDA:0,(anonymous_4)
FNDA:0,(anonymous_5)
FNDA:0,(anonymous_6)
FNDA:0,(anonymous_7)
FNDA:0,(anonymous_8)
FNDA:0,(anonymous_9)
DA:1,0
DA:2,0
DA:3,0
DA:4,0
DA:5,0
DA:6,0
DA:7,0
DA:8,0
DA:9,0
DA:10,0
DA:12,0
DA:13,0
DA:14,0
DA:16,0
DA:17,0
DA:18,0
DA:19,0
DA:21,0
DA:22,0
DA:23,0
DA:26,0
DA:29,0
DA:30,0
DA:31,0
DA:32,0
DA:35,0
DA:36,0
DA:39,0
DA:40,0
DA:44,0
DA:60,0
DA:61,0
DA:62,0
DA:65,0
DA:66,0
DA:68,0
DA:69,0
DA:70,0
DA:74,0
DA:75,0
DA:80,0
DA:81,0
DA:84,0
DA:85,0
DA:87,0
DA:88,0
DA:91,0
DA:92,0
DA:93,0
DA:96,0
DA:97,0
DA:99,0
DA:100,0
DA:101,0
DA:105,0
DA:106,0
DA:111,0
DA:124,0
DA:125,0
DA:126,0
DA:131,0
DA:152,0
DA:160,0
DA:170,0
DA:171,0
DA:172,0
DA:175,0
DA:190,0
DA:191,0
DA:195,0
DA:196,0
DA:197,0
DA:199,0
DA:200,0
DA:203,0
DA:205,0
DA:206,0
DA:209,0
DA:210,0
DA:212,0
DA:217,0
DA:219,0
DA:220,0
DA:224,0
DA:225,0
DA:227,0
DA:234,0
DA:236,0
DA:237,0
DA:241,0
DA:242,0
DA:243,0
DA:244,0
DA:249,0
DA:273,0
DA:274,0
DA:277,0
DA:278,0
DA:281,0
DA:286,0
DA:292,0
DA:293,0
DA:311,0
DA:320,0
DA:334,0
DA:335,0
DA:339,0
DA:340,0
DA:341,0
DA:342,0
DA:344,0
DA:345,0
DA:346,0
DA:348,0
DA:349,0
DA:351,0
DA:352,0
DA:355,0
DA:369,0
DA:370,0
DA:372,0
DA:373,0
DA:374,0
DA:379,0
DA:380,0
DA:385,0
DA:392,0
DA:393,0
DA:397,0
DA:398,0
DA:399,0
DA:400,0
DA:402,0
DA:403,0
DA:404,0
DA:406,0
DA:407,0
DA:410,0
DA:411,0
DA:412,0
DA:415,0
DA:416,0
DA:417,0
DA:428,0
DA:429,0
DA:430,0
DA:432,0
DA:435,0
DA:449,0
DA:450,0
DA:452,0
DA:453,0
DA:455,0
DA:467,0
DA:474,0
DA:485,0
DA:486,0
DA:487,0
DA:490,0
DA:503,0
DA:504,0
DA:508,0
DA:509,0
DA:510,0
DA:511,0
DA:514,0
DA:516,0
DA:517,0
DA:522,0
DA:523,0
DA:524,0
DA:526,0
DA:530,0
DA:531,0
DA:535,0
DA:536,0
DA:540,0
DA:541,0
DA:545,0
DA:546,0
DA:551,0
DA:552,0
DA:556,0
DA:557,0
DA:563,0
DA:576,0
DA:581,0
DA:583,0
DA:584,0
DA:590,0
DA:591,0
DA:592,0
DA:593,0
DA:596,0
DA:597,0
DA:598,0
DA:604,0
DA:607,0
DA:608,0
DA:611,0
DA:612,0
DA:613,0
DA:615,0
DA:616,0
DA:617,0
DA:618,0
DA:619,0
DA:624,0
DA:625,0
DA:631,0
DA:632,0
DA:636,0
DA:638,0
DA:639,0
DA:645,0
DA:646,0
DA:647,0
DA:648,0
DA:651,0
DA:652,0
DA:653,0
DA:655,0
DA:656,0
DA:659,0
DA:663,0
DA:664,0
DA:670,0
DA:673,0
DA:675,0
DA:676,0
DA:680,0
LF:231
LH:0
BRDA:13,0,0,0
BRDA:13,0,1,0
BRDA:16,1,0,0
BRDA:16,1,1,0
BRDA:18,2,0,0
BRDA:18,2,1,0
BRDA:22,3,0,0
BRDA:22,3,1,0
BRDA:35,4,0,0
BRDA:35,4,1,0
BRDA:35,5,0,0
BRDA:35,5,1,0
BRDA:39,6,0,0
BRDA:39,6,1,0
BRDA:39,7,0,0
BRDA:39,7,1,0
BRDA:60,8,0,0
BRDA:60,8,1,0
BRDA:68,9,0,0
BRDA:68,9,1,0
BRDA:68,9,2,0
BRDA:69,10,0,0
BRDA:69,10,1,0
BRDA:69,11,0,0
BRDA:69,11,1,0
BRDA:74,12,0,0
BRDA:74,12,1,0
BRDA:74,13,0,0
BRDA:74,13,1,0
BRDA:80,14,0,0
BRDA:80,14,1,0
BRDA:87,15,0,0
BRDA:87,15,1,0
BRDA:91,16,0,0
BRDA:91,16,1,0
BRDA:97,17,0,0
BRDA:97,17,1,0
BRDA:99,18,0,0
BRDA:99,18,1,0
BRDA:100,19,0,0
BRDA:100,19,1,0
BRDA:114,20,0,0
BRDA:114,20,1,0
BRDA:125,21,0,0
BRDA:125,21,1,0
BRDA:125,22,0,0
BRDA:125,22,1,0
BRDA:143,23,0,0
BRDA:143,23,1,0
BRDA:144,24,0,0
BRDA:144,24,1,0
BRDA:145,25,0,0
BRDA:145,25,1,0
BRDA:146,26,0,0
BRDA:146,26,1,0
BRDA:147,27,0,0
BRDA:147,27,1,0
BRDA:155,28,0,0
BRDA:155,28,1,0
BRDA:163,29,0,0
BRDA:163,29,1,0
BRDA:171,30,0,0
BRDA:171,30,1,0
BRDA:171,31,0,0
BRDA:171,31,1,0
BRDA:199,32,0,0
BRDA:199,32,1,0
BRDA:199,33,0,0
BRDA:199,33,1,0
BRDA:199,33,2,0
BRDA:205,34,0,0
BRDA:205,34,1,0
BRDA:230,35,0,0
BRDA:230,35,1,0
BRDA:243,36,0,0
BRDA:243,36,1,0
BRDA:273,37,0,0
BRDA:273,37,1,0
BRDA:281,38,0,0
BRDA:281,38,1,0
BRDA:281,38,2,0
BRDA:286,39,0,0
BRDA:286,39,1,0
BRDA:286,39,2,0
BRDA:286,39,3,0
BRDA:286,39,4,0
BRDA:292,40,0,0
BRDA:292,40,1,0
BRDA:305,41,0,0
BRDA:305,41,1,0
BRDA:306,42,0,0
BRDA:306,42,1,0
BRDA:307,43,0,0
BRDA:307,43,1,0
BRDA:314,44,0,0
BRDA:314,44,1,0
BRDA:330,45,0,0
BRDA:330,45,1,0
BRDA:341,46,0,0
BRDA:341,46,1,0
BRDA:345,47,0,0
BRDA:345,47,1,0
BRDA:348,48,0,0
BRDA:348,48,1,0
BRDA:351,49,0,0
BRDA:351,49,1,0
BRDA:369,50,0,0
BRDA:369,50,1,0
BRDA:373,51,0,0
BRDA:373,51,1,0
BRDA:399,52,0,0
BRDA:399,52,1,0
BRDA:403,53,0,0
BRDA:403,53,1,0
BRDA:406,54,0,0
BRDA:406,54,1,0
BRDA:410,55,0,0
BRDA:410,55,1,0
BRDA:411,56,0,0
BRDA:411,56,1,0
BRDA:416,57,0,0
BRDA:416,57,1,0
BRDA:420,58,0,0
BRDA:420,58,1,0
BRDA:429,59,0,0
BRDA:429,59,1,0
BRDA:429,60,0,0
BRDA:429,60,1,0
BRDA:449,61,0,0
BRDA:449,61,1,0
BRDA:464,62,0,0
BRDA:464,62,1,0
BRDA:470,63,0,0
BRDA:470,63,1,0
BRDA:477,64,0,0
BRDA:477,64,1,0
BRDA:486,65,0,0
BRDA:486,65,1,0
BRDA:486,66,0,0
BRDA:486,66,1,0
BRDA:510,67,0,0
BRDA:510,67,1,0
BRDA:514,68,0,0
BRDA:514,68,1,0
BRDA:516,69,0,0
BRDA:516,69,1,0
BRDA:516,70,0,0
BRDA:516,70,1,0
BRDA:522,71,0,0
BRDA:522,71,1,0
BRDA:523,72,0,0
BRDA:523,72,1,0
BRDA:523,73,0,0
BRDA:523,73,1,0
BRDA:526,74,0,0
BRDA:526,74,1,0
BRDA:526,75,0,0
BRDA:526,75,1,0
BRDA:530,76,0,0
BRDA:530,76,1,0
BRDA:530,77,0,0
BRDA:530,77,1,0
BRDA:535,78,0,0
BRDA:535,78,1,0
BRDA:535,79,0,0
BRDA:535,79,1,0
BRDA:535,79,2,0
BRDA:540,80,0,0
BRDA:540,80,1,0
BRDA:545,81,0,0
BRDA:545,81,1,0
BRDA:545,82,0,0
BRDA:545,82,1,0
BRDA:551,83,0,0
BRDA:551,83,1,0
BRDA:556,84,0,0
BRDA:556,84,1,0
BRDA:592,85,0,0
BRDA:592,85,1,0
BRDA:596,86,0,0
BRDA:596,86,1,0
BRDA:597,87,0,0
BRDA:597,87,1,0
BRDA:597,88,0,0
BRDA:597,88,1,0
BRDA:597,88,2,0
BRDA:607,89,0,0
BRDA:607,89,1,0
BRDA:613,90,0,0
BRDA:613,90,1,0
BRDA:615,91,0,0
BRDA:615,91,1,0
BRDA:616,92,0,0
BRDA:616,92,1,0
BRDA:618,93,0,0
BRDA:618,93,1,0
BRDA:624,94,0,0
BRDA:624,94,1,0
BRDA:647,95,0,0
BRDA:647,95,1,0
BRDA:651,96,0,0
BRDA:651,96,1,0
BRDA:653,97,0,0
BRDA:653,97,1,0
BRDA:653,97,2,0
BRDA:655,98,0,0
BRDA:655,98,1,0
BRDA:663,99,0,0
BRDA:663,99,1,0
BRF:209
BRH:0
end_of_record
TN:
SF:controllers\blotterComplaintController.js
FN:4,(anonymous_0)
FN:8,(anonymous_1)
FN:37,(anonymous_2)
FN:120,(anonymous_3)
FN:145,(anonymous_4)
FN:183,(anonymous_5)
FN:275,(anonymous_6)
FN:276,(anonymous_7)
FNF:8
FNH:0
FNDA:0,(anonymous_0)
FNDA:0,(anonymous_1)
FNDA:0,(anonymous_2)
FNDA:0,(anonymous_3)
FNDA:0,(anonymous_4)
FNDA:0,(anonymous_5)
FNDA:0,(anonymous_6)
FNDA:0,(anonymous_7)
DA:1,0
DA:5,0
DA:9,0
DA:10,0
DA:30,0
DA:32,0
DA:33,0
DA:38,0
DA:49,0
DA:52,0
DA:53,0
DA:54,0
DA:55,0
DA:56,0
DA:57,0
DA:58,0
DA:59,0
DA:60,0
DA:62,0
DA:65,0
DA:69,0
DA:70,0
DA:73,0
DA:74,0
DA:78,0
DA:87,0
DA:96,0
DA:116,0
DA:117,0
DA:120,0
DA:122,0
DA:124,0
DA:134,0
DA:140,0
DA:141,0
DA:146,0
DA:147,0
DA:148,0
DA:149,0
DA:151,0
DA:163,0
DA:168,0
DA:178,0
DA:179,0
DA:184,0
DA:186,0
DA:189,0
DA:244,0
DA:275,0
DA:276,0
DA:278,0
DA:282,0
LF:52
LH:0
BRDA:52,0,0,0
BRDA:52,0,1,0
BRDA:53,1,0,0
BRDA:53,1,1,0
BRDA:54,2,0,0
BRDA:54,2,1,0
BRDA:55,3,0,0
BRDA:55,3,1,0
BRDA:56,4,0,0
BRDA:56,4,1,0
BRDA:57,5,0,0
BRDA:57,5,1,0
BRDA:58,6,0,0
BRDA:58,6,1,0
BRDA:59,7,0,0
BRDA:59,7,1,0
BRDA:60,8,0,0
BRDA:60,8,1,0
BRDA:69,9,0,0
BRDA:69,9,1,0
BRDA:83,10,0,0
BRDA:83,10,1,0
BRDA:84,11,0,0
BRDA:84,11,1,0
BRDA:87,12,0,0
BRDA:87,12,1,0
BRDA:90,13,0,0
BRDA:90,13,1,0
BRDA:91,14,0,0
BRDA:91,14,1,0
BRDA:92,15,0,0
BRDA:92,15,1,0
BRDA:116,16,0,0
BRDA:116,16,1,0
BRDA:128,17,0,0
BRDA:128,17,1,0
BRDA:128,18,0,0
BRDA:128,18,1,0
BRDA:129,19,0,0
BRDA:129,19,1,0
BRDA:148,20,0,0
BRDA:148,21,0,0
BRDA:184,22,0,0
BRDA:184,22,1,0
BRDA:275,23,0,0
BRDA:275,23,1,0
BRDA:276,24,0,0
BRDA:276,24,1,0
BRF:48
BRH:0
end_of_record
TN:
SF:controllers\blotterController.js
FN:6,(anonymous_0)
FN:64,(anonymous_1)
FN:175,(anonymous_2)
FN:338,(anonymous_3)
FNF:4
FNH:0
FNDA:0,(anonymous_0)
FNDA:0,(anonymous_1)
FNDA:0,(anonymous_2)
FNDA:0,(anonymous_3)
DA:2,0
DA:3,0
DA:4,0
DA:6,0
DA:7,0
DA:8,0
DA:9,0
DA:10,0
DA:12,0
DA:13,0
DA:15,0
DA:16,0
DA:19,0
DA:20,0
DA:23,0
DA:24,0
DA:25,0
DA:28,0
DA:31,0
DA:35,0
DA:37,0
DA:49,0
DA:59,0
DA:60,0
DA:64,0
DA:65,0
DA:66,0
DA:67,0
DA:72,0
DA:85,0
DA:90,0
DA:91,0
DA:93,0
DA:95,0
DA:98,0
DA:99,0
DA:103,0
DA:104,0
DA:108,0
DA:109,0
DA:116,0
DA:117,0
DA:118,0
DA:122,0
DA:123,0
DA:129,0
DA:130,0
DA:132,0
DA:164,0
DA:170,0
DA:171,0
DA:175,0
DA:176,0
DA:177,0
DA:178,0
DA:183,0
DA:193,0
DA:195,0
DA:196,0
DA:198,0
DA:199,0
DA:200,0
DA:202,0
DA:203,0
DA:204,0
DA:206,0
DA:207,0
DA:208,0
DA:210,0
DA:211,0
DA:212,0
DA:214,0
DA:215,0
DA:216,0
DA:218,0
DA:219,0
DA:220,0
DA:222,0
DA:223,0
DA:224,0
DA:226,0
DA:227,0
DA:228,0
DA:230,0
DA:231,0
DA:232,0
DA:235,0
DA:236,0
DA:239,0
DA:240,0
DA:242,0
DA:246,0
DA:247,0
DA:251,0
DA:252,0
DA:253,0
DA:257,0
DA:260,0
DA:263,0
DA:265,0
DA:270,0
DA:271,0
DA:273,0
DA:276,0
DA:277,0
DA:280,0
DA:284,0
DA:285,0
DA:297,0
DA:298,0
DA:303,0
DA:304,0
DA:306,0
DA:309,0
DA:310,0
DA:313,0
DA:317,0
DA:318,0
DA:331,0
DA:333,0
DA:334,0
DA:338,0
DA:339,0
DA:340,0
DA:341,0
DA:346,0
DA:347,0
DA:348,0
DA:350,0
DA:351,0
LF:130
LH:0
BRDA:9,0,0,0
BRDA:9,1,0,0
BRDA:15,2,0,0
BRDA:15,2,1,0
BRDA:23,3,0,0
BRDA:23,3,1,0
BRDA:28,4,0,0
BRDA:28,4,1,0
BRDA:66,5,0,0
BRDA:66,5,1,0
BRDA:66,6,0,0
BRDA:66,6,1,0
BRDA:93,7,0,0
BRDA:93,7,1,0
BRDA:93,8,0,0
BRDA:93,8,1,0
BRDA:98,9,0,0
BRDA:98,9,1,0
BRDA:98,10,0,0
BRDA:98,10,1,0
BRDA:98,10,2,0
BRDA:98,10,3,0
BRDA:103,11,0,0
BRDA:103,11,1,0
BRDA:108,12,0,0
BRDA:108,12,1,0
BRDA:116,13,0,0
BRDA:116,13,1,0
BRDA:117,14,0,0
BRDA:117,14,1,0
BRDA:122,15,0,0
BRDA:122,15,1,0
BRDA:130,16,0,0
BRDA:130,16,1,0
BRDA:130,16,2,0
BRDA:152,17,0,0
BRDA:152,17,1,0
BRDA:153,18,0,0
BRDA:153,18,1,0
BRDA:154,19,0,0
BRDA:154,19,1,0
BRDA:155,20,0,0
BRDA:155,20,1,0
BRDA:177,21,0,0
BRDA:177,21,1,0
BRDA:177,22,0,0
BRDA:177,22,1,0
BRDA:198,23,0,0
BRDA:198,23,1,0
BRDA:202,24,0,0
BRDA:202,24,1,0
BRDA:204,25,0,0
BRDA:204,25,1,0
BRDA:206,26,0,0
BRDA:206,26,1,0
BRDA:210,27,0,0
BRDA:210,27,1,0
BRDA:214,28,0,0
BRDA:214,28,1,0
BRDA:218,29,0,0
BRDA:218,29,1,0
BRDA:222,30,0,0
BRDA:222,30,1,0
BRDA:226,31,0,0
BRDA:226,31,1,0
BRDA:230,32,0,0
BRDA:230,32,1,0
BRDA:235,33,0,0
BRDA:235,33,1,0
BRDA:246,34,0,0
BRDA:246,34,1,0
BRDA:246,35,0,0
BRDA:246,35,1,0
BRDA:251,36,0,0
BRDA:251,36,1,0
BRDA:253,37,0,0
BRDA:253,37,1,0
BRDA:263,38,0,0
BRDA:263,38,1,0
BRDA:270,39,0,0
BRDA:270,39,1,0
BRDA:270,40,0,0
BRDA:270,40,1,0
BRDA:273,41,0,0
BRDA:273,41,1,0
BRDA:276,42,0,0
BRDA:276,42,1,0
BRDA:284,43,0,0
BRDA:284,43,1,0
BRDA:297,44,0,0
BRDA:297,44,1,0
BRDA:303,45,0,0
BRDA:303,45,1,0
BRDA:303,46,0,0
BRDA:303,46,1,0
BRDA:306,47,0,0
BRDA:306,47,1,0
BRDA:309,48,0,0
BRDA:309,48,1,0
BRDA:317,49,0,0
BRDA:317,49,1,0
BRDA:340,50,0,0
BRDA:340,50,1,0
BRDA:340,51,0,0
BRDA:340,51,1,0
BRF:105
BRH:0
end_of_record
TN:
SF:controllers\blotterRequestController.js
FN:4,(anonymous_0)
FN:8,(anonymous_1)
FN:53,(anonymous_2)
FN:92,(anonymous_3)
FN:119,(anonymous_4)
FN:149,(anonymous_5)
FN:183,(anonymous_6)
FN:201,(anonymous_7)
FN:282,(anonymous_8)
FN:298,(anonymous_9)
FN:353,(anonymous_10)
FN:409,(anonymous_11)
FN:414,(anonymous_12)
FN:450,(anonymous_13)
FN:492,(anonymous_14)
FN:497,(anonymous_15)
FN:518,(anonymous_16)
FN:543,(anonymous_17)
FN:576,(anonymous_18)
FN:596,(anonymous_19)
FN:621,(anonymous_20)
FN:655,(anonymous_21)
FN:668,(anonymous_22)
FN:674,(anonymous_23)
FN:708,(anonymous_24)
FN:818,(anonymous_25)
FNF:26
FNH:0
FNDA:0,(anonymous_0)
FNDA:0,(anonymous_1)
FNDA:0,(anonymous_2)
FNDA:0,(anonymous_3)
FNDA:0,(anonymous_4)
FNDA:0,(anonymous_5)
FNDA:0,(anonymous_6)
FNDA:0,(anonymous_7)
FNDA:0,(anonymous_8)
FNDA:0,(anonymous_9)
FNDA:0,(anonymous_10)
FNDA:0,(anonymous_11)
FNDA:0,(anonymous_12)
FNDA:0,(anonymous_13)
FNDA:0,(anonymous_14)
FNDA:0,(anonymous_15)
FNDA:0,(anonymous_16)
FNDA:0,(anonymous_17)
FNDA:0,(anonymous_18)
FNDA:0,(anonymous_19)
FNDA:0,(anonymous_20)
FNDA:0,(anonymous_21)
FNDA:0,(anonymous_22)
FNDA:0,(anonymous_23)
FNDA:0,(anonymous_24)
FNDA:0,(anonymous_25)
DA:1,0
DA:5,0
DA:9,0
DA:26,0
DA:28,0
DA:29,0
DA:30,0
DA:36,0
DA:41,0
DA:42,0
DA:50,0
DA:52,0
DA:53,0
DA:56,0
DA:86,0
DA:88,0
DA:89,0
DA:92,0
DA:93,0
DA:103,0
DA:112,0
DA:114,0
DA:115,0
DA:120,0
DA:121,0
DA:122,0
DA:123,0
DA:124,0
DA:135,0
DA:139,0
DA:145,0
DA:150,0
DA:151,0
DA:152,0
DA:153,0
DA:154,0
DA:155,0
DA:156,0
DA:157,0
DA:159,0
DA:160,0
DA:161,0
DA:163,0
DA:164,0
DA:177,0
DA:179,0
DA:184,0
DA:185,0
DA:186,0
DA:187,0
DA:188,0
DA:190,0
DA:194,0
DA:196,0
DA:197,0
DA:202,0
DA:203,0
DA:204,0
DA:205,0
DA:208,0
DA:219,0
DA:221,0
DA:234,0
DA:243,0
DA:244,0
DA:252,0
DA:256,0
DA:257,0
DA:258,0
DA:262,0
DA:263,0
DA:264,0
DA:276,0
DA:278,0
DA:283,0
DA:284,0
DA:285,0
DA:287,0
DA:288,0
DA:289,0
DA:290,0
DA:298,0
DA:299,0
DA:302,0
DA:303,0
DA:305,0
DA:306,0
DA:307,0
DA:310,0
DA:311,0
DA:312,0
DA:315,0
DA:316,0
DA:317,0
DA:320,0
DA:322,0
DA:324,0
DA:326,0
DA:327,0
DA:336,0
DA:346,0
DA:348,0
DA:349,0
DA:354,0
DA:355,0
DA:356,0
DA:358,0
DA:368,0
DA:377,0
DA:378,0
DA:382,0
DA:383,0
DA:384,0
DA:388,0
DA:389,0
DA:390,0
DA:402,0
DA:404,0
DA:405,0
DA:410,0
DA:411,0
DA:412,0
DA:413,0
DA:414,0
DA:420,0
DA:435,0
DA:444,0
DA:446,0
DA:451,0
DA:452,0
DA:453,0
DA:455,0
DA:464,0
DA:468,0
DA:469,0
DA:470,0
DA:474,0
DA:475,0
DA:476,0
DA:486,0
DA:488,0
DA:493,0
DA:494,0
DA:495,0
DA:496,0
DA:497,0
DA:503,0
DA:512,0
DA:514,0
DA:519,0
DA:520,0
DA:521,0
DA:522,0
DA:524,0
DA:528,0
DA:529,0
DA:532,0
DA:534,0
DA:535,0
DA:541,0
DA:543,0
DA:551,0
DA:563,0
DA:572,0
DA:573,0
DA:576,0
DA:577,0
DA:578,0
DA:589,0
DA:591,0
DA:592,0
DA:597,0
DA:598,0
DA:600,0
DA:601,0
DA:604,0
DA:605,0
DA:608,0
DA:613,0
DA:621,0
DA:626,0
DA:627,0
DA:637,0
DA:638,0
DA:648,0
DA:650,0
DA:651,0
DA:656,0
DA:657,0
DA:659,0
DA:660,0
DA:663,0
DA:668,0
DA:673,0
DA:674,0
DA:675,0
DA:676,0
DA:687,0
DA:688,0
DA:698,0
DA:703,0
DA:704,0
DA:709,0
DA:710,0
DA:711,0
DA:713,0
DA:714,0
DA:726,0
DA:740,0
DA:744,0
DA:746,0
DA:747,0
DA:751,0
DA:752,0
DA:753,0
DA:763,0
DA:764,0
DA:775,0
DA:784,0
DA:788,0
DA:790,0
DA:791,0
DA:795,0
DA:796,0
DA:797,0
DA:808,0
DA:811,0
DA:813,0
DA:814,0
DA:819,0
DA:820,0
DA:821,0
DA:822,0
DA:823,0
DA:824,0
DA:828,0
DA:829,0
DA:830,0
DA:834,0
DA:835,0
DA:836,0
DA:846,0
DA:847,0
DA:848,0
DA:859,0
DA:867,0
DA:871,0
DA:872,0
DA:873,0
DA:877,0
DA:878,0
DA:879,0
DA:889,0
DA:891,0
DA:894,0
DA:895,0
DA:896,0
DA:901,0
LF:258
LH:0
BRDA:29,0,0,0
BRDA:29,0,1,0
BRDA:41,1,0,0
BRDA:41,1,1,0
BRDA:50,2,0,0
BRDA:50,2,1,0
BRDA:50,3,0,0
BRDA:50,3,1,0
BRDA:52,4,0,0
BRDA:52,4,1,0
BRDA:68,5,0,0
BRDA:68,5,1,0
BRDA:69,6,0,0
BRDA:69,6,1,0
BRDA:70,7,0,0
BRDA:70,7,1,0
BRDA:71,8,0,0
BRDA:71,8,1,0
BRDA:72,9,0,0
BRDA:72,9,1,0
BRDA:76,10,0,0
BRDA:76,10,1,0
BRDA:79,11,0,0
BRDA:79,11,1,0
BRDA:80,12,0,0
BRDA:80,12,1,0
BRDA:81,13,0,0
BRDA:81,13,1,0
BRDA:82,14,0,0
BRDA:82,14,1,0
BRDA:88,15,0,0
BRDA:88,15,1,0
BRDA:122,16,0,0
BRDA:122,17,0,0
BRDA:151,18,0,0
BRDA:151,19,0,0
BRDA:155,20,0,0
BRDA:155,20,1,0
BRDA:159,21,0,0
BRDA:159,21,1,0
BRDA:163,22,0,0
BRDA:163,22,1,0
BRDA:187,23,0,0
BRDA:187,23,1,0
BRDA:205,24,0,0
BRDA:205,24,1,0
BRDA:219,25,0,0
BRDA:219,25,1,0
BRDA:231,26,0,0
BRDA:231,26,1,0
BRDA:240,27,0,0
BRDA:240,27,1,0
BRDA:243,28,0,0
BRDA:243,28,1,0
BRDA:257,29,0,0
BRDA:257,29,1,0
BRDA:263,30,0,0
BRDA:263,30,1,0
BRDA:288,31,0,0
BRDA:288,31,1,0
BRDA:299,32,0,0
BRDA:299,32,1,0
BRDA:299,32,2,0
BRDA:305,33,0,0
BRDA:305,33,1,0
BRDA:310,34,0,0
BRDA:310,34,1,0
BRDA:315,35,0,0
BRDA:315,35,1,0
BRDA:326,36,0,0
BRDA:326,36,1,0
BRDA:374,37,0,0
BRDA:374,37,1,0
BRDA:377,38,0,0
BRDA:377,38,1,0
BRDA:383,39,0,0
BRDA:383,39,1,0
BRDA:389,40,0,0
BRDA:389,40,1,0
BRDA:413,41,0,0
BRDA:413,41,1,0
BRDA:441,42,0,0
BRDA:441,42,1,0
BRDA:461,43,0,0
BRDA:461,43,1,0
BRDA:469,44,0,0
BRDA:469,44,1,0
BRDA:469,45,0,0
BRDA:469,45,1,0
BRDA:475,46,0,0
BRDA:475,46,1,0
BRDA:479,47,0,0
BRDA:479,47,1,0
BRDA:482,48,0,0
BRDA:482,48,1,0
BRDA:496,49,0,0
BRDA:496,49,1,0
BRDA:509,50,0,0
BRDA:509,50,1,0
BRDA:528,51,0,0
BRDA:528,51,1,0
BRDA:534,52,0,0
BRDA:534,52,1,0
BRDA:541,53,0,0
BRDA:541,53,1,0
BRDA:541,54,0,0
BRDA:541,54,1,0
BRDA:544,55,0,0
BRDA:544,55,1,0
BRDA:545,56,0,0
BRDA:545,56,1,0
BRDA:546,57,0,0
BRDA:546,57,1,0
BRDA:569,58,0,0
BRDA:569,58,1,0
BRDA:572,59,0,0
BRDA:572,59,1,0
BRDA:577,60,0,0
BRDA:577,60,1,0
BRDA:600,61,0,0
BRDA:600,61,1,0
BRDA:600,62,0,0
BRDA:600,62,1,0
BRDA:600,62,2,0
BRDA:604,63,0,0
BRDA:604,63,1,0
BRDA:637,64,0,0
BRDA:637,64,1,0
BRDA:659,65,0,0
BRDA:659,65,1,0
BRDA:659,66,0,0
BRDA:659,66,1,0
BRDA:659,66,2,0
BRDA:673,67,0,0
BRDA:673,67,1,0
BRDA:675,68,0,0
BRDA:675,68,1,0
BRDA:679,69,0,0
BRDA:679,69,1,0
BRDA:682,70,0,0
BRDA:682,70,1,0
BRDA:694,71,0,0
BRDA:694,71,1,0
BRDA:713,72,0,0
BRDA:713,72,1,0
BRDA:736,73,0,0
BRDA:736,73,1,0
BRDA:746,74,0,0
BRDA:746,74,1,0
BRDA:746,75,0,0
BRDA:746,75,1,0
BRDA:752,76,0,0
BRDA:752,76,1,0
BRDA:763,77,0,0
BRDA:763,77,1,0
BRDA:772,78,0,0
BRDA:772,78,1,0
BRDA:781,79,0,0
BRDA:781,79,1,0
BRDA:790,80,0,0
BRDA:790,80,1,0
BRDA:790,81,0,0
BRDA:790,81,1,0
BRDA:796,82,0,0
BRDA:796,82,1,0
BRDA:822,83,0,0
BRDA:822,83,1,0
BRDA:829,84,0,0
BRDA:829,84,1,0
BRDA:829,85,0,0
BRDA:829,85,1,0
BRDA:835,86,0,0
BRDA:835,86,1,0
BRDA:847,87,0,0
BRDA:847,87,1,0
BRDA:857,88,0,0
BRDA:857,88,1,0
BRDA:857,89,0,0
BRDA:857,89,1,0
BRDA:865,90,0,0
BRDA:865,90,1,0
BRDA:865,90,2,0
BRDA:872,91,0,0
BRDA:872,91,1,0
BRDA:872,92,0,0
BRDA:872,92,1,0
BRDA:878,93,0,0
BRDA:878,93,1,0
BRDA:895,94,0,0
BRDA:895,94,1,0
BRF:190
BRH:0
end_of_record
TN:
SF:controllers\captainController.js
FN:1,getKnex
FN:11,getExecutiveDashboard
FNF:2
FNH:0
FNDA:0,getKnex
FNDA:0,getExecutiveDashboard
DA:2,0
DA:12,0
DA:13,0
DA:15,0
DA:32,0
DA:44,0
DA:50,0
DA:62,0
DA:75,0
DA:83,0
DA:92,0
DA:100,0
DA:140,0
DA:141,0
DA:145,0
LF:15
LH:0
BRDA:2,0,0,0
BRDA:2,0,1,0
BRDA:104,1,0,0
BRDA:104,1,1,0
BRDA:106,2,0,0
BRDA:106,2,1,0
BRDA:107,3,0,0
BRDA:107,3,1,0
BRDA:108,4,0,0
BRDA:108,4,1,0
BRDA:111,5,0,0
BRDA:111,5,1,0
BRDA:112,6,0,0
BRDA:112,6,1,0
BRDA:114,7,0,0
BRDA:114,7,1,0
BRDA:122,8,0,0
BRDA:122,8,1,0
BRDA:123,9,0,0
BRDA:123,9,1,0
BRDA:124,10,0,0
BRDA:124,10,1,0
BRDA:127,11,0,0
BRDA:127,11,1,0
BRDA:128,12,0,0
BRDA:128,12,1,0
BRDA:130,13,0,0
BRDA:130,13,1,0
BRDA:134,14,0,0
BRDA:134,14,1,0
BRF:30
BRH:0
end_of_record
TN:
SF:controllers\caseManagementController.js
FN:4,(anonymous_0)
FN:8,(anonymous_1)
FN:56,(anonymous_2)
FN:138,(anonymous_3)
FN:164,(anonymous_4)
FN:194,(anonymous_5)
FN:246,(anonymous_6)
FN:256,(anonymous_7)
FN:273,(anonymous_8)
FN:316,(anonymous_9)
FNF:10
FNH:0
FNDA:0,(anonymous_0)
FNDA:0,(anonymous_1)
FNDA:0,(anonymous_2)
FNDA:0,(anonymous_3)
FNDA:0,(anonymous_4)
FNDA:0,(anonymous_5)
FNDA:0,(anonymous_6)
FNDA:0,(anonymous_7)
FNDA:0,(anonymous_8)
FNDA:0,(anonymous_9)
DA:1,0
DA:5,0
DA:9,0
DA:10,0
DA:12,0
DA:22,0
DA:23,0
DA:26,0
DA:29,0
DA:30,0
DA:32,0
DA:33,0
DA:37,0
DA:47,0
DA:49,0
DA:51,0
DA:52,0
DA:57,0
DA:58,0
DA:59,0
DA:61,0
DA:73,0
DA:74,0
DA:79,0
DA:80,0
DA:81,0
DA:85,0
DA:86,0
DA:88,0
DA:89,0
DA:90,0
DA:91,0
DA:95,0
DA:97,0
DA:101,0
DA:102,0
DA:111,0
DA:113,0
DA:117,0
DA:118,0
DA:131,0
DA:133,0
DA:134,0
DA:139,0
DA:140,0
DA:141,0
DA:142,0
DA:146,0
DA:147,0
DA:153,0
DA:159,0
DA:160,0
DA:165,0
DA:166,0
DA:167,0
DA:170,0
DA:173,0
DA:183,0
DA:189,0
DA:190,0
DA:195,0
DA:204,0
DA:206,0
DA:208,0
DA:228,0
DA:229,0
DA:230,0
DA:240,0
DA:247,0
DA:248,0
DA:256,0
DA:266,0
DA:268,0
DA:269,0
DA:274,0
DA:275,0
DA:276,0
DA:278,0
DA:284,0
DA:286,0
DA:287,0
DA:288,0
DA:291,0
DA:292,0
DA:294,0
DA:296,0
DA:301,0
DA:311,0
DA:312,0
DA:317,0
DA:321,0
LF:91
LH:0
BRDA:22,0,0,0
BRDA:22,0,1,0
BRDA:29,1,0,0
BRDA:29,1,1,0
BRDA:32,2,0,0
BRDA:32,2,1,0
BRDA:73,3,0,0
BRDA:73,3,1,0
BRDA:79,4,0,0
BRDA:79,4,1,0
BRDA:81,5,0,0
BRDA:81,5,1,0
BRDA:88,6,0,0
BRDA:88,6,1,0
BRDA:95,7,0,0
BRDA:95,7,1,0
BRDA:95,8,0,0
BRDA:95,8,1,0
BRDA:101,9,0,0
BRDA:101,9,1,0
BRDA:111,10,0,0
BRDA:111,10,1,0
BRDA:111,11,0,0
BRDA:111,11,1,0
BRDA:117,12,0,0
BRDA:117,12,1,0
BRDA:228,13,0,0
BRDA:228,13,1,0
BRDA:228,14,0,0
BRDA:228,14,1,0
BRDA:260,15,0,0
BRDA:260,15,1,0
BRDA:275,16,0,0
BRDA:275,17,0,0
BRDA:286,18,0,0
BRDA:286,18,1,0
BRDA:297,19,0,0
BRDA:297,19,1,0
BRDA:298,20,0,0
BRDA:298,20,1,0
BRF:40
BRH:0
end_of_record
TN:
SF:controllers\certificateController.js
FN:3,(anonymous_0)
FN:93,(anonymous_1)
FNF:2
FNH:0
FNDA:0,(anonymous_0)
FNDA:0,(anonymous_1)
DA:1,0
DA:3,0
DA:4,0
DA:5,0
DA:20,0
DA:23,0
DA:24,0
DA:27,0
DA:49,0
DA:52,0
DA:53,0
DA:54,0
DA:80,0
DA:88,0
DA:89,0
DA:93,0
DA:94,0
DA:95,0
DA:96,0
DA:100,0
DA:101,0
DA:108,0
DA:110,0
DA:120,0
DA:123,0
DA:124,0
DA:126,0
DA:127,0
LF:28
LH:0
BRDA:23,0,0,0
BRDA:23,0,1,0
BRDA:35,1,0,0
BRDA:35,1,1,0
BRDA:36,2,0,0
BRDA:36,2,1,0
BRDA:37,3,0,0
BRDA:37,3,1,0
BRDA:38,4,0,0
BRDA:38,4,1,0
BRDA:41,5,0,0
BRDA:41,5,1,0
BRDA:42,6,0,0
BRDA:42,6,1,0
BRDA:43,7,0,0
BRDA:43,7,1,0
BRDA:44,8,0,0
BRDA:44,8,1,0
BRDA:45,9,0,0
BRDA:45,9,1,0
BRDA:52,10,0,0
BRDA:52,10,1,0
BRDA:63,11,0,0
BRDA:63,11,1,0
BRDA:64,12,0,0
BRDA:64,12,1,0
BRDA:66,13,0,0
BRDA:66,13,1,0
BRDA:69,14,0,0
BRDA:69,14,1,0
BRDA:72,15,0,0
BRDA:72,15,1,0
BRDA:74,16,0,0
BRDA:74,16,1,0
BRDA:100,17,0,0
BRDA:100,17,1,0
BRDA:108,18,0,0
BRDA:108,18,1,0
BRF:38
BRH:0
end_of_record
TN:
SF:controllers\certificateRequestController.js
FN:5,(anonymous_0)
FN:18,(anonymous_1)
FN:33,(anonymous_2)
FN:36,(anonymous_3)
FN:72,(anonymous_4)
FN:85,(anonymous_5)
FN:143,(anonymous_6)
FN:166,(anonymous_7)
FN:187,(anonymous_8)
FN:222,(anonymous_9)
FN:229,(anonymous_10)
FN:252,(anonymous_11)
FN:278,(anonymous_12)
FN:316,(anonymous_13)
FN:335,(anonymous_14)
FN:364,(anonymous_15)
FN:412,(anonymous_16)
FNF:17
FNH:0
FNDA:0,(anonymous_0)
FNDA:0,(anonymous_1)
FNDA:0,(anonymous_2)
FNDA:0,(anonymous_3)
FNDA:0,(anonymous_4)
FNDA:0,(anonymous_5)
FNDA:0,(anonymous_6)
FNDA:0,(anonymous_7)
FNDA:0,(anonymous_8)
FNDA:0,(anonymous_9)
FNDA:0,(anonymous_10)
FNDA:0,(anonymous_11)
FNDA:0,(anonymous_12)
FNDA:0,(anonymous_13)
FNDA:0,(anonymous_14)
FNDA:0,(anonymous_15)
FNDA:0,(anonymous_16)
DA:1,0
DA:2,0
DA:6,0
DA:7,0
DA:8,0
DA:9,0
DA:10,0
DA:11,0
DA:12,0
DA:13,0
DA:14,0
DA:15,0
DA:19,0
DA:20,0
DA:23,0
DA:28,0
DA:33,0
DA:36,0
DA:37,0
DA:38,0
DA:41,0
DA:42,0
DA:43,0
DA:48,0
DA:51,0
DA:65,0
DA:67,0
DA:68,0
DA:73,0
DA:74,0
DA:75,0
DA:78,0
DA:80,0
DA:81,0
DA:86,0
DA:87,0
DA:89,0
DA:90,0
DA:95,0
DA:96,0
DA:97,0
DA:98,0
DA:100,0
DA:101,0
DA:105,0
DA:109,0
DA:110,0
DA:113,0
DA:114,0
DA:116,0
DA:139,0
DA:140,0
DA:143,0
DA:145,0
DA:155,0
DA:161,0
DA:162,0
DA:167,0
DA:168,0
DA:169,0
DA:170,0
DA:173,0
DA:174,0
DA:175,0
DA:187,0
DA:188,0
DA:189,0
DA:190,0
DA:191,0
DA:193,0
DA:203,0
DA:206,0
DA:222,0
DA:228,0
DA:229,0
DA:233,0
DA:234,0
DA:235,0
DA:237,0
DA:247,0
DA:248,0
DA:253,0
DA:254,0
DA:255,0
DA:256,0
DA:258,0
DA:263,0
DA:264,0
DA:269,0
DA:271,0
DA:272,0
DA:279,0
DA:280,0
DA:281,0
DA:282,0
DA:284,0
DA:292,0
DA:294,0
DA:295,0
DA:296,0
DA:299,0
DA:300,0
DA:302,0
DA:305,0
DA:306,0
DA:307,0
DA:308,0
DA:309,0
DA:312,0
DA:314,0
DA:316,0
DA:330,0
DA:331,0
DA:336,0
DA:337,0
DA:338,0
DA:340,0
DA:341,0
DA:344,0
DA:345,0
DA:347,0
DA:352,0
DA:353,0
DA:356,0
DA:357,0
DA:359,0
DA:360,0
DA:365,0
DA:366,0
DA:367,0
DA:368,0
DA:370,0
DA:371,0
DA:375,0
DA:379,0
DA:380,0
DA:386,0
DA:392,0
DA:393,0
DA:402,0
DA:405,0
DA:407,0
DA:408,0
DA:413,0
DA:414,0
DA:415,0
DA:416,0
DA:418,0
DA:419,0
DA:422,0
DA:427,0
DA:428,0
DA:432,0
DA:443,0
DA:444,0
DA:447,0
DA:448,0
DA:458,0
DA:463,0
DA:465,0
DA:468,0
DA:469,0
DA:477,0
DA:479,0
DA:484,0
DA:485,0
DA:495,0
DA:497,0
DA:498,0
DA:503,0
LF:170
LH:0
BRDA:20,0,0,0
BRDA:20,0,1,0
BRDA:20,0,2,0
BRDA:20,0,3,0
BRDA:38,1,0,0
BRDA:38,1,1,0
BRDA:44,2,0,0
BRDA:44,2,1,0
BRDA:54,3,0,0
BRDA:54,3,1,0
BRDA:56,4,0,0
BRDA:56,4,1,0
BRDA:59,5,0,0
BRDA:59,5,1,0
BRDA:60,6,0,0
BRDA:60,6,1,0
BRDA:61,7,0,0
BRDA:61,7,1,0
BRDA:74,8,0,0
BRDA:74,8,1,0
BRDA:74,8,2,0
BRDA:74,8,3,0
BRDA:87,9,0,0
BRDA:87,9,1,0
BRDA:87,9,2,0
BRDA:87,9,3,0
BRDA:89,10,0,0
BRDA:89,10,1,0
BRDA:89,11,0,0
BRDA:89,11,1,0
BRDA:89,11,2,0
BRDA:100,12,0,0
BRDA:100,12,1,0
BRDA:109,13,0,0
BRDA:109,13,1,0
BRDA:129,14,0,0
BRDA:129,14,1,0
BRDA:139,15,0,0
BRDA:139,15,1,0
BRDA:168,16,0,0
BRDA:168,16,1,0
BRDA:168,16,2,0
BRDA:168,16,3,0
BRDA:170,17,0,0
BRDA:170,18,0,0
BRDA:174,19,0,0
BRDA:174,19,1,0
BRDA:190,20,0,0
BRDA:190,20,1,0
BRDA:191,21,0,0
BRDA:191,21,1,0
BRDA:254,22,0,0
BRDA:254,22,1,0
BRDA:254,22,2,0
BRDA:254,22,3,0
BRDA:263,23,0,0
BRDA:263,23,1,0
BRDA:280,24,0,0
BRDA:280,24,1,0
BRDA:280,24,2,0
BRDA:280,24,3,0
BRDA:281,25,0,0
BRDA:281,26,0,0
BRDA:281,27,0,0
BRDA:294,28,0,0
BRDA:294,28,1,0
BRDA:307,29,0,0
BRDA:307,29,1,0
BRDA:319,30,0,0
BRDA:319,30,1,0
BRDA:319,31,0,0
BRDA:319,31,1,0
BRDA:321,32,0,0
BRDA:321,32,1,0
BRDA:337,33,0,0
BRDA:337,33,1,0
BRDA:337,33,2,0
BRDA:337,33,3,0
BRDA:340,34,0,0
BRDA:340,34,1,0
BRDA:344,35,0,0
BRDA:344,35,1,0
BRDA:345,36,0,0
BRDA:345,36,1,0
BRDA:352,37,0,0
BRDA:352,37,1,0
BRDA:352,38,0,0
BRDA:352,38,1,0
BRDA:356,39,0,0
BRDA:356,39,1,0
BRDA:366,40,0,0
BRDA:366,40,1,0
BRDA:366,40,2,0
BRDA:366,40,3,0
BRDA:370,41,0,0
BRDA:370,41,1,0
BRDA:379,42,0,0
BRDA:379,42,1,0
BRDA:394,43,0,0
BRDA:394,43,1,0
BRDA:395,44,0,0
BRDA:395,44,1,0
BRDA:414,45,0,0
BRDA:414,45,1,0
BRDA:414,45,2,0
BRDA:414,45,3,0
BRDA:418,46,0,0
BRDA:418,46,1,0
BRDA:424,47,0,0
BRDA:424,47,1,0
BRDA:427,48,0,0
BRDA:427,48,1,0
BRDA:443,49,0,0
BRDA:443,49,1,0
BRDA:449,50,0,0
BRDA:449,50,1,0
BRDA:450,51,0,0
BRDA:450,51,1,0
BRDA:458,52,0,0
BRDA:458,52,1,0
BRDA:468,53,0,0
BRDA:468,53,1,0
BRDA:468,54,0,0
BRDA:468,54,1,0
BRDA:472,55,0,0
BRDA:472,55,1,0
BRDA:473,56,0,0
BRDA:473,56,1,0
BRDA:477,57,0,0
BRDA:477,57,1,0
BRDA:484,58,0,0
BRDA:484,58,1,0
BRF:132
BRH:0
end_of_record
TN:
SF:controllers\clerkController.js
FN:3,getKnex
FN:13,checkClearPassEligibility
FN:30,(anonymous_2)
FN:40,(anonymous_3)
FN:71,generateClearanceCertificate
FN:147,getClerkDashboard
FN:199,issueClearance
FN:261,getClearanceHistory
FN:284,validateForClearance
FN:331,getAllClearances
FN:357,registerResident
FN:394,getDocumentIssuance
FN:419,approveClearance
FNF:13
FNH:0
FNDA:0,getKnex
FNDA:0,checkClearPassEligibility
FNDA:0,(anonymous_2)
FNDA:0,(anonymous_3)
FNDA:0,generateClearanceCertificate
FNDA:0,getClerkDashboard
FNDA:0,issueClearance
FNDA:0,getClearanceHistory
FNDA:0,validateForClearance
FNDA:0,getAllClearances
FNDA:0,registerResident
FNDA:0,getDocumentIssuance
FNDA:0,approveClearance
DA:1,0
DA:4,0
DA:14,0
DA:16,0
DA:17,0
DA:19,0
DA:24,0
DA:29,0
DA:31,0
DA:36,0
DA:37,0
DA:38,0
DA:40,0
DA:49,0
DA:53,0
DA:54,0
DA:61,0
DA:62,0
DA:65,0
DA:66,0
DA:72,0
DA:73,0
DA:74,0
DA:77,0
DA:84,0
DA:85,0
DA:88,0
DA:89,0
DA:96,0
DA:99,0
DA:107,0
DA:124,0
DA:126,0
DA:141,0
DA:142,0
DA:148,0
DA:149,0
DA:150,0
DA:153,0
DA:167,0
DA:168,0
DA:175,0
DA:182,0
DA:193,0
DA:194,0
DA:200,0
DA:201,0
DA:203,0
DA:204,0
DA:205,0
DA:207,0
DA:212,0
DA:213,0
DA:219,0
DA:220,0
DA:222,0
DA:223,0
DA:224,0
DA:231,0
DA:232,0
DA:234,0
DA:236,0
DA:243,0
DA:245,0
DA:246,0
DA:252,0
DA:253,0
DA:262,0
DA:263,0
DA:264,0
DA:266,0
DA:273,0
DA:278,0
DA:279,0
DA:285,0
DA:286,0
DA:287,0
DA:289,0
DA:290,0
DA:295,0
DA:297,0
DA:300,0
DA:304,0
DA:311,0
DA:312,0
DA:323,0
DA:324,0
DA:332,0
DA:333,0
DA:334,0
DA:346,0
DA:351,0
DA:352,0
DA:358,0
DA:359,0
DA:360,0
DA:362,0
DA:363,0
DA:369,0
DA:371,0
DA:382,0
DA:388,0
DA:389,0
DA:395,0
DA:396,0
DA:398,0
DA:408,0
DA:413,0
DA:414,0
DA:420,0
DA:421,0
DA:422,0
DA:423,0
DA:424,0
DA:426,0
DA:431,0
DA:433,0
DA:434,0
DA:439,0
DA:440,0
DA:446,0
DA:454,0
DA:460,0
DA:466,0
DA:467,0
DA:473,0
LF:126
LH:0
BRDA:4,0,0,0
BRDA:4,0,1,0
BRDA:31,1,0,0
BRDA:31,1,1,0
BRDA:31,1,2,0
BRDA:31,1,3,0
BRDA:36,2,0,0
BRDA:36,2,1,0
BRDA:61,3,0,0
BRDA:61,3,1,0
BRDA:84,4,0,0
BRDA:84,4,1,0
BRDA:111,5,0,0
BRDA:111,5,1,0
BRDA:117,6,0,0
BRDA:117,6,1,0
BRDA:118,7,0,0
BRDA:118,7,1,0
BRDA:120,8,0,0
BRDA:120,8,1,0
BRDA:137,9,0,0
BRDA:137,9,1,0
BRDA:138,10,0,0
BRDA:138,10,1,0
BRDA:187,11,0,0
BRDA:187,11,1,0
BRDA:212,12,0,0
BRDA:212,12,1,0
BRDA:222,13,0,0
BRDA:222,13,1,0
BRDA:245,14,0,0
BRDA:245,14,1,0
BRDA:289,15,0,0
BRDA:289,15,1,0
BRDA:306,16,0,0
BRDA:306,16,1,0
BRDA:311,17,0,0
BRDA:311,17,1,0
BRDA:362,18,0,0
BRDA:362,18,1,0
BRDA:362,19,0,0
BRDA:362,19,1,0
BRDA:433,20,0,0
BRDA:433,20,1,0
BRDA:439,21,0,0
BRDA:439,21,1,0
BRF:46
BRH:0
end_of_record
TN:
SF:controllers\documentController.js
FN:15,(anonymous_0)
FN:23,(anonymous_1)
FN:162,(anonymous_2)
FN:263,(anonymous_3)
FN:287,(anonymous_4)
FN:317,(anonymous_5)
FN:440,(anonymous_6)
FN:568,(anonymous_7)
FN:586,(anonymous_8)
FN:617,(anonymous_9)
FN:672,(anonymous_10)
FN:769,(anonymous_11)
FN:792,(anonymous_12)
FN:904,(anonymous_13)
FN:961,(anonymous_14)
FN:1013,(anonymous_15)
FN:1064,(anonymous_16)
FN:1115,(anonymous_17)
FN:1149,(anonymous_18)
FN:1171,(anonymous_19)
FN:1195,(anonymous_20)
FN:1213,(anonymous_21)
FN:1243,(anonymous_22)
FN:1303,(anonymous_23)
FN:1336,(anonymous_24)
FN:1354,(anonymous_25)
FN:1396,(anonymous_26)
FNF:27
FNH:0
FNDA:0,(anonymous_0)
FNDA:0,(anonymous_1)
FNDA:0,(anonymous_2)
FNDA:0,(anonymous_3)
FNDA:0,(anonymous_4)
FNDA:0,(anonymous_5)
FNDA:0,(anonymous_6)
FNDA:0,(anonymous_7)
FNDA:0,(anonymous_8)
FNDA:0,(anonymous_9)
FNDA:0,(anonymous_10)
FNDA:0,(anonymous_11)
FNDA:0,(anonymous_12)
FNDA:0,(anonymous_13)
FNDA:0,(anonymous_14)
FNDA:0,(anonymous_15)
FNDA:0,(anonymous_16)
FNDA:0,(anonymous_17)
FNDA:0,(anonymous_18)
FNDA:0,(anonymous_19)
FNDA:0,(anonymous_20)
FNDA:0,(anonymous_21)
FNDA:0,(anonymous_22)
FNDA:0,(anonymous_23)
FNDA:0,(anonymous_24)
FNDA:0,(anonymous_25)
FNDA:0,(anonymous_26)
DA:1,0
DA:2,0
DA:3,0
DA:4,0
DA:5,0
DA:6,0
DA:7,0
DA:24,0
DA:25,0
DA:146,0
DA:151,0
DA:152,0
DA:163,0
DA:164,0
DA:165,0
DA:168,0
DA:169,0
DA:176,0
DA:181,0
DA:183,0
DA:184,0
DA:193,0
DA:194,0
DA:201,0
DA:206,0
DA:207,0
DA:214,0
DA:217,0
DA:235,0
DA:240,0
DA:252,0
DA:253,0
DA:264,0
DA:265,0
DA:266,0
DA:268,0
DA:271,0
DA:272,0
DA:276,0
DA:277,0
DA:281,0
DA:282,0
DA:284,0
DA:287,0
DA:297,0
DA:306,0
DA:307,0
DA:318,0
DA:319,0
DA:320,0
DA:321,0
DA:324,0
DA:326,0
DA:327,0
DA:334,0
DA:335,0
DA:336,0
DA:338,0
DA:342,0
DA:350,0
DA:353,0
DA:354,0
DA:357,0
DA:370,0
DA:371,0
DA:378,0
DA:380,0
DA:381,0
DA:384,0
DA:386,0
DA:387,0
DA:406,0
DA:411,0
DA:417,0
DA:429,0
DA:430,0
DA:441,0
DA:442,0
DA:443,0
DA:445,0
DA:446,0
DA:453,0
DA:469,0
DA:470,0
DA:471,0
DA:473,0
DA:477,0
DA:479,0
DA:480,0
DA:487,0
DA:490,0
DA:496,0
DA:497,0
DA:498,0
DA:505,0
DA:506,0
DA:509,0
DA:511,0
DA:516,0
DA:521,0
DA:528,0
DA:529,0
DA:530,0
DA:533,0
DA:536,0
DA:539,0
DA:543,0
DA:549,0
DA:550,0
DA:555,0
DA:556,0
DA:557,0
DA:569,0
DA:570,0
DA:572,0
DA:586,0
DA:597,0
DA:606,0
DA:607,0
DA:618,0
DA:619,0
DA:621,0
DA:622,0
DA:629,0
DA:634,0
DA:635,0
DA:642,0
DA:643,0
DA:645,0
DA:647,0
DA:661,0
DA:662,0
DA:673,0
DA:674,0
DA:676,0
DA:677,0
DA:684,0
DA:700,0
DA:703,0
DA:704,0
DA:705,0
DA:707,0
DA:725,0
DA:732,0
DA:734,0
DA:738,0
DA:753,0
DA:758,0
DA:759,0
DA:770,0
DA:786,0
DA:793,0
DA:795,0
DA:798,0
DA:799,0
DA:802,0
DA:803,0
DA:804,0
DA:805,0
DA:806,0
DA:809,0
DA:810,0
DA:811,0
DA:812,0
DA:813,0
DA:816,0
DA:817,0
DA:820,0
DA:822,0
DA:824,0
DA:830,0
DA:832,0
DA:838,0
DA:840,0
DA:846,0
DA:848,0
DA:854,0
DA:856,0
DA:860,0
DA:861,0
DA:864,0
DA:865,0
DA:866,0
DA:867,0
DA:871,0
DA:872,0
DA:873,0
DA:876,0
DA:877,0
DA:878,0
DA:881,0
DA:882,0
DA:883,0
DA:889,0
DA:890,0
DA:891,0
DA:897,0
DA:898,0
DA:906,0
DA:908,0
DA:909,0
DA:910,0
DA:912,0
DA:913,0
DA:915,0
DA:916,0
DA:917,0
DA:919,0
DA:920,0
DA:921,0
DA:923,0
DA:926,0
DA:927,0
DA:929,0
DA:930,0
DA:932,0
DA:937,0
DA:938,0
DA:939,0
DA:941,0
DA:942,0
DA:943,0
DA:946,0
DA:951,0
DA:952,0
DA:953,0
DA:955,0
DA:963,0
DA:965,0
DA:966,0
DA:967,0
DA:969,0
DA:970,0
DA:972,0
DA:973,0
DA:974,0
DA:976,0
DA:977,0
DA:978,0
DA:980,0
DA:981,0
DA:983,0
DA:988,0
DA:989,0
DA:994,0
DA:996,0
DA:997,0
DA:998,0
DA:999,0
DA:1002,0
DA:1003,0
DA:1004,0
DA:1007,0
DA:1015,0
DA:1017,0
DA:1018,0
DA:1019,0
DA:1021,0
DA:1022,0
DA:1024,0
DA:1025,0
DA:1026,0
DA:1028,0
DA:1029,0
DA:1030,0
DA:1032,0
DA:1033,0
DA:1035,0
DA:1040,0
DA:1041,0
DA:1046,0
DA:1048,0
DA:1049,0
DA:1050,0
DA:1053,0
DA:1054,0
DA:1055,0
DA:1058,0
DA:1066,0
DA:1068,0
DA:1069,0
DA:1070,0
DA:1072,0
DA:1073,0
DA:1075,0
DA:1076,0
DA:1077,0
DA:1079,0
DA:1080,0
DA:1081,0
DA:1083,0
DA:1084,0
DA:1086,0
DA:1091,0
DA:1092,0
DA:1093,0
DA:1095,0
DA:1096,0
DA:1097,0
DA:1100,0
DA:1105,0
DA:1106,0
DA:1107,0
DA:1109,0
DA:1117,0
DA:1118,0
DA:1120,0
DA:1121,0
DA:1122,0
DA:1124,0
DA:1125,0
DA:1127,0
DA:1128,0
DA:1129,0
DA:1131,0
DA:1132,0
DA:1133,0
DA:1135,0
DA:1136,0
DA:1139,0
DA:1140,0
DA:1141,0
DA:1143,0
DA:1150,0
DA:1165,0
DA:1172,0
DA:1187,0
DA:1196,0
DA:1197,0
DA:1202,0
DA:1204,0
DA:1206,0
DA:1214,0
DA:1216,0
DA:1221,0
DA:1235,0
DA:1244,0
DA:1247,0
DA:1248,0
DA:1249,0
DA:1253,0
DA:1261,0
DA:1269,0
DA:1276,0
DA:1278,0
DA:1279,0
DA:1281,0
DA:1282,0
DA:1283,0
DA:1284,0
DA:1285,0
DA:1286,0
DA:1288,0
DA:1289,0
DA:1293,0
DA:1294,0
DA:1296,0
DA:1304,0
DA:1305,0
DA:1308,0
DA:1309,0
DA:1310,0
DA:1311,0
DA:1314,0
DA:1315,0
DA:1316,0
DA:1319,0
DA:1328,0
DA:1330,0
DA:1337,0
DA:1338,0
DA:1343,0
DA:1345,0
DA:1355,0
DA:1356,0
DA:1358,0
DA:1374,0
DA:1375,0
DA:1376,0
DA:1377,0
DA:1378,0
DA:1379,0
DA:1388,0
DA:1390,0
DA:1398,0
DA:1399,0
DA:1404,0
DA:1485,0
DA:1489,0
LF:389
LH:0
BRDA:1,0,0,0
BRDA:1,0,1,0
BRDA:165,1,0,0
BRDA:165,1,1,0
BRDA:168,2,0,0
BRDA:168,2,1,0
BRDA:181,3,0,0
BRDA:181,3,1,0
BRDA:181,4,0,0
BRDA:181,4,1,0
BRDA:183,5,0,0
BRDA:183,5,1,0
BRDA:193,6,0,0
BRDA:193,6,1,0
BRDA:193,7,0,0
BRDA:193,7,1,0
BRDA:206,8,0,0
BRDA:206,8,1,0
BRDA:221,9,0,0
BRDA:221,9,1,0
BRDA:265,10,0,0
BRDA:265,11,0,0
BRDA:266,12,0,0
BRDA:266,12,1,0
BRDA:271,13,0,0
BRDA:271,13,1,0
BRDA:276,14,0,0
BRDA:276,14,1,0
BRDA:320,15,0,0
BRDA:321,16,0,0
BRDA:321,16,1,0
BRDA:326,17,0,0
BRDA:326,17,1,0
BRDA:336,18,0,0
BRDA:336,18,1,0
BRDA:378,19,0,0
BRDA:378,19,1,0
BRDA:380,20,0,0
BRDA:380,20,1,0
BRDA:381,21,0,0
BRDA:381,21,1,0
BRDA:381,22,0,0
BRDA:381,22,1,0
BRDA:386,23,0,0
BRDA:386,23,1,0
BRDA:391,24,0,0
BRDA:391,24,1,0
BRDA:445,25,0,0
BRDA:445,25,1,0
BRDA:445,26,0,0
BRDA:445,26,1,0
BRDA:469,27,0,0
BRDA:469,27,1,0
BRDA:471,28,0,0
BRDA:471,28,1,0
BRDA:479,29,0,0
BRDA:479,29,1,0
BRDA:487,30,0,0
BRDA:487,30,1,0
BRDA:496,31,0,0
BRDA:496,31,1,0
BRDA:505,32,0,0
BRDA:505,32,1,0
BRDA:509,33,0,0
BRDA:509,33,1,0
BRDA:509,34,0,0
BRDA:509,34,1,0
BRDA:549,35,0,0
BRDA:549,35,1,0
BRDA:556,36,0,0
BRDA:556,36,1,0
BRDA:570,37,0,0
BRDA:570,38,0,0
BRDA:589,39,0,0
BRDA:589,39,1,0
BRDA:594,40,0,0
BRDA:594,40,1,0
BRDA:621,41,0,0
BRDA:621,41,1,0
BRDA:634,42,0,0
BRDA:634,42,1,0
BRDA:657,43,0,0
BRDA:657,43,1,0
BRDA:676,44,0,0
BRDA:676,44,1,0
BRDA:700,45,0,0
BRDA:700,45,1,0
BRDA:703,46,0,0
BRDA:703,46,1,0
BRDA:703,47,0,0
BRDA:703,47,1,0
BRDA:704,48,0,0
BRDA:704,48,1,0
BRDA:705,49,0,0
BRDA:705,49,1,0
BRDA:718,50,0,0
BRDA:718,50,1,0
BRDA:719,51,0,0
BRDA:719,51,1,0
BRDA:732,52,0,0
BRDA:732,52,1,0
BRDA:734,53,0,0
BRDA:734,53,1,0
BRDA:743,54,0,0
BRDA:743,54,1,0
BRDA:745,55,0,0
BRDA:745,55,1,0
BRDA:746,56,0,0
BRDA:746,56,1,0
BRDA:747,57,0,0
BRDA:747,57,1,0
BRDA:786,58,0,0
BRDA:786,58,1,0
BRDA:795,59,0,0
BRDA:795,59,1,0
BRDA:822,60,0,0
BRDA:822,60,1,0
BRDA:822,60,2,0
BRDA:822,60,3,0
BRDA:822,60,4,0
BRDA:864,61,0,0
BRDA:864,61,1,0
BRDA:871,62,0,0
BRDA:871,62,1,0
BRDA:906,63,0,0
BRDA:906,63,1,0
BRDA:920,64,0,0
BRDA:920,64,1,0
BRDA:923,65,0,0
BRDA:923,65,1,0
BRDA:929,66,0,0
BRDA:929,66,1,0
BRDA:941,67,0,0
BRDA:941,67,1,0
BRDA:963,68,0,0
BRDA:963,68,1,0
BRDA:977,69,0,0
BRDA:977,69,1,0
BRDA:980,70,0,0
BRDA:980,70,1,0
BRDA:996,71,0,0
BRDA:996,71,1,0
BRDA:996,72,0,0
BRDA:996,72,1,0
BRDA:997,73,0,0
BRDA:997,73,1,0
BRDA:1002,74,0,0
BRDA:1002,74,1,0
BRDA:1015,75,0,0
BRDA:1015,75,1,0
BRDA:1029,76,0,0
BRDA:1029,76,1,0
BRDA:1032,77,0,0
BRDA:1032,77,1,0
BRDA:1048,78,0,0
BRDA:1048,78,1,0
BRDA:1053,79,0,0
BRDA:1053,79,1,0
BRDA:1066,80,0,0
BRDA:1066,80,1,0
BRDA:1080,81,0,0
BRDA:1080,81,1,0
BRDA:1083,82,0,0
BRDA:1083,82,1,0
BRDA:1095,83,0,0
BRDA:1095,83,1,0
BRDA:1117,84,0,0
BRDA:1117,84,1,0
BRDA:1132,85,0,0
BRDA:1132,85,1,0
BRDA:1135,86,0,0
BRDA:1135,86,1,0
BRDA:1165,87,0,0
BRDA:1165,87,1,0
BRDA:1175,88,0,0
BRDA:1175,88,1,0
BRDA:1175,89,0,0
BRDA:1175,89,1,0
BRDA:1176,90,0,0
BRDA:1176,90,1,0
BRDA:1176,91,0,0
BRDA:1176,91,1,0
BRDA:1176,92,0,0
BRDA:1176,92,1,0
BRDA:1176,93,0,0
BRDA:1176,93,1,0
BRDA:1176,94,0,0
BRDA:1176,94,1,0
BRDA:1176,95,0,0
BRDA:1176,95,1,0
BRDA:1181,96,0,0
BRDA:1181,96,1,0
BRDA:1181,97,0,0
BRDA:1181,97,1,0
BRDA:1181,98,0,0
BRDA:1181,98,1,0
BRDA:1181,98,2,0
BRDA:1184,99,0,0
BRDA:1184,99,1,0
BRDA:1185,100,0,0
BRDA:1185,100,1,0
BRDA:1185,101,0,0
BRDA:1185,101,1,0
BRDA:1188,102,0,0
BRDA:1188,102,1,0
BRDA:1216,103,0,0
BRDA:1216,103,1,0
BRDA:1218,104,0,0
BRDA:1218,104,1,0
BRDA:1230,105,0,0
BRDA:1230,105,1,0
BRDA:1253,106,0,0
BRDA:1253,106,1,0
BRDA:1253,106,2,0
BRDA:1261,107,0,0
BRDA:1261,107,1,0
BRDA:1261,107,2,0
BRDA:1261,107,3,0
BRDA:1261,107,4,0
BRDA:1261,107,5,0
BRDA:1269,108,0,0
BRDA:1269,108,1,0
BRDA:1269,108,2,0
BRDA:1269,108,3,0
BRDA:1269,108,4,0
BRDA:1269,108,5,0
BRDA:1278,109,0,0
BRDA:1278,109,1,0
BRDA:1285,110,0,0
BRDA:1285,110,1,0
BRDA:1311,111,0,0
BRDA:1311,111,1,0
BRDA:1314,112,0,0
BRDA:1314,112,1,0
BRDA:1315,113,0,0
BRDA:1315,113,1,0
BRDA:1315,114,0,0
BRDA:1315,114,1,0
BRDA:1315,114,2,0
BRDA:1319,115,0,0
BRDA:1319,115,1,0
BRDA:1375,116,0,0
BRDA:1375,116,1,0
BRDA:1377,117,0,0
BRDA:1377,117,1,0
BRDA:1398,118,0,0
BRDA:1398,118,1,0
BRDA:1399,119,0,0
BRDA:1399,119,1,0
BRDA:1407,120,0,0
BRDA:1407,120,1,0
BRDA:1408,121,0,0
BRDA:1408,121,1,0
BRDA:1416,122,0,0
BRDA:1416,122,1,0
BRDA:1417,123,0,0
BRDA:1417,123,1,0
BRDA:1419,124,0,0
BRDA:1419,124,1,0
BRDA:1420,125,0,0
BRDA:1420,125,1,0
BRDA:1421,126,0,0
BRDA:1421,126,1,0
BRDA:1422,127,0,0
BRDA:1422,127,1,0
BRDA:1434,128,0,0
BRDA:1434,128,1,0
BRDA:1435,129,0,0
BRDA:1435,129,1,0
BRDA:1436,130,0,0
BRDA:1436,130,1,0
BRDA:1437,131,0,0
BRDA:1437,131,1,0
BRDA:1441,132,0,0
BRDA:1441,132,1,0
BRDA:1442,133,0,0
BRDA:1442,133,1,0
BRDA:1443,134,0,0
BRDA:1443,134,1,0
BRDA:1444,135,0,0
BRDA:1444,135,1,0
BRDA:1445,136,0,0
BRDA:1445,136,1,0
BRDA:1449,137,0,0
BRDA:1449,137,1,0
BRDA:1450,138,0,0
BRDA:1450,138,1,0
BRDA:1451,139,0,0
BRDA:1451,139,1,0
BRDA:1454,140,0,0
BRDA:1454,140,1,0
BRDA:1455,141,0,0
BRDA:1455,141,1,0
BRDA:1458,142,0,0
BRDA:1458,142,1,0
BRDA:1459,143,0,0
BRDA:1459,143,1,0
BRDA:1460,144,0,0
BRDA:1460,144,1,0
BRDA:1462,145,0,0
BRDA:1462,145,1,0
BRDA:1463,146,0,0
BRDA:1463,146,1,0
BRDA:1464,147,0,0
BRDA:1464,147,1,0
BRDA:1467,148,0,0
BRDA:1467,148,1,0
BRDA:1468,149,0,0
BRDA:1468,149,1,0
BRDA:1469,150,0,0
BRDA:1469,150,1,0
BRDA:1472,151,0,0
BRDA:1472,151,1,0
BRDA:1476,152,0,0
BRDA:1476,152,1,0
BRDA:1477,153,0,0
BRDA:1477,153,1,0
BRDA:1479,154,0,0
BRDA:1479,154,1,0
BRF:319
BRH:0
end_of_record
TN:
SF:controllers\householdController.js
FN:1,(anonymous_0)
FN:51,(anonymous_1)
FN:75,(anonymous_2)
FN:103,(anonymous_3)
FN:142,(anonymous_4)
FNF:5
FNH:0
FNDA:0,(anonymous_0)
FNDA:0,(anonymous_1)
FNDA:0,(anonymous_2)
FNDA:0,(anonymous_3)
FNDA:0,(anonymous_4)
DA:1,0
DA:2,0
DA:3,0
DA:4,0
DA:5,0
DA:7,0
DA:8,0
DA:10,0
DA:11,0
DA:12,0
DA:15,0
DA:29,0
DA:36,0
DA:46,0
DA:47,0
DA:51,0
DA:52,0
DA:53,0
DA:54,0
DA:64,0
DA:65,0
DA:68,0
DA:70,0
DA:71,0
DA:75,0
DA:76,0
DA:77,0
DA:78,0
DA:80,0
DA:82,0
DA:96,0
DA:98,0
DA:99,0
DA:103,0
DA:104,0
DA:105,0
DA:106,0
DA:108,0
DA:109,0
DA:111,0
DA:112,0
DA:113,0
DA:115,0
DA:116,0
DA:117,0
DA:119,0
DA:120,0
DA:121,0
DA:123,0
DA:124,0
DA:125,0
DA:128,0
DA:129,0
DA:132,0
DA:133,0
DA:135,0
DA:137,0
DA:138,0
DA:142,0
DA:143,0
DA:144,0
DA:145,0
DA:150,0
DA:151,0
DA:154,0
DA:155,0
DA:157,0
DA:158,0
LF:68
LH:0
BRDA:4,0,0,0
BRDA:4,1,0,0
BRDA:10,2,0,0
BRDA:10,2,1,0
BRDA:64,3,0,0
BRDA:64,3,1,0
[...]
DA:397,0
DA:398,0
DA:400,0
DA:403,0
DA:405,0
DA:409,0
LF:132
LH:0
BRDA:12,0,0,0
BRDA:12,0,1,0
BRDA:13,1,0,0
BRDA:13,1,1,0
BRDA:15,2,0,0
BRDA:15,2,1,0
BRDA:16,3,0,0
BRDA:16,3,1,0
BRDA:97,4,0,0
BRDA:97,4,1,0
BRDA:108,5,0,0
BRDA:108,5,1,0
BRDA:136,6,0,0
BRDA:136,6,1,0
BRDA:136,6,2,0
BRDA:152,7,0,0
BRDA:152,7,1,0
BRDA:159,8,0,0
BRDA:159,8,1,0
BRDA:171,9,0,0
BRDA:171,9,1,0
BRDA:171,9,2,0
BRDA:174,10,0,0
BRDA:174,10,1,0
BRDA:183,11,0,0
BRDA:183,11,1,0
BRDA:204,12,0,0
BRDA:204,12,1,0
BRDA:275,13,0,0
BRDA:275,13,1,0
BRDA:280,14,0,0
BRDA:280,14,1,0
BRDA:313,15,0,0
BRDA:313,15,1,0
BRDA:326,16,0,0
BRDA:326,16,1,0
BRDA:339,17,0,0
BRDA:339,17,1,0
BRDA:362,18,0,0
BRDA:362,18,1,0
BRDA:362,18,2,0
BRDA:363,19,0,0
BRDA:363,19,1,0
BRDA:397,20,0,0
BRDA:397,20,1,0
BRF:45
BRH:0
end_of_record
TN:
SF:scripts\run_benchmarks.js
FN:10,login
FN:23,benchmarkEndpoint
FN:43,(anonymous_2)
FN:44,(anonymous_3)
FN:59,run
FNF:5
FNH:0
FNDA:0,login
FNDA:0,benchmarkEndpoint
FNDA:0,(anonymous_2)
FNDA:0,(anonymous_3)
FNDA:0,run
DA:1,0
DA:2,0
DA:3,0
DA:4,0
DA:6,0
DA:11,0
DA:12,0
DA:16,0
DA:18,0
DA:19,0
DA:24,0
DA:25,0
DA:26,0
DA:28,0
DA:29,0
DA:30,0
DA:31,0
DA:34,0
DA:36,0
DA:38,0
DA:41,0
DA:43,0
DA:44,0
DA:45,0
DA:46,0
DA:47,0
DA:48,0
DA:50,0
DA:51,0
DA:52,0
DA:53,0
DA:54,0
DA:55,0
DA:56,0
DA:60,0
DA:61,0
DA:63,0
DA:64,0
DA:72,0
LF:39
LH:0
BRDA:6,0,0,0
BRDA:6,0,1,0
BRDA:14,1,0,0
BRDA:14,1,1,0
BRDA:18,2,0,0
BRDA:18,2,1,0
BRDA:23,3,0,0
BRDA:38,4,0,0
BRDA:38,4,1,0
BRDA:41,5,0,0
BRDA:41,5,1,0
BRF:11
BRH:0
end_of_record
TN:
SF:scripts\seed_presentation_data.js
FN:22,(anonymous_0)
FN:26,(anonymous_1)
FN:30,(anonymous_2)
FN:33,seedPresentationData
FNF:4
FNH:0
FNDA:0,(anonymous_0)
FNDA:0,(anonymous_1)
FNDA:0,(anonymous_2)
FNDA:0,seedPresentationData
DA:1,0
DA:2,0
DA:3,0
DA:4,0
DA:6,0
DA:7,0
DA:9,0
DA:10,0
DA:11,0
DA:12,0
DA:15,0
DA:16,0
DA:17,0
DA:22,0
DA:23,0
DA:26,0
DA:27,0
DA:30,0
DA:31,0
DA:34,0
DA:36,0
DA:38,0
DA:39,0
DA:40,0
DA:41,0
DA:44,0
DA:45,0
DA:46,0
DA:48,0
DA:74,0
DA:77,0
DA:80,0
DA:83,0
DA:84,0
DA:86,0
DA:131,0
DA:132,0
DA:133,0
DA:135,0
DA:138,0
DA:139,0
DA:165,0
DA:168,0
DA:170,0
DA:171,0
DA:173,0
DA:196,0
DA:199,0
DA:200,0
DA:202,0
DA:204,0
DA:205,0
DA:207,0
DA:216,0
DA:217,0
DA:230,0
DA:231,0
DA:232,0
DA:233,0
DA:234,0
DA:236,0
DA:238,0
DA:239,0
DA:240,0
DA:242,0
DA:246,0
LF:66
LH:0
BRDA:9,0,0,0
BRDA:9,0,1,0
BRDA:11,1,0,0
BRDA:11,1,1,0
BRDA:16,2,0,0
BRDA:16,2,1,0
BRDA:46,3,0,0
BRDA:46,3,1,0
BRDA:199,4,0,0
BRDA:199,4,1,0
BRDA:204,5,0,0
BRDA:204,5,1,0
BRF:12
BRH:0
end_of_record
TN:
SF:scripts\test_db_connection.js
FN:28,testConnection
FNF:1
FNH:0
FNDA:0,testConnection
DA:1,0
DA:2,0
DA:5,0
DA:6,0
DA:8,0
DA:9,0
DA:10,0
DA:11,0
DA:13,0
DA:16,0
DA:18,0
DA:19,0
DA:21,0
DA:22,0
DA:23,0
DA:24,0
DA:26,0
DA:29,0
DA:31,0
DA:32,0
DA:36,0
DA:38,0
DA:39,0
DA:43,0
DA:46,0
DA:47,0
DA:48,0
DA:50,0
DA:54,0
DA:55,0
DA:57,0
DA:58,0
DA:60,0
DA:61,0
DA:62,0
DA:64,0
DA:68,0
LF:37
LH:0
BRDA:8,0,0,0
BRDA:8,0,1,0
BRDA:10,1,0,0
BRDA:10,1,1,0
BRDA:18,2,0,0
BRDA:18,2,1,0
BRDA:47,3,0,0
BRDA:47,3,1,0
BRF:8
BRH:0
end_of_record
TN:
SF:seeds\01_initial_data.js
FN:3,(anonymous_0)
FNF:1
FNH:0
FNDA:0,(anonymous_0)
DA:1,0
DA:3,0
DA:5,0
DA:6,0
DA:7,0
DA:8,0
DA:9,0
DA:10,0
DA:11,0
DA:12,0
DA:13,0
DA:14,0
DA:15,0
DA:22,0
DA:33,0
DA:34,0
DA:35,0
DA:36,0
DA:39,0
DA:64,0
DA:108,0
DA:111,0
DA:127,0
DA:248,0
DA:251,0
DA:256,0
DA:263,0
DA:300,0
DA:315,0
LF:29
LH:0
BRF:0
BRH:0
end_of_record
TN:
SF:seeds\02_hierarchy_setup.js
FN:3,(anonymous_0)
FNF:1
FNH:0
FNDA:0,(anonymous_0)
DA:1,0
DA:3,0
DA:8,0
DA:11,0
DA:12,0
DA:13,0
DA:14,0
DA:17,0
DA:18,0
DA:19,0
DA:27,0
DA:29,0
DA:35,0
DA:38,0
DA:44,0
DA:50,0
DA:56,0
DA:57,0
DA:58,0
DA:59,0
DA:60,0
DA:61,0
LF:22
LH:0
BRDA:18,0,0,0
BRDA:18,0,1,0
BRF:2
BRH:0
end_of_record
TN:
SF:seeds\03_initial_staff_users.js
FN:4,(anonymous_0)
FNF:1
FNH:0
FNDA:0,(anonymous_0)
DA:1,0
DA:2,0
DA:4,0
DA:6,0
DA:18,0
DA:19,0
DA:20,0
DA:22,0
DA:25,0
DA:64,0
DA:65,0
LF:11
LH:0
BRDA:19,0,0,0
BRDA:19,0,1,0
BRF:2
BRH:0
end_of_record
TN:
SF:seeds\initial_admin.js
FN:5,(anonymous_0)
FNF:1
FNH:0
FNDA:0,(anonymous_0)
DA:5,0
DA:6,0
DA:9,0
DA:11,0
DA:12,0
DA:13,0
DA:16,0
DA:17,0
DA:18,0
DA:20,0
DA:23,0
DA:35,0
DA:36,0
LF:13
LH:0
BRDA:11,0,0,0
BRDA:11,0,1,0
BRDA:17,1,0,0
BRDA:17,1,1,0
BRF:4
BRH:0
end_of_record
TN:
SF:services\AIAnalysisService.js
FN:4,(anonymous_0)
FN:15,(anonymous_1)
FN:38,(anonymous_2)
FN:54,(anonymous_3)
FN:117,(anonymous_4)
FNF:5
FNH:0
FNDA:0,(anonymous_0)
FNDA:0,(anonymous_1)
FNDA:0,(anonymous_2)
FNDA:0,(anonymous_3)
FNDA:0,(anonymous_4)
DA:1,0
DA:5,0
DA:20,0
DA:23,0
DA:24,0
DA:27,0
DA:30,0
DA:39,0
DA:40,0
DA:41,0
DA:62,0
DA:63,0
DA:66,0
DA:84,0
DA:85,0
DA:86,0
DA:104,0
DA:106,0
DA:108,0
DA:118,0
DA:119,0
DA:120,0
DA:122,0
DA:126,0
LF:24
LH:0
BRDA:15,0,0,0
BRDA:15,1,0,0
BRDA:24,2,0,0
BRDA:24,2,1,0
BRDA:39,3,0,0
BRDA:39,3,1,0
BRDA:59,4,0,0
BRDA:60,5,0,0
BRDA:84,6,0,0
BRDA:84,6,1,0
BRDA:97,7,0,0
BRDA:97,7,1,0
BRDA:98,8,0,0
BRDA:98,8,1,0
BRF:14
BRH:0
end_of_record
TN:
SF:services\DatabaseService.js
FN:4,(anonymous_0)
FN:9,(anonymous_1)
FN:14,(anonymous_2)
FN:30,(anonymous_3)
FN:31,(anonymous_4)
FN:42,(anonymous_5)
FN:48,(anonymous_6)
FN:54,(anonymous_7)
FN:57,(anonymous_8)
FN:65,(anonymous_9)
FN:68,(anonymous_10)
FN:76,(anonymous_11)
FN:83,(anonymous_12)
FN:90,(anonymous_13)
FNF:14
FNH:0
FNDA:0,(anonymous_0)
FNDA:0,(anonymous_1)
FNDA:0,(anonymous_2)
FNDA:0,(anonymous_3)
FNDA:0,(anonymous_4)
FNDA:0,(anonymous_5)
FNDA:0,(anonymous_6)
FNDA:0,(anonymous_7)
FNDA:0,(anonymous_8)
FNDA:0,(anonymous_9)
FNDA:0,(anonymous_10)
FNDA:0,(anonymous_11)
FNDA:0,(anonymous_12)
FNDA:0,(anonymous_13)
DA:1,0
DA:5,0
DA:10,0
DA:15,0
DA:16,0
DA:17,0
DA:18,0
DA:19,0
DA:20,0
DA:22,0
DA:23,0
DA:25,0
DA:31,0
DA:32,0
DA:33,0
DA:34,0
DA:35,0
DA:37,0
DA:43,0
DA:44,0
DA:49,0
DA:50,0
DA:55,0
DA:56,0
DA:57,0
DA:59,0
DA:60,0
DA:61,0
DA:66,0
DA:67,0
DA:68,0
DA:70,0
DA:71,0
DA:72,0
DA:77,0
DA:78,0
DA:79,0
DA:84,0
DA:85,0
DA:86,0
DA:91,0
DA:92,0
DA:93,0
DA:97,0
LF:44
LH:0
BRDA:9,0,0,0
BRDA:42,1,0,0
BRDA:44,2,0,0
BRDA:44,2,1,0
BRDA:48,3,0,0
BRDA:65,4,0,0
BRDA:76,5,0,0
BRDA:83,6,0,0
BRDA:90,7,0,0
BRDA:90,8,0,0
BRF:10
BRH:0
end_of_record
TN:
SF:services\blotterRequestService.js
FN:3,fetchResident
FN:8,buildComplainantDetails
FN:20,buildRespondentDetails
FN:42,approveRequest
FNF:4
FNH:0
FNDA:0,fetchResident
FNDA:0,buildComplainantDetails
FNDA:0,buildRespondentDetails
FNDA:0,approveRequest
DA:1,0
DA:4,0
DA:5,0
DA:9,0
DA:10,0
DA:21,0
DA:22,0
DA:23,0
DA:31,0
DA:32,0
DA:39,0
DA:43,0
DA:44,0
DA:45,0
DA:47,0
DA:51,0
DA:52,0
DA:54,0
DA:56,0
DA:57,0
DA:59,0
DA:60,0
DA:61,0
DA:62,0
DA:70,0
DA:71,0
DA:74,0
DA:79,0
DA:80,0
DA:99,0
DA:108,0
DA:117,0
DA:118,0
DA:120,0
DA:121,0
DA:123,0
DA:125,0
DA:129,0
LF:38
LH:0
BRDA:5,0,0,0
BRDA:5,0,1,0
BRDA:8,1,0,0
BRDA:9,2,0,0
BRDA:9,2,1,0
BRDA:21,3,0,0
BRDA:21,3,1,0
BRDA:22,4,0,0
BRDA:22,4,1,0
BRDA:25,5,0,0
BRDA:25,5,1,0
BRDA:25,5,2,0
BRDA:26,6,0,0
BRDA:26,6,1,0
BRDA:27,7,0,0
BRDA:27,7,1,0
BRDA:28,8,0,0
BRDA:28,8,1,0
BRDA:31,9,0,0
BRDA:31,9,1,0
BRDA:34,10,0,0
BRDA:34,10,1,0
BRDA:35,11,0,0
BRDA:35,11,1,0
BRDA:36,12,0,0
BRDA:36,12,1,0
BRDA:51,13,0,0
BRDA:51,13,1,0
BRDA:60,14,0,0
BRDA:60,14,1,0
BRDA:64,15,0,0
BRDA:64,15,1,0
BRDA:66,16,0,0
BRDA:66,16,1,0
BRDA:67,17,0,0
BRDA:67,17,1,0
BRDA:68,18,0,0
BRDA:68,18,1,0
BRDA:70,19,0,0
BRDA:70,19,1,0
BRDA:79,20,0,0
BRDA:79,20,1,0
BRDA:79,21,0,0
BRDA:79,21,1,0
BRF:44
BRH:0
end_of_record
TN:
SF:services\websocketService.js
FN:6,(anonymous_0)
FN:16,(anonymous_1)
FN:17,(anonymous_2)
FN:18,(anonymous_3)
FN:31,(anonymous_4)
FN:35,(anonymous_5)
FN:50,(anonymous_6)
FN:77,(anonymous_7)
FN:85,(anonymous_8)
FN:97,(anonymous_9)
FN:99,(anonymous_10)
FN:108,(anonymous_11)
FN:110,(anonymous_12)
FN:119,(anonymous_13)
FN:123,(anonymous_14)
FNF:15
FNH:0
FNDA:0,(anonymous_0)
FNDA:0,(anonymous_1)
FNDA:0,(anonymous_2)
FNDA:0,(anonymous_3)
FNDA:0,(anonymous_4)
FNDA:0,(anonymous_5)
FNDA:0,(anonymous_6)
FNDA:0,(anonymous_7)
FNDA:0,(anonymous_8)
FNDA:0,(anonymous_9)
FNDA:0,(anonymous_10)
FNDA:0,(anonymous_11)
FNDA:0,(anonymous_12)
FNDA:0,(anonymous_13)
FNDA:0,(anonymous_14)
DA:1,0
DA:2,0
DA:7,0
DA:12,0
DA:13,0
DA:17,0
DA:18,0
DA:19,0
DA:20,0
DA:22,0
DA:23,0
DA:26,0
DA:27,0
DA:31,0
DA:32,0
DA:35,0
DA:36,0
DA:37,0
DA:41,0
DA:51,0
DA:52,0
DA:53,0
DA:54,0
DA:56,0
DA:58,0
DA:65,0
DA:67,0
DA:73,0
DA:78,0
DA:79,0
DA:80,0
DA:86,0
DA:87,0
DA:88,0
DA:89,0
DA:90,0
DA:92,0
DA:94,0
DA:98,0
DA:99,0
DA:100,0
DA:101,0
DA:102,0
DA:105,0
DA:109,0
DA:110,0
DA:111,0
DA:112,0
DA:113,0
DA:116,0
DA:120,0
DA:124,0
DA:128,0
LF:53
LH:0
BRDA:22,0,0,0
BRDA:22,0,1,0
BRDA:22,1,0,0
BRDA:22,1,1,0
BRDA:78,2,0,0
BRDA:78,2,1,0
BRDA:87,3,0,0
BRDA:87,3,1,0
BRDA:87,4,0,0
BRDA:87,4,1,0
BRDA:100,5,0,0
BRDA:100,5,1,0
BRDA:100,6,0,0
BRDA:100,6,1,0
BRDA:111,7,0,0
BRDA:111,7,1,0
BRF:16
BRH:0
end_of_record
TN:
SF:tests\integration\api.test.js
FN:10,(anonymous_0)
FN:17,(anonymous_1)
FN:63,(anonymous_2)
FN:76,(anonymous_3)
FN:77,(anonymous_4)
FN:93,(anonymous_5)
FN:105,(anonymous_6)
FN:106,(anonymous_7)
FN:115,(anonymous_8)
FN:136,(anonymous_9)
FN:137,(anonymous_10)
FN:158,(anonymous_11)
FN:182,(anonymous_12)
FN:194,(anonymous_13)
FN:203,(anonymous_14)
FN:215,(anonymous_15)
FN:216,(anonymous_16)
FN:225,(anonymous_17)
FNF:18
FNH:0
FNDA:0,(anonymous_0)
FNDA:0,(anonymous_1)
FNDA:0,(anonymous_2)
FNDA:0,(anonymous_3)
FNDA:0,(anonymous_4)
FNDA:0,(anonymous_5)
FNDA:0,(anonymous_6)
FNDA:0,(anonymous_7)
FNDA:0,(anonymous_8)
FNDA:0,(anonymous_9)
FNDA:0,(anonymous_10)
FNDA:0,(anonymous_11)
FNDA:0,(anonymous_12)
FNDA:0,(anonymous_13)
FNDA:0,(anonymous_14)
FNDA:0,(anonymous_15)
FNDA:0,(anonymous_16)
FNDA:0,(anonymous_17)
DA:1,0
DA:2,0
DA:3,0
DA:10,0
DA:17,0
DA:18,0
DA:20,0
DA:23,0
DA:26,0
DA:37,0
DA:38,0
DA:42,0
DA:43,0
DA:54,0
DA:55,0
DA:58,0
DA:63,0
DA:64,0
DA:66,0
DA:67,0
DA:70,0
DA:72,0
DA:76,0
DA:77,0
DA:78,0
DA:83,0
DA:84,0
DA:85,0
DA:86,0
DA:87,0
DA:90,0
DA:93,0
DA:94,0
DA:99,0
DA:100,0
DA:101,0
DA:105,0
DA:106,0
DA:107,0
DA:111,0
DA:112,0
DA:115,0
DA:116,0
DA:131,0
DA:132,0
DA:136,0
DA:137,0
DA:138,0
DA:154,0
DA:155,0
DA:158,0
DA:160,0
DA:176,0
DA:177,0
DA:182,0
DA:183,0
DA:188,0
DA:190,0
DA:192,0
DA:193,0
DA:194,0
DA:196,0
DA:197,0
DA:198,0
DA:203,0
DA:204,0
DA:206,0
DA:207,0
DA:208,0
DA:209,0
DA:210,0
DA:211,0
DA:215,0
DA:216,0
DA:217,0
DA:219,0
DA:220,0
DA:221,0
DA:222,0
DA:225,0
DA:227,0
LF:81
LH:0
BRDA:37,0,0,0
BRDA:37,0,1,0
BRDA:54,1,0,0
BRDA:54,1,1,0
BRDA:178,2,0,0
BRDA:178,2,1,0
BRDA:190,3,0,0
BRDA:190,3,1,0
BRDA:193,4,0,0
BRDA:193,4,1,0
BRDA:196,5,0,0
BRDA:196,5,1,0
BRF:12
BRH:0
end_of_record
TN:
SF:tests\integration\current\rbacDbSmoke.test.js
FN:10,(anonymous_0)
FN:17,(anonymous_1)
FN:22,(anonymous_2)
FN:65,(anonymous_3)
FN:70,(anonymous_4)
FN:79,(anonymous_5)
FN:88,(anonymous_6)
FN:98,(anonymous_7)
FNF:8
FNH:0
FNDA:0,(anonymous_0)
FNDA:0,(anonymous_1)
FNDA:0,(anonymous_2)
FNDA:0,(anonymous_3)
FNDA:0,(anonymous_4)
FNDA:0,(anonymous_5)
FNDA:0,(anonymous_6)
FNDA:0,(anonymous_7)
DA:1,0
DA:2,0
DA:3,0
DA:4,0
DA:5,0
DA:6,0
DA:7,0
DA:8,0
DA:10,0
DA:17,0
DA:18,0
DA:22,0
DA:23,0
DA:24,0
DA:25,0
DA:27,0
DA:28,0
DA:29,0
DA:30,0
DA:32,0
DA:33,0
DA:35,0
DA:42,0
DA:43,0
DA:53,0
DA:65,0
DA:66,0
DA:67,0
DA:70,0
DA:71,0
DA:72,0
DA:73,0
DA:74,0
DA:75,0
DA:76,0
DA:79,0
DA:80,0
DA:88,0
DA:89,0
DA:90,0
DA:93,0
DA:94,0
DA:95,0
DA:98,0
DA:99,0
DA:100,0
DA:103,0
LF:47
LH:0
BRDA:11,0,0,0
BRDA:11,0,1,0
BRDA:12,1,0,0
BRDA:12,1,1,0
BRDA:13,2,0,0
BRDA:13,2,1,0
BRDA:14,3,0,0
BRDA:14,3,1,0
BRDA:18,4,0,0
BRDA:18,4,1,0
BRDA:23,5,0,0
BRDA:23,5,1,0
BRDA:66,6,0,0
BRDA:66,6,1,0
BRDA:67,7,0,0
BRDA:67,7,1,0
BRDA:79,8,0,0
BRF:17
BRH:0
end_of_record
TN:
SF:tools\verify_template.js
FN:61,(anonymous_0)
FNF:1
FNH:0
FNDA:0,(anonymous_0)
DA:1,0
DA:2,0
DA:3,0
DA:4,0
DA:7,0
DA:8,0
DA:11,0
DA:30,0
DA:31,0
DA:32,0
DA:34,0
DA:35,0
DA:36,0
DA:39,0
DA:40,0
DA:41,0
DA:43,0
DA:49,0
DA:51,0
DA:56,0
DA:57,0
DA:59,0
DA:60,0
DA:61,0
DA:62,0
LF:25
LH:0
BRDA:34,0,0,0
BRDA:34,0,1,0
BRDA:60,1,0,0
BRDA:60,1,1,0
BRDA:60,2,0,0
BRDA:60,2,1,0
BRF:6
BRH:0
end_of_record
TN:
SF:utils\blotterCaseNumber.js
FN:1,pad2
FN:5,pad4
FN:9,getYearMonth
FN:16,formatCaseNumber
FN:20,isValidBlotCaseNumber
FN:24,getMaxExistingSequence
FN:39,allocateBlotterCaseNumber
FNF:7
FNH:0
FNDA:0,pad2
FNDA:0,pad4
FNDA:0,getYearMonth
FNDA:0,formatCaseNumber
FNDA:0,isValidBlotCaseNumber
FNDA:0,getMaxExistingSequence
FNDA:0,allocateBlotterCaseNumber
DA:2,0
DA:6,0
DA:10,0
DA:11,0
DA:12,0
DA:13,0
DA:17,0
DA:21,0
DA:25,0
DA:26,0
DA:27,0
DA:35,0
DA:36,0
DA:40,0
DA:41,0
DA:42,0
DA:43,0
DA:46,0
DA:47,0
DA:51,0
DA:52,0
DA:53,0
DA:54,0
DA:59,0
DA:60,0
DA:61,0
DA:67,0
DA:68,0
DA:71,0
DA:72,0
DA:73,0
DA:75,0
DA:76,0
DA:78,0
DA:80,0
DA:84,0
LF:36
LH:0
BRDA:10,0,0,0
BRDA:10,0,1,0
BRDA:10,1,0,0
BRDA:10,1,1,0
BRDA:21,2,0,0
BRDA:21,2,1,0
BRDA:36,3,0,0
BRDA:36,3,1,0
BRDA:39,4,0,0
BRDA:51,5,0,0
BRDA:51,5,1,0
BRDA:60,6,0,0
BRDA:60,6,1,0
BRF:13
BRH:0
end_of_record
TN:
SF:utils\cache.js
FN:5,(anonymous_0)
FN:11,(anonymous_1)
FN:16,(anonymous_2)
FN:20,(anonymous_3)
FN:21,(anonymous_4)
FN:22,(anonymous_5)
FN:36,(anonymous_6)
FN:47,(anonymous_7)
FN:58,(anonymous_8)
FN:69,(anonymous_9)
FN:83,(anonymous_10)
FN:94,(anonymous_11)
FN:95,(anonymous_12)
FN:107,(anonymous_13)
FNF:14
FNH:0
FNDA:0,(anonymous_0)
FNDA:0,(anonymous_1)
FNDA:0,(anonymous_2)
FNDA:0,(anonymous_3)
FNDA:0,(anonymous_4)
FNDA:0,(anonymous_5)
FNDA:0,(anonymous_6)
FNDA:0,(anonymous_7)
FNDA:0,(anonymous_8)
FNDA:0,(anonymous_9)
FNDA:0,(anonymous_10)
FNDA:0,(anonymous_11)
FNDA:0,(anonymous_12)
FNDA:0,(anonymous_13)
DA:1,0
DA:2,0
DA:6,0
DA:7,0
DA:8,0
DA:12,0
DA:13,0
DA:16,0
DA:20,0
DA:21,0
DA:22,0
DA:23,0
DA:24,0
DA:27,0
DA:28,0
DA:29,0
DA:31,0
DA:32,0
DA:37,0
DA:38,0
DA:39,0
DA:40,0
DA:42,0
DA:43,0
DA:48,0
DA:49,0
DA:50,0
DA:51,0
DA:53,0
DA:54,0
DA:59,0
DA:60,0
DA:61,0
DA:62,0
DA:64,0
DA:65,0
DA:70,0
DA:71,0
DA:72,0
DA:73,0
DA:74,0
DA:76,0
DA:78,0
DA:79,0
DA:84,0
DA:85,0
DA:86,0
DA:91,0
DA:94,0
DA:95,0
DA:96,0
DA:98,0
DA:99,0
DA:101,0
DA:102,0
DA:103,0
DA:106,0
DA:107,0
DA:108,0
DA:109,0
DA:112,0
DA:116,0
LF:62
LH:0
BRDA:14,0,0,0
BRDA:14,0,1,0
BRDA:37,1,0,0
BRDA:37,1,1,0
BRDA:40,2,0,0
BRDA:40,2,1,0
BRDA:47,3,0,0
BRDA:48,4,0,0
BRDA:48,4,1,0
BRDA:59,5,0,0
BRDA:59,5,1,0
BRDA:70,6,0,0
BRDA:70,6,1,0
BRDA:73,7,0,0
BRDA:73,7,1,0
BRDA:84,8,0,0
BRDA:84,8,1,0
BRDA:84,9,0,0
BRDA:84,9,1,0
BRDA:94,10,0,0
BRDA:96,11,0,0
BRDA:96,11,1,0
BRDA:101,12,0,0
BRDA:101,12,1,0
BRF:24
BRH:0
end_of_record
TN:
SF:utils\documentStorage.js
FN:8,(anonymous_0)
FN:20,(anonymous_1)
FN:22,(anonymous_2)
FN:33,(anonymous_3)
FN:56,(anonymous_4)
FNF:5
FNH:0
FNDA:0,(anonymous_0)
FNDA:0,(anonymous_1)
FNDA:0,(anonymous_2)
FNDA:0,(anonymous_3)
FNDA:0,(anonymous_4)
DA:1,0
DA:2,0
DA:3,0
DA:4,0
DA:6,0
DA:8,0
DA:9,0
DA:10,0
DA:11,0
DA:12,0
DA:13,0
DA:14,0
DA:16,0
DA:20,0
DA:22,0
DA:23,0
DA:26,0
DA:27,0
DA:28,0
DA:30,0
DA:33,0
DA:34,0
DA:35,0
DA:36,0
DA:39,0
DA:40,0
DA:41,0
DA:43,0
DA:44,0
DA:45,0
DA:47,0
DA:56,0
DA:57,0
DA:59,0
DA:61,0
DA:62,0
DA:65,0
DA:66,0
DA:71,0
DA:72,0
DA:73,0
DA:76,0
DA:77,0
DA:78,0
DA:79,0
DA:82,0
DA:83,0
DA:85,0
DA:86,0
DA:87,0
DA:89,0
DA:90,0
DA:95,0
LF:53
LH:0
BRDA:9,0,0,0
BRDA:9,0,1,0
BRDA:10,1,0,0
BRDA:10,1,1,0
BRDA:13,2,0,0
BRDA:13,2,1,0
BRDA:23,3,0,0
BRDA:23,3,1,0
BRDA:25,4,0,0
BRDA:25,4,1,0
BRDA:27,5,0,0
BRDA:27,5,1,0
BRDA:27,6,0,0
BRDA:27,6,1,0
BRDA:35,7,0,0
BRDA:35,7,1,0
BRDA:56,8,0,0
BRDA:57,9,0,0
BRDA:57,9,1,0
BRDA:59,10,0,0
BRDA:59,10,1,0
BRDA:61,11,0,0
BRDA:61,11,1,0
BRDA:65,12,0,0
BRDA:65,12,1,0
BRDA:72,13,0,0
BRDA:72,13,1,0
BRDA:76,14,0,0
BRDA:76,14,1,0
BRDA:77,15,0,0
BRDA:77,15,1,0
BRDA:78,16,0,0
BRDA:78,16,1,0
BRDA:78,17,0,0
BRDA:78,17,1,0
BRDA:89,18,0,0
BRDA:89,18,1,0
BRF:37
BRH:0
end_of_record
TN:
SF:utils\emailService.js
FN:4,(anonymous_0)
FN:8,(anonymous_1)
FN:20,(anonymous_2)
FN:43,(anonymous_3)
FNF:4
FNH:0
FNDA:0,(anonymous_0)
FNDA:0,(anonymous_1)
FNDA:0,(anonymous_2)
FNDA:0,(anonymous_3)
DA:1,0
DA:2,0
DA:4,0
DA:5,0
DA:8,0
DA:9,0
DA:20,0
DA:21,0
DA:22,0
DA:23,0
DA:26,0
DA:27,0
DA:28,0
DA:35,0
DA:36,0
DA:38,0
DA:43,0
DA:44,0
DA:45,0
DA:47,0
DA:59,0
DA:61,0
DA:64,0
LF:23
LH:0
BRDA:5,0,0,0
BRDA:5,0,1,0
BRDA:5,0,2,0
BRDA:11,1,0,0
BRDA:11,1,1,0
BRDA:21,2,0,0
BRDA:21,2,1,0
BRDA:51,3,0,0
BRDA:51,3,1,0
BRDA:59,4,0,0
BRDA:59,4,1,0
BRF:11
BRH:0
end_of_record
TN:
SF:utils\logger.js
FN:28,(anonymous_0)
FN:44,(anonymous_1)
FN:119,(anonymous_2)
FN:131,(anonymous_3)
FN:143,(anonymous_4)
FN:155,(anonymous_5)
FN:167,(anonymous_6)
FN:179,(anonymous_7)
FN:194,(anonymous_8)
FN:209,(anonymous_9)
FN:215,(anonymous_10)
FN:235,(anonymous_11)
FN:252,(anonymous_12)
FN:266,(anonymous_13)
FN:274,(anonymous_14)
FNF:15
FNH:0
FNDA:0,(anonymous_0)
FNDA:0,(anonymous_1)
FNDA:0,(anonymous_2)
FNDA:0,(anonymous_3)
FNDA:0,(anonymous_4)
FNDA:0,(anonymous_5)
FNDA:0,(anonymous_6)
FNDA:0,(anonymous_7)
FNDA:0,(anonymous_8)
FNDA:0,(anonymous_9)
FNDA:0,(anonymous_10)
FNDA:0,(anonymous_11)
FNDA:0,(anonymous_12)
FNDA:0,(anonymous_13)
FNDA:0,(anonymous_14)
DA:1,0
DA:2,0
DA:5,0
DA:13,0
DA:21,0
DA:24,0
DA:29,0
DA:30,0
DA:36,0
DA:41,0
DA:45,0
DA:46,0
DA:48,0
DA:49,0
DA:52,0
DA:57,0
DA:108,0
DA:109,0
DA:118,0
DA:120,0
DA:132,0
DA:144,0
DA:156,0
DA:168,0
DA:180,0
DA:194,0
DA:195,0
DA:198,0
DA:208,0
DA:209,0
DA:210,0
DA:211,0
DA:215,0
DA:216,0
DA:217,0
DA:219,0
DA:230,0
DA:234,0
DA:236,0
DA:237,0
DA:245,0
DA:246,0
DA:249,0
DA:253,0
DA:254,0
DA:265,0
DA:267,0
DA:275,0
DA:276,0
DA:287,0
DA:288,0
DA:289,0
DA:290,0
DA:293,0
LF:54
LH:0
BRDA:34,0,0,0
BRDA:34,0,1,0
BRDA:48,1,0,0
BRDA:48,1,1,0
BRDA:58,2,0,0
BRDA:58,2,1,0
BRDA:58,3,0,0
BRDA:58,3,1,0
BRDA:108,4,0,0
BRDA:108,4,1,0
BRDA:119,5,0,0
BRDA:143,6,0,0
BRDA:155,7,0,0
BRDA:217,8,0,0
BRDA:217,8,1,0
BRDA:235,9,0,0
BRDA:236,10,0,0
BRDA:236,10,1,0
BRDA:239,11,0,0
BRDA:239,11,1,0
BRDA:240,12,0,0
BRDA:240,12,1,0
BRDA:245,13,0,0
BRDA:245,13,1,0
BRDA:252,14,0,0
BRDA:253,15,0,0
BRDA:253,15,1,0
BRDA:274,16,0,0
BRDA:275,17,0,0
BRDA:275,17,1,0
BRDA:289,18,0,0
BRDA:289,18,1,0
BRF:32
BRH:0
end_of_record
TN:
SF:utils\mfaOtp.js
FN:5,(anonymous_0)
FN:10,(anonymous_1)
FN:17,(anonymous_2)
FN:28,(anonymous_3)
FN:51,(anonymous_4)
FNF:5
FNH:0
FNDA:0,(anonymous_0)
FNDA:0,(anonymous_1)
FNDA:0,(anonymous_2)
FNDA:0,(anonymous_3)
FNDA:0,(anonymous_4)
DA:1,0
DA:2,0
DA:3,0
DA:5,0
DA:6,0
DA:7,0
DA:10,0
DA:11,0
DA:12,0
DA:13,0
DA:14,0
DA:17,0
DA:18,0
DA:19,0
DA:21,0
DA:22,0
DA:23,0
DA:25,0
DA:28,0
DA:29,0
DA:30,0
DA:31,0
DA:32,0
DA:34,0
DA:39,0
DA:47,0
DA:48,0
DA:51,0
DA:52,0
DA:63,0
DA:64,0
DA:65,0
DA:66,0
DA:67,0
DA:68,0
DA:70,0
DA:71,0
DA:72,0
DA:76,0
DA:79,0
DA:80,0
DA:83,0
LF:42
LH:0
BRDA:11,0,0,0
BRDA:11,0,1,0
BRDA:13,1,0,0
BRDA:13,1,1,0
BRDA:13,2,0,0
BRDA:13,2,1,0
BRDA:13,2,2,0
BRDA:18,3,0,0
BRDA:18,3,1,0
BRDA:63,4,0,0
BRDA:63,4,1,0
BRDA:65,5,0,0
BRDA:65,5,1,0
BRDA:66,6,0,0
BRDA:66,6,1,0
BRDA:68,7,0,0
BRDA:68,7,1,0
BRDA:70,8,0,0
BRDA:70,8,1,0
BRDA:71,9,0,0
BRDA:71,9,1,0
BRF:21
BRH:0
end_of_record
TN:
SF:utils\performance.js
FN:11,(anonymous_0)
FN:42,(anonymous_1)
FN:45,(anonymous_2)
FN:65,(anonymous_3)
FN:71,(anonymous_4)
FN:83,(anonymous_5)
FN:90,(anonymous_6)
FN:94,(anonymous_7)
FNF:8
FNH:0
FNDA:0,(anonymous_0)
FNDA:0,(anonymous_1)
FNDA:0,(anonymous_2)
FNDA:0,(anonymous_3)
FNDA:0,(anonymous_4)
FNDA:0,(anonymous_5)
FNDA:0,(anonymous_6)
FNDA:0,(anonymous_7)
DA:1,0
DA:4,0
DA:11,0
DA:12,0
DA:13,0
DA:14,0
DA:15,0
DA:17,0
DA:18,0
DA:27,0
DA:29,0
DA:30,0
DA:37,0
DA:42,0
DA:43,0
DA:45,0
DA:46,0
DA:48,0
DA:49,0
DA:60,0
DA:67,0
DA:68,0
DA:72,0
DA:73,0
DA:75,0
DA:76,0
DA:77,0
DA:80,0
DA:84,0
DA:91,0
DA:95,0
DA:100,0
DA:103,0
DA:105,0
LF:34
LH:0
BRDA:11,0,0,0
BRDA:17,1,0,0
BRDA:17,1,1,0
BRDA:48,2,0,0
BRDA:48,2,1,0
BRDA:65,3,0,0
BRDA:73,4,0,0
BRDA:73,4,1,0
BRDA:75,5,0,0
BRDA:75,5,1,0
BRF:10
BRH:0
end_of_record
TN:
SF:utils\seed_hashes.js
FN:13,seedUserHashes
FN:45,(anonymous_1)
FNF:2
FNH:0
FNDA:0,seedUserHashes
FNDA:0,(anonymous_1)
DA:1,0
DA:2,0
DA:3,0
DA:5,0
DA:16,0
DA:17,0
DA:18,0
DA:20,0
DA:21,0
DA:22,0
DA:24,0
DA:25,0
DA:27,0
DA:28,0
DA:31,0
DA:38,0
DA:39,0
DA:40,0
DA:43,0
DA:44,0
DA:45,0
DA:46,0
DA:49,0
DA:50,0
DA:52,0
DA:56,0
LF:26
LH:0
BRDA:6,0,0,0
BRDA:6,0,1,0
BRDA:7,1,0,0
BRDA:7,1,1,0
BRDA:8,2,0,0
BRDA:8,2,1,0
BRDA:9,3,0,0
BRDA:9,3,1,0
BRDA:10,4,0,0
BRDA:10,4,1,0
BRDA:21,5,0,0
BRDA:21,5,1,0
BRDA:40,6,0,0
BRDA:40,6,1,0
BRDA:46,7,0,0
BRDA:46,7,1,0
BRDA:52,8,0,0
BRDA:52,8,1,0
BRF:18
BRH:0
end_of_record
