TN:
SF:controllers\adminController.js
FN:6,(anonymous_0)
FN:23,(anonymous_1)
FN:62,(anonymous_2)
FN:116,(anonymous_3)
FN:130,(anonymous_4)
FN:149,(anonymous_5)
FN:154,(anonymous_6)
FN:213,(anonymous_7)
FN:274,(anonymous_8)
FN:288,(anonymous_9)
FN:307,(anonymous_10)
FN:337,(anonymous_11)
FN:348,(anonymous_12)
FN:363,(anonymous_13)
FN:379,(anonymous_14)
FN:398,(anonymous_15)
FN:471,(anonymous_16)
FN:522,(anonymous_17)
FN:534,(anonymous_18)
FN:574,(anonymous_19)
FN:586,(anonymous_20)
FN:675,(anonymous_21)
FN:709,(anonymous_22)
FN:747,(anonymous_23)
FN:830,(anonymous_24)
FN:847,(anonymous_25)
FN:906,(anonymous_26)
FN:932,(anonymous_27)
FN:985,(anonymous_28)
FN:1011,(anonymous_29)
FN:1065,(anonymous_30)
FN:1089,(anonymous_31)
FN:1144,(anonymous_32)
FN:1169,(anonymous_33)
FN:1189,(anonymous_34)
FN:1261,(anonymous_35)
FN:1294,(anonymous_36)
FN:1311,(anonymous_37)
FN:1328,(anonymous_38)
FN:1361,(anonymous_39)
FN:1387,(anonymous_40)
FNF:41
FNH:11
FNDA:0,(anonymous_0)
FNDA:0,(anonymous_1)
FNDA:0,(anonymous_2)
FNDA:0,(anonymous_3)
FNDA:0,(anonymous_4)
FNDA:8,(anonymous_5)
FNDA:3,(anonymous_6)
FNDA:1,(anonymous_7)
FNDA:0,(anonymous_8)
FNDA:0,(anonymous_9)
FNDA:0,(anonymous_10)
FNDA:0,(anonymous_11)
FNDA:0,(anonymous_12)
FNDA:0,(anonymous_13)
FNDA:0,(anonymous_14)
FNDA:1,(anonymous_15)
FNDA:1,(anonymous_16)
FNDA:0,(anonymous_17)
FNDA:1,(anonymous_18)
FNDA:0,(anonymous_19)
FNDA:1,(anonymous_20)
FNDA:0,(anonymous_21)
FNDA:0,(anonymous_22)
FNDA:0,(anonymous_23)
FNDA:0,(anonymous_24)
FNDA:0,(anonymous_25)
FNDA:0,(anonymous_26)
FNDA:0,(anonymous_27)
FNDA:0,(anonymous_28)
FNDA:0,(anonymous_29)
FNDA:0,(anonymous_30)
FNDA:0,(anonymous_31)
FNDA:0,(anonymous_32)
FNDA:19,(anonymous_33)
FNDA:19,(anonymous_34)
FNDA:0,(anonymous_35)
FNDA:22,(anonymous_36)
FNDA:0,(anonymous_37)
FNDA:204,(anonymous_38)
FNDA:0,(anonymous_39)
FNDA:0,(anonymous_40)
DA:1,19
DA:3,19
DA:6,19
DA:7,0
DA:8,0
DA:9,0
DA:16,0
DA:18,0
DA:19,0
DA:23,19
DA:24,0
DA:34,0
DA:36,0
DA:37,0
DA:38,0
DA:39,0
DA:41,0
DA:42,0
DA:43,0
DA:44,0
DA:47,0
DA:55,0
DA:57,0
DA:58,0
DA:62,19
DA:63,0
DA:64,0
DA:65,0
DA:67,0
DA:68,0
DA:69,0
DA:70,0
DA:71,0
DA:72,0
DA:74,0
DA:75,0
DA:77,0
DA:78,0
DA:79,0
DA:81,0
DA:82,0
DA:83,0
DA:85,0
DA:86,0
DA:87,0
DA:89,0
DA:90,0
DA:91,0
DA:93,0
DA:94,0
DA:95,0
DA:98,0
DA:99,0
DA:100,0
DA:101,0
DA:102,0
DA:105,0
DA:106,0
DA:108,0
DA:109,0
DA:111,0
DA:112,0
DA:116,19
DA:117,0
DA:118,0
DA:120,0
DA:121,0
DA:122,0
DA:124,0
DA:125,0
DA:130,19
DA:131,0
DA:132,0
DA:133,0
DA:141,0
DA:143,0
DA:144,0
DA:149,19
DA:150,8
DA:151,8
DA:154,19
DA:155,3
DA:165,3
DA:167,3
DA:168,3
DA:169,3
DA:170,3
DA:172,3
DA:173,3
DA:174,3
DA:175,0
DA:180,3
DA:182,3
DA:186,3
DA:187,1
DA:192,2
DA:193,0
DA:198,2
DA:206,2
DA:208,0
DA:209,0
DA:213,19
DA:214,1
DA:215,1
DA:216,1
DA:218,1
DA:220,1
DA:223,1
DA:224,1
DA:226,1
DA:228,1
DA:229,1
DA:235,0
DA:236,0
DA:238,0
DA:239,0
DA:240,0
DA:241,0
DA:247,0
DA:248,0
DA:249,0
DA:251,0
DA:254,0
DA:256,0
DA:257,0
DA:258,0
DA:259,0
DA:260,0
DA:263,0
DA:264,0
DA:266,0
DA:267,0
DA:269,0
DA:270,0
DA:274,19
DA:275,0
DA:276,0
DA:278,0
DA:279,0
DA:280,0
DA:282,0
DA:283,0
DA:288,19
DA:289,0
DA:290,0
DA:291,0
DA:300,0
DA:302,0
DA:303,0
DA:307,19
DA:308,0
DA:309,0
DA:310,0
DA:312,0
DA:313,0
DA:314,0
DA:320,0
DA:322,0
DA:330,0
DA:332,0
DA:333,0
DA:337,19
DA:338,0
DA:339,0
DA:340,0
DA:341,0
DA:343,0
DA:344,0
DA:348,19
DA:349,0
DA:350,0
DA:351,0
DA:352,0
DA:356,0
DA:358,0
DA:359,0
DA:363,19
DA:364,0
DA:365,0
DA:366,0
DA:367,0
DA:368,0
DA:372,0
DA:374,0
DA:375,0
DA:379,19
DA:380,0
DA:381,0
DA:382,0
DA:384,0
DA:385,0
DA:386,0
DA:390,0
DA:391,0
DA:393,0
DA:394,0
DA:398,19
DA:399,1
DA:400,1
DA:401,1
DA:414,1
DA:419,1
DA:420,1
DA:421,1
DA:427,1
DA:429,0
DA:433,1
DA:438,1
DA:439,1
DA:466,0
DA:467,0
DA:471,19
DA:472,1
DA:473,1
DA:474,1
DA:484,1
DA:488,1
DA:492,1
DA:500,1
DA:507,1
DA:508,1
DA:522,0
DA:529,0
DA:530,0
DA:534,19
DA:535,1
DA:536,1
DA:537,1
DA:545,1
DA:549,1
DA:553,1
DA:562,1
DA:564,1
DA:565,1
DA:574,0
DA:581,0
DA:582,0
DA:586,19
DA:587,1
DA:588,1
DA:589,1
DA:600,1
DA:608,1
DA:612,1
DA:620,1
DA:628,1
DA:637,1
DA:638,1
DA:639,1
DA:670,0
DA:671,0
DA:675,19
DA:676,0
DA:677,0
DA:678,0
DA:679,0
DA:680,0
DA:681,0
DA:682,0
DA:683,0
DA:685,0
DA:688,0
DA:689,0
DA:690,0
DA:694,0
DA:697,0
DA:698,0
DA:699,0
DA:700,0
DA:701,0
DA:702,0
DA:704,0
DA:709,0
DA:715,0
DA:742,0
DA:743,0
DA:747,19
DA:748,0
DA:749,0
DA:750,0
DA:757,0
DA:759,0
DA:760,0
DA:769,0
DA:771,0
DA:776,0
DA:780,0
DA:781,0
DA:782,0
DA:788,0
DA:792,0
DA:793,0
DA:794,0
DA:801,0
DA:805,0
DA:806,0
DA:807,0
DA:812,0
DA:815,0
DA:816,0
DA:830,0
DA:842,0
DA:843,0
DA:847,19
DA:848,0
DA:849,0
DA:850,0
DA:851,0
DA:853,0
DA:854,0
DA:855,0
DA:856,0
DA:857,0
DA:859,0
DA:860,0
DA:861,0
DA:863,0
DA:864,0
DA:865,0
DA:866,0
DA:867,0
DA:869,0
DA:870,0
DA:871,0
DA:874,0
DA:876,0
DA:889,0
DA:894,0
DA:906,0
DA:927,0
DA:928,0
DA:932,19
DA:933,0
DA:934,0
DA:935,0
DA:936,0
DA:938,0
DA:939,0
DA:940,0
DA:941,0
DA:942,0
DA:944,0
DA:945,0
DA:946,0
DA:948,0
DA:949,0
DA:950,0
DA:952,0
DA:953,0
DA:956,0
DA:959,0
DA:961,0
DA:970,0
DA:975,0
DA:985,0
DA:1006,0
DA:1007,0
DA:1011,19
DA:1012,0
DA:1013,0
DA:1014,0
DA:1015,0
DA:1017,0
DA:1018,0
DA:1019,0
DA:1020,0
DA:1021,0
DA:1023,0
DA:1024,0
DA:1025,0
DA:1027,0
DA:1028,0
DA:1029,0
DA:1031,0
DA:1032,0
DA:1035,0
DA:1038,0
DA:1040,0
DA:1050,0
DA:1055,0
DA:1065,0
DA:1084,0
DA:1085,0
DA:1089,19
DA:1090,0
DA:1091,0
DA:1092,0
DA:1093,0
DA:1095,0
DA:1096,0
DA:1097,0
DA:1098,0
DA:1099,0
DA:1101,0
DA:1102,0
DA:1103,0
DA:1105,0
DA:1106,0
DA:1107,0
DA:1109,0
DA:1110,0
DA:1113,0
DA:1116,0
DA:1118,0
DA:1128,0
DA:1133,0
DA:1144,0
DA:1164,0
DA:1165,0
DA:1169,19
DA:1170,19
DA:1171,19
DA:1172,19
DA:1174,19
DA:1175,19
DA:1177,19
DA:1178,19
DA:1180,19
DA:1181,19
DA:1186,19
DA:1189,19
DA:1190,19
DA:1191,19
DA:1192,19
DA:1193,19
DA:1194,19
DA:1195,19
DA:1196,19
DA:1197,19
DA:1200,19
DA:1201,0
DA:1202,0
DA:1209,0
DA:1211,0
DA:1212,0
DA:1213,0
DA:1214,0
DA:1215,0
DA:1216,0
DA:1217,0
DA:1219,0
DA:1220,0
DA:1221,0
DA:1222,0
DA:1223,0
DA:1224,0
DA:1226,0
DA:1227,0
DA:1228,0
DA:1229,0
DA:1230,0
DA:1233,0
DA:1234,0
DA:1236,0
DA:1238,0
DA:1239,0
DA:1242,0
DA:1243,0
DA:1244,0
DA:1245,0
DA:1246,0
DA:1247,0
DA:1250,0
DA:1251,0
DA:1252,0
DA:1253,0
DA:1254,0
DA:1255,0
DA:1256,0
DA:1258,0
DA:1259,0
DA:1261,0
DA:1263,0
DA:1264,0
DA:1265,0
DA:1268,0
DA:1269,0
DA:1270,0
DA:1271,0
DA:1273,0
DA:1275,19
DA:1276,6
DA:1277,6
DA:1283,6
DA:1284,6
DA:1285,6
DA:1286,6
DA:1287,6
DA:1289,6
DA:1292,6
DA:1293,6
DA:1294,6
DA:1295,22
DA:1297,13
DA:1298,0
DA:1299,0
DA:1302,0
DA:1303,0
DA:1304,0
DA:1306,0
DA:1309,0
DA:1310,0
DA:1311,0
DA:1312,0
DA:1314,13
DA:1315,13
DA:1316,13
DA:1319,12
DA:1320,12
DA:1321,12
DA:1323,12
DA:1326,12
DA:1327,12
DA:1328,12
DA:1329,204
DA:1331,0
DA:1332,0
DA:1333,0
DA:1334,0
DA:1335,0
DA:1336,0
DA:1337,0
DA:1339,0
DA:1340,0
DA:1343,0
DA:1345,0
DA:1347,0
DA:1348,0
DA:1349,0
DA:1352,0
DA:1353,0
DA:1354,0
DA:1356,0
DA:1359,0
DA:1360,0
DA:1361,0
DA:1362,0
DA:1364,0
DA:1365,0
DA:1367,0
DA:1368,0
DA:1369,0
DA:1370,0
DA:1371,0
DA:1373,0
DA:1374,0
DA:1377,0
DA:1378,0
DA:1379,0
DA:1381,0
DA:1382,0
DA:1383,0
DA:1385,0
DA:1386,0
DA:1387,0
DA:1391,0
DA:1394,18
DA:1396,1
DA:1397,1
DA:1398,1
LF:560
LH:145
BRDA:33,0,0,0
BRDA:39,1,0,0
BRDA:39,1,1,0
BRDA:39,2,0,0
BRDA:39,2,1,0
BRDA:41,3,0,0
BRDA:41,3,1,0
BRDA:43,4,0,0
BRDA:43,4,1,0
BRDA:68,5,0,0
BRDA:68,5,1,0
BRDA:68,6,0,0
BRDA:68,6,1,0
BRDA:69,7,0,0
BRDA:69,7,1,0
BRDA:71,8,0,0
BRDA:71,8,1,0
BRDA:77,9,0,0
BRDA:77,9,1,0
BRDA:81,10,0,0
BRDA:81,10,1,0
BRDA:85,11,0,0
BRDA:85,11,1,0
BRDA:85,12,0,0
BRDA:85,12,1,0
BRDA:89,13,0,0
BRDA:89,13,1,0
BRDA:93,14,0,0
BRDA:93,14,1,0
BRDA:98,15,0,0
BRDA:98,15,1,0
BRDA:151,16,0,8
BRDA:151,16,1,0
BRDA:164,17,0,3
BRDA:170,18,0,3
BRDA:170,18,1,3
BRDA:170,19,0,3
BRDA:170,19,1,3
BRDA:172,20,0,3
BRDA:172,20,1,3
BRDA:174,21,0,0
BRDA:174,21,1,3
BRDA:186,22,0,1
BRDA:186,22,1,2
BRDA:192,23,0,0
BRDA:192,23,1,2
BRDA:192,24,0,2
BRDA:192,24,1,1
BRDA:224,25,0,0
BRDA:224,25,1,1
BRDA:228,26,0,1
BRDA:228,26,1,0
BRDA:235,27,0,0
BRDA:235,27,1,0
BRDA:238,28,0,0
BRDA:238,28,1,0
BRDA:240,29,0,0
BRDA:240,29,1,0
BRDA:247,30,0,0
BRDA:247,30,1,0
BRDA:247,31,0,0
BRDA:247,31,1,0
BRDA:248,32,0,0
BRDA:248,32,1,0
BRDA:256,33,0,0
BRDA:256,33,1,0
BRDA:313,34,0,0
BRDA:313,34,1,0
BRDA:320,35,0,0
BRDA:320,35,1,0
BRDA:385,36,0,0
BRDA:385,36,1,0
BRDA:427,37,0,1
BRDA:427,37,1,0
BRDA:427,38,0,1
BRDA:427,38,1,1
BRDA:441,39,0,1
BRDA:441,39,1,1
BRDA:442,40,0,1
BRDA:442,40,1,1
BRDA:443,41,0,1
BRDA:443,41,1,1
BRDA:444,42,0,1
BRDA:444,42,1,1
BRDA:446,43,0,1
BRDA:446,43,1,1
BRDA:447,44,0,1
BRDA:447,44,1,1
BRDA:448,45,0,1
BRDA:448,45,1,1
BRDA:449,46,0,1
BRDA:449,46,1,1
BRDA:450,47,0,1
BRDA:450,47,1,1
BRDA:451,48,0,1
BRDA:451,48,1,1
BRDA:453,49,0,1
BRDA:453,49,1,1
BRDA:454,50,0,1
BRDA:454,50,1,1
BRDA:457,51,0,1
BRDA:457,51,1,1
BRDA:458,52,0,1
BRDA:458,52,1,1
BRDA:459,53,0,1
BRDA:459,53,1,1
BRDA:510,54,0,1
BRDA:510,54,1,1
BRDA:511,55,0,1
BRDA:511,55,1,1
BRDA:512,56,0,1
BRDA:512,56,1,1
BRDA:513,57,0,1
BRDA:513,57,1,1
BRDA:514,58,0,1
BRDA:514,58,1,1
BRDA:515,59,0,1
BRDA:515,59,1,1
BRDA:516,60,0,1
BRDA:516,60,1,1
BRDA:518,61,0,0
BRDA:518,61,1,1
BRDA:567,62,0,1
BRDA:567,62,1,1
BRDA:568,63,0,1
BRDA:568,63,1,1
BRDA:569,64,0,1
BRDA:569,64,1,1
BRDA:570,65,0,1
BRDA:570,65,1,1
BRDA:571,66,0,1
BRDA:571,66,1,1
BRDA:572,67,0,1
BRDA:572,67,1,1
BRDA:641,68,0,1
BRDA:641,68,1,1
BRDA:642,69,0,1
BRDA:642,69,1,1
BRDA:643,70,0,1
BRDA:643,70,1,1
BRDA:644,71,0,1
BRDA:644,71,1,1
BRDA:645,72,0,1
BRDA:645,72,1,1
BRDA:646,73,0,1
BRDA:646,73,1,1
BRDA:648,74,0,1
BRDA:648,74,1,1
BRDA:649,75,0,1
BRDA:649,75,1,1
BRDA:652,76,0,1
BRDA:652,76,1,1
BRDA:653,77,0,1
BRDA:653,77,1,1
BRDA:654,78,0,1
BRDA:654,78,1,1
BRDA:655,79,0,1
BRDA:655,79,1,1
BRDA:659,80,0,1
BRDA:659,80,1,0
BRDA:660,81,0,1
BRDA:660,81,1,0
BRDA:694,82,0,0
BRDA:694,82,1,0
BRDA:702,83,0,0
BRDA:702,83,1,0
BRDA:712,84,0,0
BRDA:712,84,1,0
BRDA:729,85,0,0
BRDA:729,85,1,0
BRDA:769,86,0,0
BRDA:769,86,1,0
BRDA:776,87,0,0
BRDA:776,87,1,0
BRDA:788,88,0,0
BRDA:788,88,1,0
BRDA:788,89,0,0
BRDA:788,89,1,0
BRDA:818,90,0,0
BRDA:818,90,1,0
BRDA:819,91,0,0
BRDA:819,91,1,0
BRDA:820,92,0,0
BRDA:820,92,1,0
BRDA:822,93,0,0
BRDA:822,93,1,0
BRDA:825,94,0,0
BRDA:825,94,1,0
BRDA:826,95,0,0
BRDA:826,95,1,0
BRDA:827,96,0,0
BRDA:827,96,1,0
BRDA:850,97,0,0
BRDA:850,98,0,0
BRDA:855,99,0,0
BRDA:855,99,1,0
BRDA:859,100,0,0
BRDA:859,100,1,0
BRDA:863,101,0,0
BRDA:863,101,1,0
BRDA:864,102,0,0
BRDA:864,102,1,0
BRDA:865,103,0,0
BRDA:865,103,1,0
BRDA:869,104,0,0
BRDA:869,104,1,0
BRDA:874,105,0,0
BRDA:874,105,1,0
BRDA:909,106,0,0
BRDA:909,106,1,0
BRDA:910,107,0,0
BRDA:910,107,1,0
BRDA:911,108,0,0
BRDA:911,108,1,0
BRDA:913,109,0,0
BRDA:913,109,1,0
BRDA:915,110,0,0
BRDA:915,110,1,0
BRDA:935,111,0,0
BRDA:935,112,0,0
BRDA:940,113,0,0
BRDA:940,113,1,0
BRDA:944,114,0,0
BRDA:944,114,1,0
BRDA:948,115,0,0
BRDA:948,115,1,0
BRDA:952,116,0,0
BRDA:952,116,1,0
BRDA:959,117,0,0
BRDA:959,117,1,0
BRDA:986,118,0,0
BRDA:986,118,1,0
BRDA:987,119,0,0
BRDA:987,119,1,0
BRDA:988,120,0,0
BRDA:988,120,1,0
BRDA:989,121,0,0
BRDA:989,121,1,0
BRDA:990,122,0,0
BRDA:990,122,1,0
BRDA:991,123,0,0
BRDA:991,123,1,0
BRDA:992,124,0,0
BRDA:992,124,1,0
BRDA:993,125,0,0
BRDA:993,125,1,0
BRDA:993,126,0,0
BRDA:993,126,1,0
BRDA:993,127,0,0
BRDA:993,127,1,0
BRDA:1014,128,0,0
BRDA:1014,129,0,0
BRDA:1019,130,0,0
BRDA:1019,130,1,0
BRDA:1023,131,0,0
BRDA:1023,131,1,0
BRDA:1027,132,0,0
BRDA:1027,132,1,0
BRDA:1031,133,0,0
BRDA:1031,133,1,0
BRDA:1038,134,0,0
BRDA:1038,134,1,0
BRDA:1066,135,0,0
BRDA:1066,135,1,0
BRDA:1067,136,0,0
BRDA:1067,136,1,0
BRDA:1068,137,0,0
BRDA:1068,137,1,0
BRDA:1069,138,0,0
BRDA:1069,138,1,0
BRDA:1070,139,0,0
BRDA:1070,139,1,0
BRDA:1071,140,0,0
BRDA:1071,140,1,0
BRDA:1072,141,0,0
BRDA:1072,141,1,0
BRDA:1092,142,0,0
BRDA:1092,143,0,0
BRDA:1097,144,0,0
BRDA:1097,144,1,0
BRDA:1101,145,0,0
BRDA:1101,145,1,0
BRDA:1105,146,0,0
BRDA:1105,146,1,0
BRDA:1109,147,0,0
BRDA:1109,147,1,0
BRDA:1116,148,0,0
BRDA:1116,148,1,0
BRDA:1147,149,0,0
BRDA:1147,149,1,0
BRDA:1148,150,0,0
BRDA:1148,150,1,0
BRDA:1149,151,0,0
BRDA:1149,151,1,0
BRDA:1150,152,0,0
BRDA:1150,152,1,0
BRDA:1151,153,0,0
BRDA:1151,153,1,0
BRDA:1152,154,0,0
BRDA:1152,154,1,0
BRDA:1200,155,0,0
BRDA:1200,155,1,19
BRDA:1222,156,0,0
BRDA:1222,156,1,0
BRDA:1226,157,0,0
BRDA:1226,157,1,0
BRDA:1227,158,0,0
BRDA:1227,158,1,0
BRDA:1228,159,0,0
BRDA:1228,159,1,0
BRDA:1233,160,0,0
BRDA:1233,160,1,0
BRDA:1263,161,0,0
BRDA:1263,161,1,0
BRDA:1269,162,0,0
BRDA:1269,162,1,0
BRDA:1270,163,0,0
BRDA:1270,163,1,0
BRDA:1275,164,0,6
BRDA:1275,164,1,13
BRDA:1297,165,0,0
BRDA:1297,165,1,13
BRDA:1314,166,0,13
BRDA:1314,166,1,0
BRDA:1331,167,0,0
BRDA:1331,167,1,0
BRDA:1347,168,0,0
BRDA:1347,168,1,0
BRDA:1364,169,0,0
BRDA:1364,169,1,0
BRDA:1369,170,0,0
BRDA:1369,170,1,0
BRDA:1377,171,0,0
BRDA:1377,171,1,0
BRDA:1381,172,0,0
BRDA:1381,172,1,0
BRDA:1382,173,0,0
BRDA:1382,173,1,0
BRDA:1385,174,0,0
BRDA:1385,174,1,0
BRDA:1397,175,0,1
BRDA:1397,175,1,0
BRF:342
BRH:108
end_of_record
TN:
SF:controllers\aiAnalyticsController.js
FN:4,(anonymous_0)
FN:9,(anonymous_1)
FN:36,(anonymous_2)
FN:38,(anonymous_3)
FN:58,(anonymous_4)
FN:105,(anonymous_5)
FN:117,(anonymous_6)
FN:149,(anonymous_7)
FN:162,(anonymous_8)
FN:166,(anonymous_9)
FN:178,(anonymous_10)
FN:195,(anonymous_11)
FN:207,(anonymous_12)
FN:256,(anonymous_13)
FN:269,(anonymous_14)
FN:277,(anonymous_15)
FN:292,(anonymous_16)
FN:293,(anonymous_17)
FN:304,(anonymous_18)
FN:305,(anonymous_19)
FN:316,(anonymous_20)
FN:317,(anonymous_21)
FN:331,(anonymous_22)
FN:335,(anonymous_23)
FN:351,(anonymous_24)
FN:387,(anonymous_25)
FN:405,(anonymous_26)
FN:448,(anonymous_27)
FN:470,(anonymous_28)
FNF:29
FNH:1
FNDA:24,(anonymous_0)
FNDA:0,(anonymous_1)
FNDA:0,(anonymous_2)
FNDA:0,(anonymous_3)
FNDA:0,(anonymous_4)
FNDA:0,(anonymous_5)
FNDA:0,(anonymous_6)
FNDA:0,(anonymous_7)
FNDA:0,(anonymous_8)
FNDA:0,(anonymous_9)
FNDA:0,(anonymous_10)
FNDA:0,(anonymous_11)
FNDA:0,(anonymous_12)
FNDA:0,(anonymous_13)
FNDA:0,(anonymous_14)
FNDA:0,(anonymous_15)
FNDA:0,(anonymous_16)
FNDA:0,(anonymous_17)
FNDA:0,(anonymous_18)
FNDA:0,(anonymous_19)
FNDA:0,(anonymous_20)
FNDA:0,(anonymous_21)
FNDA:0,(anonymous_22)
FNDA:0,(anonymous_23)
FNDA:0,(anonymous_24)
FNDA:0,(anonymous_25)
FNDA:0,(anonymous_26)
FNDA:0,(anonymous_27)
FNDA:0,(anonymous_28)
DA:1,12
DA:5,24
DA:6,24
DA:10,0
DA:12,0
DA:25,0
DA:36,0
DA:38,0
DA:40,0
DA:53,0
DA:54,0
DA:59,0
DA:61,0
DA:72,0
DA:89,0
DA:98,0
DA:105,0
DA:112,0
DA:113,0
DA:118,0
DA:120,0
DA:137,0
DA:149,0
DA:162,0
DA:163,0
DA:166,0
DA:173,0
DA:178,0
DA:185,0
DA:195,0
DA:202,0
DA:203,0
DA:208,0
DA:210,0
DA:217,0
DA:224,0
DA:232,0
DA:233,0
DA:235,0
DA:238,0
DA:249,0
DA:250,0
DA:256,0
DA:263,0
DA:269,0
DA:272,0
DA:273,0
DA:278,0
DA:279,0
DA:280,0
DA:282,0
DA:284,0
DA:291,0
DA:292,0
DA:293,0
DA:295,0
DA:298,0
DA:303,0
DA:304,0
DA:305,0
DA:307,0
DA:310,0
DA:315,0
DA:316,0
DA:317,0
DA:319,0
DA:322,0
DA:330,0
DA:331,0
DA:332,0
DA:334,0
DA:335,0
DA:338,0
DA:341,0
DA:344,0
DA:346,0
DA:347,0
DA:352,0
DA:354,0
DA:367,0
DA:378,0
DA:381,0
DA:382,0
DA:383,0
DA:384,0
DA:387,0
DA:388,0
DA:389,0
DA:393,0
DA:394,0
DA:398,0
DA:405,0
DA:406,0
DA:407,0
DA:408,0
DA:409,0
DA:412,0
DA:414,0
DA:424,0
DA:425,0
DA:433,0
DA:434,0
DA:435,0
DA:438,0
DA:439,0
DA:448,0
DA:455,0
DA:465,0
DA:466,0
DA:471,0
DA:473,0
DA:475,0
DA:477,0
DA:479,0
DA:491,0
DA:492,0
DA:500,0
DA:505,0
DA:511,0
DA:514,0
DA:517,0
DA:523,0
DA:524,0
DA:529,12
LF:124
LH:4
BRDA:151,0,0,0
BRDA:151,0,1,0
BRDA:151,1,0,0
BRDA:151,1,1,0
BRDA:153,2,0,0
BRDA:153,2,1,0
BRDA:155,3,0,0
BRDA:155,3,1,0
BRDA:181,4,0,0
BRDA:181,4,1,0
BRDA:235,5,0,0
BRDA:235,5,1,0
BRDA:235,6,0,0
BRDA:235,6,1,0
BRDA:255,7,0,0
BRDA:255,7,1,0
BRDA:282,8,0,0
BRDA:282,8,1,0
BRDA:282,8,2,0
BRDA:282,8,3,0
BRDA:282,8,4,0
BRDA:316,9,0,0
BRDA:316,9,1,0
BRDA:332,10,0,0
BRDA:332,10,1,0
BRDA:332,11,0,0
BRDA:332,11,1,0
BRDA:378,12,0,0
BRDA:378,12,1,0
BRDA:388,13,0,0
BRDA:388,13,1,0
BRDA:391,14,0,0
BRDA:391,14,1,0
BRDA:393,15,0,0
BRDA:393,15,1,0
BRDA:396,16,0,0
BRDA:396,16,1,0
BRDA:407,17,0,0
BRDA:407,17,1,0
BRDA:424,18,0,0
BRDA:424,18,1,0
BRDA:434,19,0,0
BRDA:434,19,1,0
BRDA:434,20,0,0
BRDA:434,20,1,0
BRDA:435,21,0,0
BRDA:435,21,1,0
BRDA:435,22,0,0
BRDA:435,22,1,0
BRDA:447,23,0,0
BRDA:447,23,1,0
BRDA:473,24,0,0
BRDA:473,24,1,0
BRDA:477,25,0,0
BRDA:477,25,1,0
BRDA:477,25,2,0
BRDA:477,25,3,0
BRDA:477,25,4,0
BRDA:477,25,5,0
BRF:59
BRH:0
end_of_record
TN:
SF:controllers\authController.js
FN:13,(anonymous_0)
FN:30,(anonymous_1)
FN:192,(anonymous_2)
FN:221,(anonymous_3)
FN:238,(anonymous_4)
FN:292,(anonymous_5)
FN:350,(anonymous_6)
FN:461,(anonymous_7)
FN:543,(anonymous_8)
FN:598,(anonymous_9)
FNF:10
FNH:5
FNDA:7,(anonymous_0)
FNDA:51,(anonymous_1)
FNDA:3,(anonymous_2)
FNDA:0,(anonymous_3)
FNDA:1,(anonymous_4)
FNDA:0,(anonymous_5)
FNDA:1,(anonymous_6)
FNDA:0,(anonymous_7)
FNDA:0,(anonymous_8)
FNDA:0,(anonymous_9)
DA:1,14
DA:2,14
DA:3,14
DA:4,14
DA:5,14
DA:6,14
DA:7,14
DA:8,14
DA:9,14
DA:10,14
DA:11,14
DA:13,14
DA:14,7
DA:15,6
DA:17,1
DA:18,0
DA:19,0
DA:20,0
DA:22,0
DA:23,0
DA:24,0
DA:27,1
DA:30,14
DA:31,51
DA:32,51
DA:33,51
DA:36,51
DA:37,2
DA:40,49
DA:41,0
DA:45,49
DA:60,48
DA:61,43
DA:62,43
DA:65,5
DA:66,5
DA:68,5
DA:69,5
DA:70,0
DA:74,5
DA:75,0
DA:80,5
DA:81,0
DA:84,5
DA:87,5
DA:88,1
DA:91,4
DA:92,0
DA:93,0
DA:96,4
DA:97,4
DA:99,4
DA:100,1
DA:101,0
DA:105,1
DA:106,1
DA:111,1
DA:124,1
DA:125,1
DA:126,1
DA:131,4
DA:149,4
DA:157,4
DA:167,4
DA:168,4
DA:169,4
DA:172,4
DA:187,1
DA:188,1
DA:192,14
DA:193,3
DA:194,3
DA:196,3
DA:197,3
DA:200,0
DA:202,0
DA:203,0
DA:206,0
DA:207,0
DA:209,0
DA:214,0
DA:216,0
DA:217,0
DA:221,14
DA:222,0
DA:224,0
DA:231,0
DA:233,0
DA:234,0
DA:238,14
DA:239,1
DA:240,1
DA:241,0
DA:245,1
DA:267,1
DA:268,0
DA:271,1
DA:273,1
DA:274,1
DA:287,0
DA:288,0
DA:292,14
DA:293,0
DA:294,0
DA:295,0
DA:297,0
DA:298,0
DA:299,0
DA:301,0
DA:302,0
DA:304,0
DA:305,0
DA:308,0
DA:322,0
DA:323,0
DA:325,0
DA:326,0
DA:327,0
DA:332,0
DA:333,0
DA:338,0
DA:345,0
DA:346,0
DA:350,14
DA:351,1
DA:352,1
DA:353,0
DA:355,1
DA:356,1
DA:357,0
DA:359,1
DA:360,0
DA:363,1
DA:364,1
DA:365,0
DA:368,1
DA:369,1
DA:370,0
DA:381,0
DA:382,0
DA:383,0
DA:385,0
DA:388,1
DA:402,1
DA:403,0
DA:405,1
DA:406,1
DA:408,1
DA:420,1
DA:427,1
DA:438,1
DA:439,1
DA:440,1
DA:443,1
DA:456,0
DA:457,0
DA:461,14
DA:462,0
DA:463,0
DA:464,0
DA:467,0
DA:469,0
DA:470,0
DA:475,0
DA:476,0
DA:477,0
DA:479,0
DA:483,0
DA:484,0
DA:488,0
DA:489,0
DA:493,0
DA:494,0
DA:498,0
DA:499,0
DA:504,0
DA:505,0
DA:509,0
DA:510,0
DA:516,0
DA:529,0
DA:534,0
DA:536,0
DA:537,0
DA:543,14
DA:544,0
DA:545,0
DA:546,0
DA:549,0
DA:550,0
DA:551,0
DA:557,0
DA:560,0
DA:561,0
DA:564,0
DA:565,0
DA:566,0
DA:568,0
DA:569,0
DA:570,0
DA:571,0
DA:572,0
DA:577,0
DA:578,0
DA:584,0
DA:585,0
DA:589,0
DA:591,0
DA:592,0
DA:598,14
DA:599,0
DA:600,0
DA:601,0
DA:604,0
DA:605,0
DA:606,0
DA:608,0
DA:609,0
DA:612,0
DA:616,0
DA:617,0
DA:623,0
DA:626,0
DA:628,0
DA:629,0
DA:633,14
LF:226
LH:96
BRDA:14,0,0,6
BRDA:14,0,1,1
BRDA:17,1,0,0
BRDA:17,1,1,1
BRDA:19,2,0,0
BRDA:19,2,1,0
BRDA:23,3,0,0
BRDA:23,3,1,0
BRDA:36,4,0,2
BRDA:36,4,1,49
BRDA:36,5,0,51
BRDA:36,5,1,49
BRDA:40,6,0,0
BRDA:40,6,1,49
BRDA:40,7,0,49
BRDA:40,7,1,49
BRDA:60,8,0,43
BRDA:60,8,1,5
BRDA:68,9,0,5
BRDA:68,9,1,0
BRDA:68,9,2,0
BRDA:69,10,0,0
BRDA:69,10,1,5
BRDA:69,11,0,5
BRDA:69,11,1,0
BRDA:74,12,0,0
BRDA:74,12,1,5
BRDA:74,13,0,5
BRDA:74,13,1,0
BRDA:80,14,0,0
BRDA:80,14,1,5
BRDA:87,15,0,1
BRDA:87,15,1,4
BRDA:91,16,0,0
BRDA:91,16,1,4
BRDA:97,17,0,4
BRDA:97,17,1,1
BRDA:99,18,0,1
BRDA:99,18,1,3
BRDA:100,19,0,0
BRDA:100,19,1,1
BRDA:114,20,0,1
BRDA:114,20,1,0
BRDA:125,21,0,1
BRDA:125,21,1,0
BRDA:125,22,0,1
BRDA:125,22,1,1
BRDA:142,23,0,1
BRDA:142,23,1,3
BRDA:143,24,0,1
BRDA:143,24,1,1
BRDA:144,25,0,3
BRDA:144,25,1,3
BRDA:160,26,0,4
BRDA:160,26,1,0
BRDA:168,27,0,4
BRDA:168,27,1,0
BRDA:168,28,0,4
BRDA:168,28,1,4
BRDA:196,29,0,3
BRDA:196,29,1,0
BRDA:196,30,0,3
BRDA:196,30,1,3
BRDA:196,30,2,2
BRDA:202,31,0,0
BRDA:202,31,1,0
BRDA:240,32,0,0
BRDA:240,32,1,1
BRDA:267,33,0,0
BRDA:267,33,1,1
BRDA:283,34,0,1
BRDA:283,34,1,0
BRDA:294,35,0,0
BRDA:294,35,1,0
BRDA:298,36,0,0
BRDA:298,36,1,0
BRDA:301,37,0,0
BRDA:301,37,1,0
BRDA:304,38,0,0
BRDA:304,38,1,0
BRDA:322,39,0,0
BRDA:322,39,1,0
BRDA:326,40,0,0
BRDA:326,40,1,0
BRDA:352,41,0,0
BRDA:352,41,1,1
BRDA:356,42,0,0
BRDA:356,42,1,1
BRDA:359,43,0,0
BRDA:359,43,1,1
BRDA:363,44,0,1
BRDA:363,44,1,0
BRDA:364,45,0,0
BRDA:364,45,1,1
BRDA:369,46,0,0
BRDA:369,46,1,1
BRDA:373,47,0,0
BRDA:373,47,1,0
BRDA:382,48,0,0
BRDA:382,48,1,0
BRDA:382,49,0,0
BRDA:382,49,1,0
BRDA:402,50,0,0
BRDA:402,50,1,1
BRDA:417,51,0,1
BRDA:417,51,1,1
BRDA:430,52,0,1
BRDA:430,52,1,0
BRDA:439,53,0,1
BRDA:439,53,1,0
BRDA:439,54,0,1
BRDA:439,54,1,1
BRDA:463,55,0,0
BRDA:463,55,1,0
BRDA:467,56,0,0
BRDA:467,56,1,0
BRDA:469,57,0,0
BRDA:469,57,1,0
BRDA:469,58,0,0
BRDA:469,58,1,0
BRDA:475,59,0,0
BRDA:475,59,1,0
BRDA:476,60,0,0
BRDA:476,60,1,0
BRDA:476,61,0,0
BRDA:476,61,1,0
BRDA:479,62,0,0
BRDA:479,62,1,0
BRDA:479,63,0,0
BRDA:479,63,1,0
BRDA:483,64,0,0
BRDA:483,64,1,0
BRDA:483,65,0,0
BRDA:483,65,1,0
BRDA:488,66,0,0
BRDA:488,66,1,0
BRDA:488,67,0,0
BRDA:488,67,1,0
BRDA:488,67,2,0
BRDA:493,68,0,0
BRDA:493,68,1,0
BRDA:498,69,0,0
BRDA:498,69,1,0
BRDA:498,70,0,0
BRDA:498,70,1,0
BRDA:504,71,0,0
BRDA:504,71,1,0
BRDA:509,72,0,0
BRDA:509,72,1,0
BRDA:545,73,0,0
BRDA:545,73,1,0
BRDA:549,74,0,0
BRDA:549,74,1,0
BRDA:550,75,0,0
BRDA:550,75,1,0
BRDA:550,76,0,0
BRDA:550,76,1,0
BRDA:550,76,2,0
BRDA:560,77,0,0
BRDA:560,77,1,0
BRDA:566,78,0,0
BRDA:566,78,1,0
BRDA:568,79,0,0
BRDA:568,79,1,0
BRDA:569,80,0,0
BRDA:569,80,1,0
BRDA:571,81,0,0
BRDA:571,81,1,0
BRDA:577,82,0,0
BRDA:577,82,1,0
BRDA:600,83,0,0
BRDA:600,83,1,0
BRDA:604,84,0,0
BRDA:604,84,1,0
BRDA:606,85,0,0
BRDA:606,85,1,0
BRDA:606,85,2,0
BRDA:608,86,0,0
BRDA:608,86,1,0
BRDA:616,87,0,0
BRDA:616,87,1,0
BRF:181
BRH:60
end_of_record
TN:
SF:controllers\blotterComplaintController.js
FN:4,(anonymous_0)
FN:8,(anonymous_1)
FN:37,(anonymous_2)
FN:106,(anonymous_3)
FN:131,(anonymous_4)
FN:169,(anonymous_5)
FN:261,(anonymous_6)
FN:262,(anonymous_7)
FNF:8
FNH:1
FNDA:12,(anonymous_0)
FNDA:0,(anonymous_1)
FNDA:0,(anonymous_2)
FNDA:0,(anonymous_3)
FNDA:0,(anonymous_4)
FNDA:0,(anonymous_5)
FNDA:0,(anonymous_6)
FNDA:0,(anonymous_7)
DA:1,12
DA:5,12
DA:9,0
DA:10,0
DA:30,0
DA:32,0
DA:33,0
DA:38,0
DA:49,0
DA:51,0
DA:54,0
DA:58,0
DA:59,0
DA:62,0
DA:63,0
DA:67,0
DA:76,0
DA:83,0
DA:102,0
DA:103,0
DA:106,0
DA:108,0
DA:110,0
DA:120,0
DA:126,0
DA:127,0
DA:132,0
DA:133,0
DA:134,0
DA:135,0
DA:137,0
DA:149,0
DA:154,0
DA:164,0
DA:165,0
DA:170,0
DA:172,0
DA:175,0
DA:230,0
DA:261,0
DA:262,0
DA:264,0
DA:268,12
LF:43
LH:3
BRDA:58,0,0,0
BRDA:58,0,1,0
BRDA:72,1,0,0
BRDA:72,1,1,0
BRDA:73,2,0,0
BRDA:73,2,1,0
BRDA:76,3,0,0
BRDA:76,3,1,0
BRDA:79,4,0,0
BRDA:79,4,1,0
BRDA:102,5,0,0
BRDA:102,5,1,0
BRDA:114,6,0,0
BRDA:114,6,1,0
BRDA:114,7,0,0
BRDA:114,7,1,0
BRDA:115,8,0,0
BRDA:115,8,1,0
BRDA:134,9,0,0
BRDA:134,10,0,0
BRDA:170,11,0,0
BRDA:170,11,1,0
BRDA:261,12,0,0
BRDA:261,12,1,0
BRDA:262,13,0,0
BRDA:262,13,1,0
BRF:26
BRH:0
end_of_record
TN:
SF:controllers\blotterController.js
FN:5,(anonymous_0)
FN:63,(anonymous_1)
FN:163,(anonymous_2)
FN:238,(anonymous_3)
FNF:4
FNH:4
FNDA:7,(anonymous_0)
FNDA:16,(anonymous_1)
FNDA:8,(anonymous_2)
FNDA:7,(anonymous_3)
DA:2,15
DA:3,15
DA:5,15
DA:6,7
DA:7,7
DA:8,7
DA:9,0
DA:11,0
DA:12,0
DA:14,0
DA:15,0
DA:18,0
DA:19,0
DA:22,0
DA:23,0
DA:24,0
DA:27,0
DA:30,0
DA:34,0
DA:36,0
DA:48,0
DA:58,7
DA:59,7
DA:63,15
DA:64,16
DA:65,16
DA:66,0
DA:71,16
DA:84,16
DA:86,16
DA:87,1
DA:91,15
DA:92,0
DA:96,0
DA:97,0
DA:104,15
DA:105,15
DA:106,1
DA:110,1
DA:111,1
DA:117,14
DA:118,0
DA:120,0
DA:152,0
DA:158,14
DA:159,14
DA:163,15
DA:164,8
DA:165,8
DA:166,0
DA:171,8
DA:181,8
DA:183,8
DA:184,8
DA:186,8
DA:187,0
DA:188,0
DA:190,8
DA:191,0
DA:192,0
DA:194,8
DA:195,0
DA:196,0
DA:198,8
DA:199,1
DA:200,1
DA:202,8
DA:203,0
DA:204,0
DA:206,8
DA:207,0
DA:208,0
DA:210,8
DA:211,7
DA:212,7
DA:214,8
DA:215,0
DA:216,0
DA:218,8
DA:219,0
DA:220,0
DA:223,8
DA:224,1
DA:227,7
DA:228,7
DA:230,7
DA:231,7
DA:233,0
DA:234,0
DA:238,15
DA:239,7
DA:240,7
DA:241,0
DA:246,7
DA:247,7
DA:248,7
DA:250,0
DA:251,0
LF:98
LH:56
BRDA:8,0,0,0
BRDA:8,1,0,0
BRDA:14,2,0,0
BRDA:14,2,1,0
BRDA:22,3,0,0
BRDA:22,3,1,0
BRDA:27,4,0,0
BRDA:27,4,1,0
BRDA:65,5,0,0
BRDA:65,5,1,16
BRDA:65,6,0,16
BRDA:65,6,1,16
BRDA:86,7,0,1
BRDA:86,7,1,15
BRDA:86,8,0,16
BRDA:86,8,1,16
BRDA:86,8,2,15
BRDA:86,8,3,15
BRDA:91,9,0,0
BRDA:91,9,1,15
BRDA:96,10,0,0
BRDA:96,10,1,0
BRDA:104,11,0,15
BRDA:104,11,1,15
BRDA:105,12,0,1
BRDA:105,12,1,14
BRDA:110,13,0,1
BRDA:110,13,1,0
BRDA:118,14,0,0
BRDA:118,14,1,0
BRDA:118,14,2,0
BRDA:140,15,0,0
BRDA:140,15,1,0
BRDA:141,16,0,0
BRDA:141,16,1,0
BRDA:142,17,0,0
BRDA:142,17,1,0
BRDA:143,18,0,0
BRDA:143,18,1,0
BRDA:165,19,0,0
BRDA:165,19,1,8
BRDA:165,20,0,8
BRDA:165,20,1,8
BRDA:186,21,0,0
BRDA:186,21,1,8
BRDA:190,22,0,0
BRDA:190,22,1,8
BRDA:192,23,0,0
BRDA:192,23,1,0
BRDA:194,24,0,0
BRDA:194,24,1,8
BRDA:198,25,0,1
BRDA:198,25,1,7
BRDA:202,26,0,0
BRDA:202,26,1,8
BRDA:206,27,0,0
BRDA:206,27,1,8
BRDA:210,28,0,7
BRDA:210,28,1,1
BRDA:214,29,0,0
BRDA:214,29,1,8
BRDA:218,30,0,0
BRDA:218,30,1,8
BRDA:223,31,0,1
BRDA:223,31,1,7
BRDA:240,32,0,0
BRDA:240,32,1,7
BRDA:240,33,0,7
BRDA:240,33,1,7
BRF:69
BRH:34
end_of_record
TN:
SF:controllers\captainController.js
FN:1,getKnex
FN:11,getExecutiveDashboard
FNF:2
FNH:0
FNDA:0,getKnex
FNDA:0,getExecutiveDashboard
DA:2,0
DA:12,0
DA:13,0
DA:15,0
DA:27,0
DA:39,0
DA:45,0
DA:53,0
DA:66,0
DA:74,0
DA:83,0
DA:91,0
DA:128,0
DA:129,0
DA:133,12
LF:15
LH:1
BRDA:2,0,0,0
BRDA:2,0,1,0
BRDA:95,1,0,0
BRDA:95,1,1,0
BRDA:97,2,0,0
BRDA:97,2,1,0
BRDA:98,3,0,0
BRDA:98,3,1,0
BRDA:99,4,0,0
BRDA:99,4,1,0
BRDA:102,5,0,0
BRDA:102,5,1,0
BRDA:103,6,0,0
BRDA:103,6,1,0
BRDA:105,7,0,0
BRDA:105,7,1,0
BRDA:113,8,0,0
BRDA:113,8,1,0
BRDA:114,9,0,0
BRDA:114,9,1,0
BRDA:115,10,0,0
BRDA:115,10,1,0
BRDA:118,11,0,0
BRDA:118,11,1,0
BRDA:119,12,0,0
BRDA:119,12,1,0
BRDA:120,13,0,0
BRDA:120,13,1,0
BRDA:121,14,0,0
BRDA:121,14,1,0
BRF:30
BRH:0
end_of_record
TN:
SF:controllers\caseManagementController.js
FN:5,(anonymous_0)
FN:9,(anonymous_1)
FN:51,(anonymous_2)
FN:100,(anonymous_3)
FN:126,(anonymous_4)
FN:153,(anonymous_5)
FN:190,(anonymous_6)
FN:200,(anonymous_7)
FN:215,(anonymous_8)
FN:233,(anonymous_9)
FN:256,(anonymous_10)
FN:272,(anonymous_11)
FN:328,(anonymous_12)
FN:371,(anonymous_13)
FN:414,(anonymous_14)
FNF:15
FNH:1
FNDA:12,(anonymous_0)
FNDA:0,(anonymous_1)
FNDA:0,(anonymous_2)
FNDA:0,(anonymous_3)
FNDA:0,(anonymous_4)
FNDA:0,(anonymous_5)
FNDA:0,(anonymous_6)
FNDA:0,(anonymous_7)
FNDA:0,(anonymous_8)
FNDA:0,(anonymous_9)
FNDA:0,(anonymous_10)
FNDA:0,(anonymous_11)
FNDA:0,(anonymous_12)
FNDA:0,(anonymous_13)
FNDA:0,(anonymous_14)
DA:1,12
DA:2,12
DA:6,12
DA:10,0
DA:11,0
DA:13,0
DA:20,0
DA:21,0
DA:24,0
DA:27,0
DA:28,0
DA:30,0
DA:31,0
DA:35,0
DA:42,0
DA:44,0
DA:46,0
DA:47,0
DA:52,0
DA:53,0
DA:54,0
DA:56,0
DA:65,0
DA:66,0
DA:71,0
DA:72,0
DA:75,0
DA:80,0
DA:81,0
DA:93,0
DA:95,0
DA:96,0
DA:101,0
DA:102,0
DA:103,0
DA:104,0
DA:108,0
DA:109,0
DA:115,0
DA:121,0
DA:122,0
DA:127,0
DA:128,0
DA:129,0
DA:132,0
DA:135,0
DA:142,0
DA:148,0
DA:149,0
DA:154,0
DA:158,0
DA:160,0
DA:162,0
DA:174,0
DA:175,0
DA:176,0
DA:183,0
DA:185,0
DA:186,0
DA:191,0
DA:192,0
DA:200,0
DA:208,0
DA:210,0
DA:211,0
DA:216,0
DA:217,0
DA:219,0
DA:226,0
DA:228,0
DA:229,0
DA:234,0
DA:235,0
DA:238,0
DA:239,0
DA:240,0
DA:243,0
DA:245,0
DA:251,0
DA:252,0
DA:257,0
DA:258,0
DA:261,0
DA:263,0
DA:264,0
DA:265,0
DA:267,0
DA:268,0
DA:273,0
DA:274,0
DA:276,0
DA:284,0
DA:285,0
DA:288,0
DA:296,0
DA:303,0
DA:313,0
DA:323,0
DA:324,0
DA:329,0
DA:330,0
DA:335,0
DA:338,0
DA:339,0
DA:340,0
DA:341,0
DA:343,0
DA:344,0
DA:346,0
DA:353,0
DA:360,0
DA:361,0
DA:363,0
DA:366,0
DA:367,0
DA:372,0
DA:373,0
DA:374,0
DA:376,0
DA:382,0
DA:384,0
DA:385,0
DA:386,0
DA:389,0
DA:390,0
DA:392,0
DA:394,0
DA:399,0
DA:409,0
DA:410,0
DA:415,0
DA:419,12
LF:132
LH:4
BRDA:20,0,0,0
BRDA:20,0,1,0
BRDA:27,1,0,0
BRDA:27,1,1,0
BRDA:30,2,0,0
BRDA:30,2,1,0
BRDA:65,3,0,0
BRDA:65,3,1,0
BRDA:71,4,0,0
BRDA:71,4,1,0
BRDA:80,5,0,0
BRDA:80,5,1,0
BRDA:174,6,0,0
BRDA:174,6,1,0
BRDA:174,7,0,0
BRDA:174,7,1,0
BRDA:204,8,0,0
BRDA:204,8,1,0
BRDA:239,9,0,0
BRDA:239,9,1,0
BRDA:285,10,0,0
BRDA:285,10,1,0
BRDA:335,11,0,0
BRDA:335,11,1,0
BRDA:373,12,0,0
BRDA:373,13,0,0
BRDA:384,14,0,0
BRDA:384,14,1,0
BRDA:395,15,0,0
BRDA:395,15,1,0
BRDA:396,16,0,0
BRDA:396,16,1,0
BRF:32
BRH:0
end_of_record
TN:
SF:controllers\certificateController.js
FN:3,(anonymous_0)
FN:39,(anonymous_1)
FNF:2
FNH:2
FNDA:2,(anonymous_0)
FNDA:1,(anonymous_1)
DA:1,13
DA:3,13
DA:4,2
DA:5,0
DA:6,0
DA:9,0
DA:10,0
DA:13,0
DA:27,0
DA:34,0
DA:35,0
DA:39,13
DA:40,1
DA:41,1
DA:42,1
DA:46,1
DA:47,0
DA:54,0
DA:56,1
DA:62,1
DA:65,1
DA:66,1
DA:68,0
DA:69,0
LF:24
LH:12
BRDA:21,0,0,0
BRDA:21,0,1,0
BRDA:22,1,0,0
BRDA:22,1,1,0
BRDA:46,2,0,0
BRDA:46,2,1,1
BRDA:54,3,0,0
BRDA:54,3,1,0
BRF:8
BRH:1
end_of_record
TN:
SF:controllers\certificateRequestController.js
FN:4,(anonymous_0)
FN:15,(anonymous_1)
FN:28,(anonymous_2)
FN:82,(anonymous_3)
FN:105,(anonymous_4)
FN:141,(anonymous_5)
FN:165,(anonymous_6)
FN:203,(anonymous_7)
FN:220,(anonymous_8)
FN:249,(anonymous_9)
FNF:10
FNH:7
FNDA:20,(anonymous_0)
FNDA:0,(anonymous_1)
FNDA:3,(anonymous_2)
FNDA:1,(anonymous_3)
FNDA:0,(anonymous_4)
FNDA:1,(anonymous_5)
FNDA:1,(anonymous_6)
FNDA:1,(anonymous_7)
FNDA:0,(anonymous_8)
FNDA:3,(anonymous_9)
DA:1,13
DA:5,20
DA:6,20
DA:7,20
DA:8,20
DA:9,20
DA:10,20
DA:11,20
DA:12,20
DA:16,0
DA:17,0
DA:18,0
DA:21,0
DA:23,0
DA:24,0
DA:29,3
DA:30,3
DA:32,3
DA:33,1
DA:36,2
DA:37,2
DA:38,2
DA:39,2
DA:41,2
DA:42,0
DA:46,2
DA:51,2
DA:52,1
DA:55,1
DA:56,1
DA:58,1
DA:78,1
DA:79,1
DA:82,1
DA:84,1
DA:94,1
DA:100,0
DA:101,0
DA:106,0
DA:107,0
DA:108,0
DA:109,0
DA:110,0
DA:112,0
DA:121,0
DA:126,0
DA:136,0
DA:137,0
DA:142,1
DA:143,1
DA:144,1
DA:145,1
DA:147,1
DA:152,1
DA:153,0
DA:156,1
DA:158,0
DA:159,0
DA:166,1
DA:167,1
DA:168,1
DA:169,1
DA:171,1
DA:179,1
DA:181,1
DA:182,1
DA:183,1
DA:186,1
DA:187,1
DA:189,1
DA:192,1
DA:193,1
DA:194,1
DA:195,1
DA:196,1
DA:199,1
DA:201,1
DA:203,1
DA:215,0
DA:216,0
DA:221,0
DA:222,0
DA:223,0
DA:225,0
DA:226,0
DA:229,0
DA:230,0
DA:232,0
DA:237,0
DA:238,0
DA:241,0
DA:242,0
DA:244,0
DA:245,0
DA:250,3
DA:251,3
DA:252,3
DA:253,3
DA:255,3
DA:256,1
DA:259,2
DA:264,2
DA:265,1
DA:269,1
DA:276,1
DA:277,1
DA:279,1
DA:280,1
DA:290,1
DA:291,0
DA:301,1
DA:303,0
DA:304,0
DA:309,13
LF:114
LH:73
BRDA:17,0,0,0
BRDA:17,0,1,0
BRDA:17,0,2,0
BRDA:17,0,3,0
BRDA:30,1,0,3
BRDA:30,1,1,0
BRDA:30,1,2,0
BRDA:30,1,3,3
BRDA:32,2,0,1
BRDA:32,2,1,2
BRDA:32,3,0,3
BRDA:32,3,1,3
BRDA:32,3,2,2
BRDA:41,4,0,0
BRDA:41,4,1,2
BRDA:51,5,0,1
BRDA:51,5,1,1
BRDA:69,6,0,1
BRDA:69,6,1,0
BRDA:78,7,0,1
BRDA:78,7,1,0
BRDA:107,8,0,0
BRDA:107,8,1,0
BRDA:107,8,2,0
BRDA:107,8,3,0
BRDA:109,9,0,0
BRDA:109,10,0,0
BRDA:143,11,0,1
BRDA:143,11,1,0
BRDA:143,11,2,0
BRDA:143,11,3,1
BRDA:152,12,0,0
BRDA:152,12,1,1
BRDA:167,13,0,1
BRDA:167,13,1,0
BRDA:167,13,2,0
BRDA:167,13,3,1
BRDA:168,14,0,1
BRDA:168,15,0,1
BRDA:168,16,0,1
BRDA:181,17,0,1
BRDA:181,17,1,0
BRDA:194,18,0,1
BRDA:194,18,1,0
BRDA:205,19,0,1
BRDA:205,19,1,1
BRDA:205,20,0,1
BRDA:205,20,1,1
BRDA:206,21,0,0
BRDA:206,21,1,1
BRDA:222,22,0,0
BRDA:222,22,1,0
BRDA:222,22,2,0
BRDA:222,22,3,0
BRDA:225,23,0,0
BRDA:225,23,1,0
BRDA:229,24,0,0
BRDA:229,24,1,0
BRDA:230,25,0,0
BRDA:230,25,1,0
BRDA:237,26,0,0
BRDA:237,26,1,0
BRDA:237,27,0,0
BRDA:237,27,1,0
BRDA:241,28,0,0
BRDA:241,28,1,0
BRDA:251,29,0,3
BRDA:251,29,1,0
BRDA:251,29,2,0
BRDA:251,29,3,3
BRDA:255,30,0,1
BRDA:255,30,1,2
BRDA:261,31,0,2
BRDA:261,31,1,2
BRDA:264,32,0,1
BRDA:264,32,1,1
BRDA:276,33,0,1
BRDA:276,33,1,0
BRDA:279,34,0,1
BRDA:279,34,1,0
BRDA:283,35,0,0
BRDA:283,35,1,1
BRDA:284,36,0,1
BRDA:284,36,1,0
BRDA:290,37,0,0
BRDA:290,37,1,1
BRF:86
BRH:40
end_of_record
TN:
SF:controllers\clerkController.js
FN:3,getKnex
FN:13,checkClearPassEligibility
FN:27,(anonymous_2)
FN:35,(anonymous_3)
FN:66,generateClearanceCertificate
FN:147,getClerkDashboard
FN:204,issueClearance
FN:265,getClearanceHistory
FN:293,validateForClearance
FN:341,getAllClearances
FN:368,registerResident
FN:406,getDocumentIssuance
FN:432,approveClearance
FNF:13
FNH:0
FNDA:0,getKnex
FNDA:0,checkClearPassEligibility
FNDA:0,(anonymous_2)
FNDA:0,(anonymous_3)
FNDA:0,generateClearanceCertificate
FNDA:0,getClerkDashboard
FNDA:0,issueClearance
FNDA:0,getClearanceHistory
FNDA:0,validateForClearance
FNDA:0,getAllClearances
FNDA:0,registerResident
FNDA:0,getDocumentIssuance
FNDA:0,approveClearance
DA:1,12
DA:4,0
DA:14,0
DA:16,0
DA:17,0
DA:19,0
DA:24,0
DA:27,0
DA:28,0
DA:33,0
DA:34,0
DA:35,0
DA:43,0
DA:47,0
DA:48,0
DA:56,0
DA:57,0
DA:60,0
DA:61,0
DA:67,0
DA:68,0
DA:69,0
DA:72,0
DA:84,0
DA:85,0
DA:88,0
DA:89,0
DA:96,0
DA:99,0
DA:106,0
DA:123,0
DA:125,0
DA:141,0
DA:142,0
DA:148,0
DA:149,0
DA:150,0
DA:153,0
DA:167,0
DA:168,0
DA:175,0
DA:186,0
DA:198,0
DA:199,0
DA:205,0
DA:206,0
DA:208,0
DA:209,0
DA:210,0
DA:212,0
DA:215,0
DA:216,0
DA:222,0
DA:223,0
DA:225,0
DA:226,0
DA:227,0
DA:234,0
DA:235,0
DA:237,0
DA:239,0
DA:247,0
DA:249,0
DA:250,0
DA:256,0
DA:257,0
DA:266,0
DA:267,0
DA:268,0
DA:270,0
DA:281,0
DA:287,0
DA:288,0
DA:294,0
DA:295,0
DA:296,0
DA:298,0
DA:299,0
DA:304,0
DA:306,0
DA:309,0
DA:313,0
DA:321,0
DA:322,0
DA:333,0
DA:334,0
DA:342,0
DA:343,0
DA:344,0
DA:356,0
DA:362,0
DA:363,0
DA:369,0
DA:370,0
DA:371,0
DA:373,0
DA:374,0
DA:380,0
DA:382,0
DA:393,0
DA:400,0
DA:401,0
DA:407,0
DA:408,0
DA:410,0
DA:420,0
DA:426,0
DA:427,0
DA:433,0
DA:434,0
DA:435,0
DA:436,0
DA:437,0
DA:439,0
DA:442,0
DA:446,0
DA:447,0
DA:452,0
DA:453,0
DA:459,0
DA:469,0
DA:479,0
DA:486,0
DA:487,0
DA:493,12
LF:125
LH:2
BRDA:4,0,0,0
BRDA:4,0,1,0
BRDA:28,1,0,0
BRDA:28,1,1,0
BRDA:28,1,2,0
BRDA:28,1,3,0
BRDA:33,2,0,0
BRDA:33,2,1,0
BRDA:56,3,0,0
BRDA:56,3,1,0
BRDA:84,4,0,0
BRDA:84,4,1,0
BRDA:110,5,0,0
BRDA:110,5,1,0
BRDA:116,6,0,0
BRDA:116,6,1,0
BRDA:117,7,0,0
BRDA:117,7,1,0
BRDA:119,8,0,0
BRDA:119,8,1,0
BRDA:136,9,0,0
BRDA:136,9,1,0
BRDA:137,10,0,0
BRDA:137,10,1,0
BRDA:191,11,0,0
BRDA:191,11,1,0
BRDA:215,12,0,0
BRDA:215,12,1,0
BRDA:225,13,0,0
BRDA:225,13,1,0
BRDA:249,14,0,0
BRDA:249,14,1,0
BRDA:298,15,0,0
BRDA:298,15,1,0
BRDA:315,16,0,0
BRDA:315,16,1,0
BRDA:321,17,0,0
BRDA:321,17,1,0
BRDA:373,18,0,0
BRDA:373,18,1,0
BRDA:373,19,0,0
BRDA:373,19,1,0
BRDA:446,20,0,0
BRDA:446,20,1,0
BRDA:452,21,0,0
BRDA:452,21,1,0
BRF:46
BRH:0
end_of_record
TN:
SF:controllers\documentController.js
FN:15,(anonymous_0)
FN:23,(anonymous_1)
FN:162,(anonymous_2)
FN:253,(anonymous_3)
FN:277,(anonymous_4)
FN:307,(anonymous_5)
FN:370,(anonymous_6)
FN:470,(anonymous_7)
FN:488,(anonymous_8)
FN:519,(anonymous_9)
FN:574,(anonymous_10)
FN:671,(anonymous_11)
FN:694,(anonymous_12)
FN:806,(anonymous_13)
FN:863,(anonymous_14)
FN:915,(anonymous_15)
FN:966,(anonymous_16)
FN:1017,(anonymous_17)
FN:1051,(anonymous_18)
FN:1073,(anonymous_19)
FN:1097,(anonymous_20)
FN:1115,(anonymous_21)
FN:1145,(anonymous_22)
FN:1177,(anonymous_23)
FN:1210,(anonymous_24)
FN:1228,(anonymous_25)
FNF:26
FNH:8
FNDA:19,(anonymous_0)
FNDA:1,(anonymous_1)
FNDA:4,(anonymous_2)
FNDA:0,(anonymous_3)
FNDA:0,(anonymous_4)
FNDA:2,(anonymous_5)
FNDA:0,(anonymous_6)
FNDA:0,(anonymous_7)
FNDA:0,(anonymous_8)
FNDA:2,(anonymous_9)
FNDA:2,(anonymous_10)
FNDA:1,(anonymous_11)
FNDA:0,(anonymous_12)
FNDA:0,(anonymous_13)
FNDA:0,(anonymous_14)
FNDA:0,(anonymous_15)
FNDA:0,(anonymous_16)
FNDA:0,(anonymous_17)
FNDA:0,(anonymous_18)
FNDA:0,(anonymous_19)
FNDA:0,(anonymous_20)
FNDA:2,(anonymous_21)
FNDA:0,(anonymous_22)
FNDA:0,(anonymous_23)
FNDA:0,(anonymous_24)
FNDA:0,(anonymous_25)
DA:1,19
DA:2,19
DA:3,19
DA:4,19
DA:5,19
DA:6,19
DA:7,19
DA:24,1
DA:25,1
DA:146,1
DA:151,0
DA:152,0
DA:163,4
DA:164,4
DA:165,4
DA:168,4
DA:169,2
DA:176,2
DA:181,2
DA:182,1
DA:191,1
DA:192,0
DA:199,1
DA:204,1
DA:205,0
DA:212,1
DA:215,1
DA:225,1
DA:230,1
DA:242,0
DA:243,0
DA:254,0
DA:255,0
DA:256,0
DA:258,0
DA:261,0
DA:262,0
DA:266,0
DA:267,0
DA:271,0
DA:272,0
DA:274,0
DA:277,0
DA:287,0
DA:296,0
DA:297,0
DA:308,2
DA:309,2
DA:310,2
DA:311,2
DA:314,2
DA:316,2
DA:317,1
DA:324,1
DA:327,1
DA:328,1
DA:331,1
DA:341,1
DA:347,1
DA:359,0
DA:360,0
DA:371,0
DA:372,0
DA:375,0
DA:392,0
DA:393,0
DA:400,0
DA:403,0
DA:409,0
DA:410,0
DA:411,0
DA:417,0
DA:419,0
DA:423,0
DA:430,0
DA:431,0
DA:432,0
DA:435,0
DA:438,0
DA:441,0
DA:445,0
DA:451,0
DA:452,0
DA:457,0
DA:458,0
DA:459,0
DA:471,0
DA:472,0
DA:474,0
DA:488,0
DA:499,0
DA:508,0
DA:509,0
DA:520,2
DA:521,2
DA:523,2
DA:524,0
DA:531,2
DA:536,2
DA:537,0
DA:544,2
DA:545,2
DA:547,2
DA:549,2
DA:563,0
DA:564,0
DA:575,2
DA:576,2
DA:578,2
DA:579,0
DA:586,2
DA:602,2
DA:605,1
DA:606,1
DA:607,1
DA:609,1
DA:627,1
DA:634,1
DA:636,1
DA:640,1
DA:655,0
DA:660,0
DA:661,0
DA:672,1
DA:688,1
DA:695,0
DA:697,0
DA:700,0
DA:701,0
DA:704,0
DA:705,0
DA:706,0
DA:707,0
DA:708,0
DA:711,0
DA:712,0
DA:713,0
DA:714,0
DA:715,0
DA:718,0
DA:719,0
DA:722,0
DA:724,0
DA:726,0
DA:732,0
DA:734,0
DA:740,0
DA:742,0
DA:748,0
DA:750,0
DA:756,0
DA:758,0
DA:762,0
DA:763,0
DA:766,0
DA:767,0
DA:768,0
DA:769,0
DA:773,0
DA:774,0
DA:775,0
DA:778,0
DA:779,0
DA:780,0
DA:783,0
DA:784,0
DA:785,0
DA:791,0
DA:792,0
DA:793,0
DA:799,0
DA:800,0
DA:808,0
DA:810,0
DA:811,0
DA:812,0
DA:814,0
DA:815,0
DA:817,0
DA:818,0
DA:819,0
DA:821,0
DA:822,0
DA:823,0
DA:825,0
DA:828,0
DA:829,0
DA:831,0
DA:832,0
DA:834,0
DA:839,0
DA:840,0
DA:841,0
DA:843,0
DA:844,0
DA:845,0
DA:848,0
DA:853,0
DA:854,0
DA:855,0
DA:857,0
DA:865,0
DA:867,0
DA:868,0
DA:869,0
DA:871,0
DA:872,0
DA:874,0
DA:875,0
DA:876,0
DA:878,0
DA:879,0
DA:880,0
DA:882,0
DA:883,0
DA:885,0
DA:890,0
DA:891,0
DA:896,0
DA:898,0
DA:899,0
DA:900,0
DA:901,0
DA:904,0
DA:905,0
DA:906,0
DA:909,0
DA:917,0
DA:919,0
DA:920,0
DA:921,0
DA:923,0
DA:924,0
DA:926,0
DA:927,0
DA:928,0
DA:930,0
DA:931,0
DA:932,0
DA:934,0
DA:935,0
DA:937,0
DA:942,0
DA:943,0
DA:948,0
DA:950,0
DA:951,0
DA:952,0
DA:955,0
DA:956,0
DA:957,0
DA:960,0
DA:968,0
DA:970,0
DA:971,0
DA:972,0
DA:974,0
DA:975,0
DA:977,0
DA:978,0
DA:979,0
DA:981,0
DA:982,0
DA:983,0
DA:985,0
DA:986,0
DA:988,0
DA:993,0
DA:994,0
DA:995,0
DA:997,0
DA:998,0
DA:999,0
DA:1002,0
DA:1007,0
DA:1008,0
DA:1009,0
DA:1011,0
DA:1019,0
DA:1020,0
DA:1022,0
DA:1023,0
DA:1024,0
DA:1026,0
DA:1027,0
DA:1029,0
DA:1030,0
DA:1031,0
DA:1033,0
DA:1034,0
DA:1035,0
DA:1037,0
DA:1038,0
DA:1041,0
DA:1042,0
DA:1043,0
DA:1045,0
DA:1052,0
DA:1067,0
DA:1074,0
DA:1089,0
DA:1098,0
DA:1099,0
DA:1104,0
DA:1106,0
DA:1108,0
DA:1116,2
DA:1118,2
DA:1123,2
DA:1137,2
DA:1146,0
DA:1147,0
DA:1148,0
DA:1153,0
DA:1155,0
DA:1156,0
DA:1158,0
DA:1159,0
DA:1160,0
DA:1161,0
DA:1162,0
DA:1163,0
DA:1165,0
DA:1166,0
DA:1167,0
DA:1168,0
DA:1170,0
DA:1178,0
DA:1179,0
DA:1182,0
DA:1183,0
DA:1184,0
DA:1185,0
DA:1188,0
DA:1189,0
DA:1190,0
DA:1193,0
DA:1202,0
DA:1204,0
DA:1211,0
DA:1212,0
DA:1217,0
DA:1219,0
DA:1229,0
DA:1230,0
DA:1234,0
DA:1263,0
DA:1267,19
LF:348
LH:67
BRDA:1,0,0,19
BRDA:1,0,1,0
BRDA:165,1,0,4
BRDA:165,1,1,1
BRDA:168,2,0,2
BRDA:168,2,1,2
BRDA:181,3,0,1
BRDA:181,3,1,1
BRDA:191,4,0,0
BRDA:191,4,1,1
BRDA:191,5,0,1
BRDA:191,5,1,1
BRDA:204,6,0,0
BRDA:204,6,1,1
BRDA:219,7,0,1
BRDA:219,7,1,1
BRDA:255,8,0,0
BRDA:255,9,0,0
BRDA:256,10,0,0
BRDA:256,10,1,0
BRDA:261,11,0,0
BRDA:261,11,1,0
BRDA:266,12,0,0
BRDA:266,12,1,0
BRDA:310,13,0,1
BRDA:311,14,0,2
BRDA:311,14,1,0
BRDA:316,15,0,1
BRDA:316,15,1,1
BRDA:392,16,0,0
BRDA:392,16,1,0
BRDA:400,17,0,0
BRDA:400,17,1,0
BRDA:409,18,0,0
BRDA:409,18,1,0
BRDA:417,19,0,0
BRDA:417,19,1,0
BRDA:417,20,0,0
BRDA:417,20,1,0
BRDA:451,21,0,0
BRDA:451,21,1,0
BRDA:458,22,0,0
BRDA:458,22,1,0
BRDA:472,23,0,0
BRDA:472,24,0,0
BRDA:491,25,0,0
BRDA:491,25,1,0
BRDA:496,26,0,0
BRDA:496,26,1,0
BRDA:523,27,0,0
BRDA:523,27,1,2
BRDA:536,28,0,0
BRDA:536,28,1,2
BRDA:559,29,0,1
BRDA:559,29,1,1
BRDA:578,30,0,0
BRDA:578,30,1,2
BRDA:602,31,0,1
BRDA:602,31,1,1
BRDA:605,32,0,1
BRDA:605,32,1,1
BRDA:605,33,0,1
BRDA:605,33,1,1
BRDA:606,34,0,1
BRDA:606,34,1,1
BRDA:607,35,0,1
BRDA:607,35,1,1
BRDA:620,36,0,1
BRDA:620,36,1,1
BRDA:621,37,0,1
BRDA:621,37,1,1
BRDA:634,38,0,1
BRDA:634,38,1,0
BRDA:636,39,0,0
BRDA:636,39,1,1
BRDA:645,40,0,1
BRDA:645,40,1,1
BRDA:647,41,0,1
BRDA:647,41,1,1
BRDA:648,42,0,1
BRDA:648,42,1,1
BRDA:649,43,0,1
BRDA:649,43,1,1
BRDA:688,44,0,1
BRDA:688,44,1,0
BRDA:697,45,0,0
BRDA:697,45,1,0
BRDA:724,46,0,0
BRDA:724,46,1,0
BRDA:724,46,2,0
BRDA:724,46,3,0
BRDA:724,46,4,0
BRDA:766,47,0,0
BRDA:766,47,1,0
BRDA:773,48,0,0
BRDA:773,48,1,0
BRDA:808,49,0,0
BRDA:808,49,1,0
BRDA:822,50,0,0
BRDA:822,50,1,0
BRDA:825,51,0,0
BRDA:825,51,1,0
BRDA:831,52,0,0
BRDA:831,52,1,0
BRDA:843,53,0,0
BRDA:843,53,1,0
BRDA:865,54,0,0
BRDA:865,54,1,0
BRDA:879,55,0,0
BRDA:879,55,1,0
BRDA:882,56,0,0
BRDA:882,56,1,0
BRDA:898,57,0,0
BRDA:898,57,1,0
BRDA:898,58,0,0
BRDA:898,58,1,0
BRDA:899,59,0,0
BRDA:899,59,1,0
BRDA:904,60,0,0
BRDA:904,60,1,0
BRDA:917,61,0,0
BRDA:917,61,1,0
BRDA:931,62,0,0
BRDA:931,62,1,0
BRDA:934,63,0,0
BRDA:934,63,1,0
BRDA:950,64,0,0
BRDA:950,64,1,0
BRDA:955,65,0,0
BRDA:955,65,1,0
BRDA:968,66,0,0
BRDA:968,66,1,0
BRDA:982,67,0,0
BRDA:982,67,1,0
BRDA:985,68,0,0
BRDA:985,68,1,0
BRDA:997,69,0,0
BRDA:997,69,1,0
BRDA:1019,70,0,0
BRDA:1019,70,1,0
BRDA:1034,71,0,0
BRDA:1034,71,1,0
BRDA:1037,72,0,0
BRDA:1037,72,1,0
BRDA:1067,73,0,0
BRDA:1067,73,1,0
BRDA:1077,74,0,0
BRDA:1077,74,1,0
BRDA:1077,75,0,0
BRDA:1077,75,1,0
BRDA:1078,76,0,0
BRDA:1078,76,1,0
BRDA:1078,77,0,0
BRDA:1078,77,1,0
BRDA:1078,78,0,0
BRDA:1078,78,1,0
BRDA:1078,79,0,0
BRDA:1078,79,1,0
BRDA:1078,80,0,0
BRDA:1078,80,1,0
BRDA:1078,81,0,0
BRDA:1078,81,1,0
BRDA:1083,82,0,0
BRDA:1083,82,1,0
BRDA:1083,83,0,0
BRDA:1083,83,1,0
BRDA:1083,84,0,0
BRDA:1083,84,1,0
BRDA:1083,84,2,0
BRDA:1086,85,0,0
BRDA:1086,85,1,0
BRDA:1087,86,0,0
BRDA:1087,86,1,0
BRDA:1087,87,0,0
BRDA:1087,87,1,0
BRDA:1090,88,0,0
BRDA:1090,88,1,0
BRDA:1118,89,0,0
BRDA:1118,89,1,2
BRDA:1120,90,0,0
BRDA:1120,90,1,2
BRDA:1132,91,0,0
BRDA:1132,91,1,0
BRDA:1147,92,0,0
BRDA:1147,92,1,0
BRDA:1148,93,0,0
BRDA:1148,93,1,0
BRDA:1148,93,2,0
BRDA:1155,94,0,0
BRDA:1155,94,1,0
BRDA:1162,95,0,0
BRDA:1162,95,1,0
BRDA:1185,96,0,0
BRDA:1185,96,1,0
BRDA:1188,97,0,0
BRDA:1188,97,1,0
BRDA:1189,98,0,0
BRDA:1189,98,1,0
BRDA:1189,99,0,0
BRDA:1189,99,1,0
BRDA:1189,99,2,0
BRDA:1193,100,0,0
BRDA:1193,100,1,0
BRDA:1229,101,0,0
BRDA:1229,101,1,0
BRDA:1230,102,0,0
BRDA:1230,102,1,0
BRDA:1237,103,0,0
BRDA:1237,103,1,0
BRDA:1238,104,0,0
BRDA:1238,104,1,0
BRDA:1244,105,0,0
BRDA:1244,105,1,0
BRDA:1245,106,0,0
BRDA:1245,106,1,0
BRDA:1247,107,0,0
BRDA:1247,107,1,0
BRDA:1248,108,0,0
BRDA:1248,108,1,0
BRDA:1249,109,0,0
BRDA:1249,109,1,0
BRDA:1250,110,0,0
BRDA:1250,110,1,0
BRF:223
BRH:49
end_of_record
TN:
SF:controllers\householdController.js
FN:1,(anonymous_0)
FN:45,(anonymous_1)
FN:66,(anonymous_2)
FN:91,(anonymous_3)
FN:118,(anonymous_4)
FNF:5
FNH:4
FNDA:2,(anonymous_0)
FNDA:0,(anonymous_1)
FNDA:1,(anonymous_2)
FNDA:1,(anonymous_3)
FNDA:1,(anonymous_4)
DA:1,14
DA:2,2
DA:3,2
DA:4,2
DA:5,1
DA:7,1
DA:8,1
DA:10,1
DA:11,0
DA:12,0
DA:15,1
DA:26,1
DA:30,1
DA:40,1
DA:41,1
DA:45,14
DA:46,0
DA:47,0
DA:48,0
DA:55,0
DA:56,0
DA:59,0
DA:61,0
DA:62,0
DA:66,14
DA:67,1
DA:68,1
DA:69,1
DA:71,1
DA:73,1
DA:84,1
DA:86,0
DA:87,0
DA:91,14
DA:92,1
DA:93,1
DA:94,1
DA:96,1
DA:97,1
DA:99,1
DA:100,1
DA:101,1
DA:102,1
DA:104,1
DA:105,1
DA:108,0
DA:109,0
DA:111,0
DA:113,1
DA:114,1
DA:118,14
DA:119,1
DA:120,1
DA:121,1
DA:123,1
DA:124,0
DA:127,0
DA:128,0
DA:130,1
DA:131,1
LF:60
LH:42
BRDA:4,0,0,1
BRDA:4,1,0,1
BRDA:10,2,0,0
BRDA:10,2,1,1
BRDA:55,3,0,0
BRDA:55,3,1,0
BRDA:78,4,0,1
BRDA:78,4,1,1
BRDA:79,5,0,1
BRDA:79,5,1,1
BRDA:80,6,0,1
BRDA:80,6,1,1
BRDA:81,7,0,1
BRDA:81,7,1,1
BRDA:99,8,0,0
BRDA:99,8,1,1
BRDA:100,9,0,0
BRDA:100,9,1,1
BRDA:101,10,0,0
BRDA:101,10,1,1
BRDA:102,11,0,0
BRDA:102,11,1,1
BRDA:104,12,0,1
BRDA:104,12,1,0
BRDA:123,13,0,0
BRDA:123,13,1,0
BRF:26
BRH:16
end_of_record
TN:
SF:controllers\notificationController.js
FN:4,(anonymous_0)
FN:8,(anonymous_1)
FN:52,(anonymous_2)
FN:69,(anonymous_3)
FN:85,(anonymous_4)
FN:101,(anonymous_5)
FN:144,(anonymous_6)
FN:155,(anonymous_7)
FN:156,(anonymous_8)
FN:177,(anonymous_9)
FNF:10
FNH:1
FNDA:12,(anonymous_0)
FNDA:0,(anonymous_1)
FNDA:0,(anonymous_2)
FNDA:0,(anonymous_3)
FNDA:0,(anonymous_4)
FNDA:0,(anonymous_5)
FNDA:0,(anonymous_6)
FNDA:0,(anonymous_7)
FNDA:0,(anonymous_8)
FNDA:0,(anonymous_9)
DA:5,12
DA:9,0
DA:10,0
DA:11,0
DA:12,0
DA:14,0
DA:21,0
DA:23,0
DA:24,0
DA:27,0
DA:28,0
DA:30,0
DA:32,0
DA:37,0
DA:47,0
DA:48,0
DA:53,0
DA:54,0
DA:55,0
DA:57,0
DA:62,0
DA:64,0
DA:65,0
DA:70,0
DA:71,0
DA:73,0
DA:78,0
DA:80,0
DA:81,0
DA:86,0
DA:87,0
DA:89,0
DA:94,0
DA:96,0
DA:97,0
DA:102,0
DA:104,0
DA:109,0
DA:112,0
DA:117,0
DA:129,0
DA:130,0
DA:136,0
DA:138,0
DA:139,0
DA:145,0
DA:147,0
DA:152,0
DA:155,0
DA:156,0
DA:157,0
DA:159,0
DA:164,0
DA:176,0
DA:177,0
DA:178,0
DA:185,0
DA:187,0
DA:188,0
DA:193,12
LF:60
LH:2
BRDA:10,0,0,0
BRDA:10,1,0,0
BRDA:10,2,0,0
BRDA:23,3,0,0
BRDA:23,3,1,0
BRDA:33,4,0,0
BRDA:33,4,1,0
BRDA:101,5,0,0
BRDA:101,6,0,0
BRDA:101,7,0,0
BRDA:129,8,0,0
BRDA:129,8,1,0
BRDA:144,9,0,0
BRDA:144,10,0,0
BRDA:144,11,0,0
BRDA:176,12,0,0
BRDA:176,12,1,0
BRF:17
BRH:0
end_of_record
TN:
SF:controllers\programController.js
FN:4,(anonymous_0)
FN:9,(anonymous_1)
FN:67,(anonymous_2)
FN:91,(anonymous_3)
FN:134,(anonymous_4)
FN:181,(anonymous_5)
FN:221,(anonymous_6)
FNF:7
FNH:0
FNDA:0,(anonymous_0)
FNDA:0,(anonymous_1)
FNDA:0,(anonymous_2)
FNDA:0,(anonymous_3)
FNDA:0,(anonymous_4)
FNDA:0,(anonymous_5)
FNDA:0,(anonymous_6)
DA:1,0
DA:5,0
DA:9,0
DA:10,0
DA:11,0
DA:12,0
DA:14,0
DA:15,0
DA:17,0
DA:18,0
DA:19,0
DA:22,0
DA:23,0
DA:24,0
DA:27,0
DA:29,0
DA:41,0
DA:43,0
DA:49,0
DA:51,0
DA:61,0
DA:62,0
DA:67,0
DA:68,0
DA:69,0
DA:79,0
DA:80,0
DA:83,0
DA:85,0
DA:86,0
DA:91,0
DA:92,0
DA:94,0
DA:95,0
DA:101,0
DA:103,0
DA:104,0
DA:107,0
DA:118,0
DA:120,0
DA:125,0
DA:126,0
DA:127,0
DA:129,0
DA:134,0
DA:135,0
DA:137,0
DA:138,0
DA:140,0
DA:144,0
DA:146,0
DA:147,0
DA:149,0
DA:150,0
DA:151,0
DA:152,0
DA:153,0
DA:154,0
DA:155,0
DA:156,0
DA:157,0
DA:159,0
DA:160,0
DA:163,0
DA:164,0
DA:166,0
DA:167,0
DA:169,0
DA:170,0
DA:172,0
DA:173,0
DA:174,0
DA:176,0
DA:181,0
DA:182,0
DA:184,0
DA:185,0
DA:187,0
DA:188,0
DA:190,0
DA:191,0
DA:195,0
DA:200,0
DA:201,0
DA:204,0
DA:209,0
DA:210,0
DA:212,0
DA:213,0
DA:214,0
DA:216,0
DA:221,0
DA:222,0
DA:223,0
DA:224,0
DA:226,0
DA:227,0
DA:231,0
DA:240,0
DA:242,0
DA:248,0
DA:249,0
DA:254,0
LF:103
LH:0
BRDA:11,0,0,0
BRDA:11,1,0,0
BRDA:17,2,0,0
BRDA:17,2,1,0
BRDA:22,3,0,0
BRDA:22,3,1,0
BRDA:27,4,0,0
BRDA:27,4,1,0
BRDA:79,5,0,0
BRDA:79,5,1,0
BRDA:99,6,0,0
BRDA:100,7,0,0
BRDA:103,8,0,0
BRDA:103,8,1,0
BRDA:103,9,0,0
BRDA:103,9,1,0
BRDA:114,10,0,0
BRDA:114,10,1,0
BRDA:149,11,0,0
BRDA:149,11,1,0
BRDA:150,12,0,0
BRDA:150,12,1,0
BRDA:151,13,0,0
BRDA:151,13,1,0
BRDA:152,14,0,0
BRDA:152,14,1,0
BRDA:153,15,0,0
BRDA:153,15,1,0
BRDA:154,16,0,0
BRDA:154,16,1,0
BRDA:155,17,0,0
BRDA:155,17,1,0
BRDA:156,18,0,0
BRDA:156,18,1,0
BRDA:157,19,0,0
BRDA:157,19,1,0
BRDA:159,20,0,0
BRDA:159,20,1,0
BRDA:190,21,0,0
BRDA:190,21,1,0
BRDA:200,22,0,0
BRDA:200,22,1,0
BRDA:226,23,0,0
BRDA:226,23,1,0
BRF:44
BRH:0
end_of_record
TN:
SF:controllers\reportController.js
FN:14,(anonymous_0)
FN:37,(anonymous_1)
FN:73,(anonymous_2)
FN:129,(anonymous_3)
FN:141,(anonymous_4)
FN:151,(anonymous_5)
FN:201,(anonymous_6)
FN:211,(anonymous_7)
FN:257,(anonymous_8)
FN:275,(anonymous_9)
FN:349,(anonymous_10)
FNF:11
FNH:0
FNDA:0,(anonymous_0)
FNDA:0,(anonymous_1)
FNDA:0,(anonymous_2)
FNDA:0,(anonymous_3)
FNDA:0,(anonymous_4)
FNDA:0,(anonymous_5)
FNDA:0,(anonymous_6)
FNDA:0,(anonymous_7)
FNDA:0,(anonymous_8)
FNDA:0,(anonymous_9)
FNDA:0,(anonymous_10)
DA:1,12
DA:2,12
DA:3,12
DA:15,0
DA:16,0
DA:19,0
DA:36,0
DA:37,0
DA:38,0
DA:47,0
DA:58,0
DA:59,0
DA:60,0
DA:64,0
DA:65,0
DA:68,0
DA:69,0
DA:72,0
DA:73,0
DA:74,0
DA:80,0
DA:82,0
DA:83,0
DA:84,0
DA:85,0
DA:86,0
DA:87,0
DA:90,0
DA:91,0
DA:94,0
DA:95,0
DA:98,0
DA:101,0
DA:104,0
DA:105,0
DA:107,0
DA:110,0
DA:113,0
DA:114,0
DA:115,0
DA:116,0
DA:117,0
DA:118,0
DA:119,0
DA:120,0
DA:123,0
DA:124,0
DA:125,0
DA:126,0
DA:128,0
DA:129,0
DA:130,0
DA:131,0
DA:135,0
DA:138,0
DA:139,0
DA:141,0
DA:143,0
DA:144,0
DA:145,0
DA:146,0
DA:149,0
DA:150,0
DA:151,0
DA:152,0
DA:153,0
DA:155,0
DA:156,0
DA:157,0
DA:161,0
DA:162,0
DA:165,0
DA:166,0
DA:167,0
DA:168,0
DA:169,0
DA:172,0
DA:173,0
DA:174,0
DA:175,0
DA:176,0
DA:177,0
DA:178,0
DA:179,0
DA:181,0
DA:185,0
DA:186,0
DA:188,0
DA:191,0
DA:192,0
DA:193,0
DA:202,0
DA:203,0
DA:205,0
DA:210,0
DA:211,0
DA:212,0
DA:218,0
DA:219,0
DA:222,0
DA:223,0
DA:226,0
DA:227,0
DA:230,0
DA:233,0
DA:235,0
DA:236,0
DA:238,0
DA:240,0
DA:243,0
DA:244,0
DA:245,0
DA:246,0
DA:247,0
DA:248,0
DA:251,0
DA:252,0
DA:253,0
DA:254,0
DA:256,0
DA:257,0
DA:258,0
DA:259,0
DA:262,0
DA:264,0
DA:265,0
DA:267,0
DA:268,0
DA:269,0
DA:270,0
DA:271,0
DA:273,0
DA:274,0
DA:275,0
DA:276,0
DA:277,0
DA:279,0
DA:280,0
DA:281,0
DA:285,0
DA:286,0
DA:287,0
DA:288,0
DA:289,0
DA:290,0
DA:292,0
DA:293,0
DA:299,0
DA:300,0
DA:302,0
DA:303,0
DA:304,0
DA:305,0
DA:306,0
DA:307,0
DA:309,0
DA:310,0
DA:316,0
DA:317,0
DA:319,0
DA:321,0
DA:322,0
DA:323,0
DA:324,0
DA:325,0
DA:326,0
DA:327,0
DA:328,0
DA:330,0
DA:333,0
DA:334,0
DA:336,0
DA:339,0
DA:340,0
DA:341,0
DA:350,0
DA:352,0
DA:353,0
DA:354,0
DA:355,0
DA:356,0
DA:358,0
DA:362,12
LF:183
LH:4
BRDA:1,0,0,12
BRDA:1,0,1,0
BRDA:36,1,0,0
BRDA:36,1,1,0
BRDA:47,2,0,0
BRDA:47,2,1,0
BRDA:58,3,0,0
BRDA:58,3,1,0
BRDA:59,4,0,0
BRDA:59,4,1,0
BRDA:64,5,0,0
BRDA:64,5,1,0
BRDA:64,6,0,0
BRDA:64,6,1,0
BRDA:65,7,0,0
BRDA:65,7,1,0
BRDA:68,8,0,0
BRDA:68,8,1,0
BRDA:72,9,0,0
BRDA:72,9,1,0
BRDA:72,10,0,0
BRDA:72,10,1,0
BRDA:80,11,0,0
BRDA:80,11,1,0
BRDA:83,12,0,0
BRDA:83,12,1,0
BRDA:84,13,0,0
BRDA:84,13,1,0
BRDA:85,14,0,0
BRDA:85,14,1,0
BRDA:86,15,0,0
BRDA:86,15,1,0
BRDA:87,16,0,0
BRDA:87,16,1,0
BRDA:90,17,0,0
BRDA:90,17,1,0
BRDA:94,18,0,0
BRDA:94,18,1,0
BRDA:115,19,0,0
BRDA:115,19,1,0
BRDA:116,20,0,0
BRDA:116,20,1,0
BRDA:117,21,0,0
BRDA:117,21,1,0
BRDA:117,22,0,0
BRDA:117,22,1,0
BRDA:117,23,0,0
BRDA:117,23,1,0
BRDA:118,24,0,0
BRDA:118,24,1,0
BRDA:143,25,0,0
BRDA:143,25,1,0
BRDA:161,26,0,0
BRDA:161,26,1,0
BRDA:162,27,0,0
BRDA:162,27,1,0
BRDA:166,28,0,0
BRDA:166,28,1,0
BRDA:167,29,0,0
BRDA:167,29,1,0
BRDA:168,30,0,0
BRDA:168,30,1,0
BRDA:169,31,0,0
BRDA:169,31,1,0
BRDA:175,32,0,0
BRDA:175,32,1,0
BRDA:176,33,0,0
BRDA:176,33,1,0
BRDA:177,34,0,0
BRDA:177,34,1,0
BRDA:178,35,0,0
BRDA:178,35,1,0
BRDA:179,36,0,0
BRDA:179,36,1,0
BRDA:192,37,0,0
BRDA:192,37,1,0
BRDA:210,38,0,0
BRDA:210,38,1,0
BRDA:218,39,0,0
BRDA:218,39,1,0
BRDA:222,40,0,0
BRDA:222,40,1,0
BRDA:226,41,0,0
BRDA:226,41,1,0
BRDA:245,42,0,0
BRDA:245,42,1,0
BRDA:246,43,0,0
BRDA:246,43,1,0
BRDA:268,44,0,0
BRDA:268,44,1,0
BRDA:288,45,0,0
BRDA:288,45,1,0
BRDA:292,46,0,0
BRDA:292,46,1,0
BRDA:299,47,0,0
BRDA:299,47,1,0
BRDA:299,48,0,0
BRDA:299,48,1,0
BRDA:299,49,0,0
BRDA:299,49,1,0
BRDA:299,50,0,0
BRDA:299,50,1,0
BRDA:300,51,0,0
BRDA:300,51,1,0
BRDA:305,52,0,0
BRDA:305,52,1,0
BRDA:309,53,0,0
BRDA:309,53,1,0
BRDA:316,54,0,0
BRDA:316,54,1,0
BRDA:316,55,0,0
BRDA:316,55,1,0
BRDA:316,56,0,0
BRDA:316,56,1,0
BRDA:316,57,0,0
BRDA:316,57,1,0
BRDA:317,58,0,0
BRDA:317,58,1,0
BRDA:319,59,0,0
BRDA:319,59,1,0
BRDA:322,60,0,0
BRDA:322,60,1,0
BRDA:324,61,0,0
BRDA:324,61,1,0
BRDA:325,62,0,0
BRDA:325,62,1,0
BRDA:326,63,0,0
BRDA:326,63,1,0
BRDA:340,64,0,0
BRDA:340,64,1,0
BRF:130
BRH:1
end_of_record
TN:
SF:controllers\residentController.js
FN:20,(anonymous_0)
FN:31,(anonymous_1)
FN:47,(anonymous_2)
FN:68,(anonymous_3)
FN:96,(anonymous_4)
FN:139,(anonymous_5)
FN:158,(anonymous_6)
FN:174,(anonymous_7)
FN:225,(anonymous_8)
FN:255,(anonymous_9)
FN:295,(anonymous_10)
FN:442,(anonymous_11)
FN:505,(anonymous_12)
FN:535,(anonymous_13)
FN:587,(anonymous_14)
FN:609,(anonymous_15)
FN:643,(anonymous_16)
FN:675,(anonymous_17)
FN:704,(anonymous_18)
FN:728,(anonymous_19)
FN:733,(anonymous_20)
FN:736,(anonymous_21)
FNF:22
FNH:10
FNDA:0,(anonymous_0)
FNDA:4,(anonymous_1)
FNDA:5,(anonymous_2)
FNDA:2,(anonymous_3)
FNDA:6,(anonymous_4)
FNDA:1,(anonymous_5)
FNDA:2,(anonymous_6)
FNDA:0,(anonymous_7)
FNDA:0,(anonymous_8)
FNDA:0,(anonymous_9)
FNDA:2,(anonymous_10)
FNDA:0,(anonymous_11)
FNDA:1,(anonymous_12)
FNDA:2,(anonymous_13)
FNDA:1,(anonymous_14)
FNDA:0,(anonymous_15)
FNDA:0,(anonymous_16)
FNDA:0,(anonymous_17)
FNDA:0,(anonymous_18)
FNDA:0,(anonymous_19)
FNDA:0,(anonymous_20)
FNDA:0,(anonymous_21)
DA:1,24
DA:2,24
DA:3,24
DA:4,24
DA:5,24
DA:6,24
DA:7,24
DA:9,24
DA:10,24
DA:16,24
DA:17,24
DA:18,24
DA:20,24
DA:21,0
DA:22,0
DA:23,0
DA:24,0
DA:25,0
DA:26,0
DA:28,0
DA:31,24
DA:32,4
DA:33,4
DA:34,0
DA:37,4
DA:38,4
DA:39,4
DA:40,3
DA:42,1
DA:43,1
DA:47,24
DA:48,5
DA:49,5
DA:50,0
DA:53,5
DA:54,5
DA:55,5
DA:57,5
DA:58,2
DA:61,3
DA:63,0
DA:64,0
DA:68,24
DA:69,2
DA:70,2
DA:71,0
DA:74,2
DA:75,2
DA:76,2
DA:77,2
DA:79,1
DA:88,1
DA:89,1
DA:91,0
DA:92,0
DA:96,24
DA:97,6
DA:98,6
DA:99,0
DA:102,6
DA:103,6
DA:105,6
DA:106,4
DA:111,2
DA:112,2
DA:114,0
DA:119,2
DA:121,2
DA:122,2
DA:123,0
DA:124,2
DA:125,0
DA:126,2
DA:127,0
DA:128,2
DA:129,0
DA:132,2
DA:139,24
DA:140,1
DA:141,1
DA:142,0
DA:145,1
DA:146,1
DA:147,1
DA:148,0
DA:150,1
DA:151,1
DA:152,0
DA:154,1
DA:158,24
DA:159,2
DA:160,2
DA:161,0
DA:164,2
DA:165,2
DA:166,2
DA:167,1
DA:169,1
DA:170,1
DA:174,24
DA:175,0
DA:176,0
DA:177,0
DA:180,0
DA:182,0
DA:183,0
DA:185,0
DA:186,0
DA:188,0
DA:189,0
DA:197,0
DA:199,0
DA:207,0
DA:208,0
DA:210,0
DA:211,0
DA:212,0
DA:214,0
DA:225,24
DA:226,0
DA:227,0
DA:228,0
DA:231,0
DA:232,0
DA:234,0
DA:235,0
DA:237,0
DA:242,0
DA:243,0
DA:244,0
DA:247,0
DA:248,0
DA:250,0
DA:251,0
DA:255,24
DA:256,0
DA:257,0
DA:258,0
DA:261,0
DA:262,0
DA:274,0
DA:284,0
DA:285,0
DA:288,0
DA:290,0
DA:291,0
DA:295,24
DA:296,2
DA:297,2
DA:298,0
DA:301,2
DA:303,2
DA:304,2
DA:326,2
DA:328,2
DA:329,0
DA:334,2
DA:340,2
DA:343,2
DA:344,1
DA:347,1
DA:348,1
DA:349,1
DA:352,1
DA:387,1
DA:388,0
DA:390,0
DA:392,0
DA:393,0
DA:399,0
DA:400,0
DA:401,0
DA:402,0
DA:405,0
DA:426,1
DA:428,1
DA:434,0
DA:435,0
DA:436,0
DA:438,2
DA:442,24
DA:443,0
DA:444,0
DA:445,0
DA:448,0
DA:450,0
DA:451,0
DA:453,0
DA:455,0
DA:456,0
DA:459,0
DA:460,0
DA:461,0
DA:462,0
DA:468,0
DA:469,0
DA:470,0
DA:471,0
DA:474,0
DA:494,0
DA:495,0
DA:497,0
DA:498,0
DA:499,0
DA:501,0
DA:505,24
DA:506,1
DA:507,1
DA:508,1
DA:511,0
DA:512,0
DA:513,0
DA:514,0
DA:515,0
DA:518,0
DA:528,0
DA:530,0
DA:531,0
DA:535,24
DA:536,2
DA:537,2
DA:538,1
DA:541,1
DA:542,1
DA:543,1
DA:544,1
DA:545,0
DA:548,1
DA:549,1
DA:550,0
DA:553,1
DA:563,1
DA:564,0
DA:567,1
DA:568,1
DA:569,0
DA:572,1
DA:587,1
DA:588,1
DA:589,1
DA:590,1
DA:591,1
DA:592,1
DA:593,1
DA:597,1
DA:604,0
DA:605,0
DA:609,24
DA:610,0
DA:611,0
DA:612,0
DA:615,0
DA:616,0
DA:617,0
DA:620,0
DA:621,0
DA:624,0
DA:636,0
DA:638,0
DA:639,0
DA:643,24
DA:644,0
DA:645,0
DA:646,0
DA:649,0
DA:650,0
DA:654,0
DA:664,0
DA:665,0
DA:666,0
DA:667,0
DA:670,0
DA:671,0
DA:672,0
DA:674,0
DA:675,0
DA:676,0
DA:679,0
DA:680,0
DA:681,0
DA:682,0
DA:683,0
DA:686,0
DA:687,0
DA:691,0
DA:692,0
DA:693,0
DA:697,0
DA:699,0
DA:700,0
DA:704,24
DA:705,0
DA:706,0
DA:707,0
DA:710,0
DA:711,0
DA:714,0
DA:716,0
DA:717,0
DA:719,0
DA:720,0
DA:721,0
DA:723,0
DA:724,0
DA:726,0
DA:727,0
DA:728,0
DA:729,0
DA:733,0
DA:734,0
DA:735,0
DA:736,0
DA:737,0
DA:738,0
DA:740,0
DA:742,0
DA:743,0
DA:744,0
DA:745,0
DA:750,0
DA:751,0
DA:756,0
DA:757,0
DA:758,0
DA:761,0
DA:767,0
DA:768,0
DA:770,0
DA:771,0
DA:777,0
DA:778,0
DA:786,0
DA:787,0
DA:788,0
DA:789,0
DA:792,0
DA:821,0
DA:836,0
DA:842,0
DA:844,0
DA:845,0
DA:849,0
DA:850,0
DA:852,0
DA:857,0
DA:858,0
DA:859,0
DA:860,0
DA:862,0
DA:867,24
LF:350
LH:130
BRDA:25,0,0,0
BRDA:25,0,1,0
BRDA:25,1,0,0
BRDA:25,1,1,0
BRDA:25,1,2,0
BRDA:33,2,0,0
BRDA:33,2,1,4
BRDA:39,3,0,4
BRDA:39,3,1,1
BRDA:49,4,0,0
BRDA:49,4,1,5
BRDA:57,5,0,2
BRDA:57,5,1,3
BRDA:70,6,0,0
BRDA:70,6,1,2
BRDA:75,7,0,2
BRDA:75,7,1,0
BRDA:83,8,0,1
BRDA:83,8,1,0
BRDA:88,9,0,1
BRDA:88,9,1,0
BRDA:98,10,0,0
BRDA:98,10,1,6
BRDA:103,11,0,6
BRDA:103,11,1,0
BRDA:105,12,0,4
BRDA:105,12,1,2
BRDA:105,13,0,6
BRDA:105,13,1,3
BRDA:105,13,2,2
BRDA:105,13,3,2
BRDA:105,13,4,2
BRDA:105,13,5,2
BRDA:122,14,0,0
BRDA:122,14,1,2
BRDA:124,15,0,0
BRDA:124,15,1,2
BRDA:126,16,0,0
BRDA:126,16,1,2
BRDA:128,17,0,0
BRDA:128,17,1,2
BRDA:134,18,0,0
BRDA:134,18,1,2
BRDA:141,19,0,0
BRDA:141,19,1,1
BRDA:151,20,0,0
BRDA:151,20,1,1
BRDA:160,21,0,0
BRDA:160,21,1,2
BRDA:176,22,0,0
BRDA:176,22,1,0
BRDA:188,23,0,0
BRDA:188,23,1,0
BRDA:197,24,0,0
BRDA:197,24,1,0
BRDA:227,25,0,0
BRDA:227,25,1,0
BRDA:242,26,0,0
BRDA:242,26,1,0
BRDA:257,27,0,0
BRDA:257,27,1,0
BRDA:284,28,0,0
BRDA:284,28,1,0
BRDA:297,29,0,0
BRDA:297,29,1,2
BRDA:326,30,0,2
BRDA:326,30,1,0
BRDA:328,31,0,0
BRDA:328,31,1,2
BRDA:328,32,0,2
BRDA:328,32,1,2
BRDA:328,32,2,2
BRDA:328,32,3,2
BRDA:328,32,4,2
BRDA:328,32,5,2
BRDA:334,33,0,2
BRDA:334,33,1,0
BRDA:343,34,0,1
BRDA:343,34,1,1
BRDA:369,35,0,1
BRDA:369,35,1,1
BRDA:371,36,0,1
BRDA:371,36,1,1
BRDA:376,37,0,1
BRDA:376,37,1,1
BRDA:377,38,0,1
BRDA:377,38,1,1
BRDA:378,39,0,1
BRDA:378,39,1,1
BRDA:379,40,0,1
BRDA:379,40,1,1
BRDA:380,41,0,1
BRDA:380,41,1,1
BRDA:387,42,0,0
BRDA:387,42,1,1
BRDA:387,43,0,1
BRDA:387,43,1,1
BRDA:399,44,0,0
BRDA:399,44,1,0
BRDA:444,45,0,0
BRDA:444,45,1,0
BRDA:453,46,0,0
BRDA:453,46,1,0
BRDA:455,47,0,0
BRDA:455,47,1,0
BRDA:455,48,0,0
BRDA:455,48,1,0
BRDA:468,49,0,0
BRDA:468,49,1,0
BRDA:507,50,0,1
BRDA:507,50,1,0
BRDA:512,51,0,0
BRDA:512,51,1,0
BRDA:513,52,0,0
BRDA:513,52,1,0
BRDA:513,52,2,0
BRDA:514,53,0,0
BRDA:514,53,1,0
BRDA:514,54,0,0
BRDA:514,54,1,0
BRDA:537,55,0,1
BRDA:537,55,1,1
BRDA:542,56,0,1
BRDA:542,56,1,0
BRDA:544,57,0,0
BRDA:544,57,1,1
BRDA:548,58,0,1
BRDA:548,58,1,0
BRDA:548,58,2,0
BRDA:549,59,0,0
BRDA:549,59,1,1
BRDA:549,60,0,1
BRDA:549,60,1,1
BRDA:563,61,0,0
BRDA:563,61,1,1
BRDA:568,62,0,0
BRDA:568,62,1,1
BRDA:573,63,0,1
BRDA:573,63,1,0
BRDA:574,64,0,1
BRDA:574,64,1,0
BRDA:575,65,0,1
BRDA:575,65,1,0
BRDA:588,66,0,0
BRDA:588,66,1,1
BRDA:591,67,0,1
BRDA:591,67,1,0
BRDA:592,68,0,1
BRDA:592,68,1,0
BRDA:592,69,0,1
BRDA:592,69,1,1
BRDA:611,70,0,0
BRDA:611,70,1,0
BRDA:617,71,0,0
BRDA:617,71,1,0
BRDA:617,71,2,0
BRDA:620,72,0,0
BRDA:620,72,1,0
BRDA:620,73,0,0
BRDA:620,73,1,0
BRDA:645,74,0,0
BRDA:645,74,1,0
BRDA:650,75,0,0
BRDA:664,76,0,0
BRDA:664,76,1,0
BRDA:670,77,0,0
BRDA:670,77,1,0
BRDA:670,78,0,0
BRDA:670,78,1,0
BRDA:674,79,0,0
BRDA:674,79,1,0
BRDA:679,80,0,0
BRDA:679,80,1,0
BRDA:686,81,0,0
BRDA:686,81,1,0
BRDA:706,82,0,0
BRDA:706,82,1,0
BRDA:710,83,0,0
BRDA:710,83,1,0
BRDA:724,84,0,0
BRDA:724,84,1,0
BRDA:734,85,0,0
BRDA:734,85,1,0
BRDA:738,86,0,0
BRDA:738,86,1,0
BRDA:742,87,0,0
BRDA:742,87,1,0
BRDA:742,88,0,0
BRDA:742,88,1,0
BRDA:743,89,0,0
BRDA:743,89,1,0
BRDA:745,90,0,0
BRDA:745,90,1,0
BRDA:750,91,0,0
BRDA:750,91,1,0
BRDA:756,92,0,0
BRDA:756,92,1,0
BRDA:756,93,0,0
BRDA:756,93,1,0
BRDA:770,94,0,0
BRDA:770,94,1,0
BRDA:770,95,0,0
BRDA:770,95,1,0
BRDA:770,95,2,0
BRDA:770,95,3,0
BRDA:786,96,0,0
BRDA:786,96,1,0
BRDA:801,97,0,0
BRDA:801,97,1,0
BRDA:803,98,0,0
BRDA:803,98,1,0
BRDA:805,99,0,0
BRDA:805,99,1,0
BRDA:808,100,0,0
BRDA:808,100,1,0
BRDA:809,101,0,0
BRDA:809,101,1,0
BRDA:810,102,0,0
BRDA:810,102,1,0
BRDA:811,103,0,0
BRDA:811,103,1,0
BRDA:813,104,0,0
BRDA:813,104,1,0
BRDA:814,105,0,0
BRDA:814,105,1,0
BRDA:815,106,0,0
BRDA:815,106,1,0
BRDA:827,107,0,0
BRDA:827,107,1,0
BRDA:828,108,0,0
BRDA:828,108,1,0
BRDA:829,109,0,0
BRDA:829,109,1,0
BRDA:830,110,0,0
BRDA:830,110,1,0
BRDA:831,111,0,0
BRDA:831,111,1,0
BRDA:839,112,0,0
BRDA:839,112,1,0
BRDA:858,113,0,0
BRDA:858,113,1,0
BRF:241
BRH:76
end_of_record
TN:
SF:controllers\residentProfileController.js
FN:2,(anonymous_0)
FN:6,(anonymous_1)
FN:32,(anonymous_2)
FN:68,(anonymous_3)
FN:117,(anonymous_4)
FN:145,(anonymous_5)
FN:155,(anonymous_6)
FNF:7
FNH:1
FNDA:12,(anonymous_0)
FNDA:0,(anonymous_1)
FNDA:0,(anonymous_2)
FNDA:0,(anonymous_3)
FNDA:0,(anonymous_4)
FNDA:0,(anonymous_5)
FNDA:0,(anonymous_6)
DA:3,12
DA:7,0
DA:8,0
DA:10,0
DA:21,0
DA:22,0
DA:25,0
DA:27,0
DA:28,0
DA:33,0
DA:34,0
DA:39,0
DA:41,0
DA:54,0
DA:55,0
DA:61,0
DA:63,0
DA:64,0
DA:69,0
DA:70,0
DA:74,0
DA:77,0
DA:82,0
DA:86,0
DA:88,0
DA:101,0
DA:113,0
DA:114,0
DA:117,0
DA:119,0
DA:124,0
DA:134,0
DA:140,0
DA:141,0
DA:146,0
DA:147,0
DA:148,0
DA:149,0
DA:150,0
DA:151,0
DA:152,0
DA:156,0
DA:157,0
DA:159,0
DA:164,0
DA:165,0
DA:168,0
DA:170,0
DA:171,0
DA:176,12
LF:50
LH:2
BRDA:21,0,0,0
BRDA:21,0,1,0
BRDA:54,1,0,0
BRDA:54,1,1,0
BRDA:86,2,0,0
BRDA:86,2,1,0
BRDA:113,3,0,0
BRDA:113,3,1,0
BRDA:113,4,0,0
BRDA:113,4,1,0
BRDA:147,5,0,0
BRDA:147,5,1,0
BRDA:148,6,0,0
BRDA:148,6,1,0
BRDA:149,7,0,0
BRDA:149,7,1,0
BRDA:150,8,0,0
BRDA:150,8,1,0
BRDA:151,9,0,0
BRDA:151,9,1,0
BRDA:164,10,0,0
BRDA:164,10,1,0
BRF:22
BRH:0
end_of_record
TN:
SF:controllers\systemAdminController.js
FN:5,(anonymous_0)
FN:9,(anonymous_1)
FN:33,(anonymous_2)
FN:60,(anonymous_3)
FN:77,(anonymous_4)
FN:94,(anonymous_5)
FN:117,(anonymous_6)
FN:160,(anonymous_7)
FN:168,(anonymous_8)
FN:169,(anonymous_9)
FN:194,(anonymous_10)
FN:211,(anonymous_11)
FN:244,(anonymous_12)
FN:282,(anonymous_13)
FN:303,(anonymous_14)
FN:316,(anonymous_15)
FNF:16
FNH:3
FNDA:13,(anonymous_0)
FNDA:0,(anonymous_1)
FNDA:0,(anonymous_2)
FNDA:0,(anonymous_3)
FNDA:0,(anonymous_4)
FNDA:0,(anonymous_5)
FNDA:0,(anonymous_6)
FNDA:0,(anonymous_7)
FNDA:0,(anonymous_8)
FNDA:0,(anonymous_9)
FNDA:0,(anonymous_10)
FNDA:1,(anonymous_11)
FNDA:1,(anonymous_12)
FNDA:0,(anonymous_13)
FNDA:0,(anonymous_14)
FNDA:0,(anonymous_15)
DA:1,13
DA:2,13
DA:6,13
DA:10,0
DA:11,0
DA:12,0
DA:15,0
DA:22,0
DA:28,0
DA:29,0
DA:34,0
DA:35,0
DA:39,0
DA:50,0
DA:55,0
DA:56,0
DA:61,0
DA:62,0
DA:67,0
DA:72,0
DA:73,0
DA:78,0
DA:79,0
DA:80,0
DA:82,0
DA:88,0
DA:89,0
DA:93,0
DA:94,0
DA:95,0
DA:106,0
DA:112,0
DA:113,0
DA:118,0
DA:119,0
DA:120,0
DA:122,0
DA:128,0
DA:130,0
DA:131,0
DA:132,0
DA:135,0
DA:136,0
DA:138,0
DA:140,0
DA:145,0
DA:155,0
DA:156,0
DA:161,0
DA:162,0
DA:168,0
DA:169,0
DA:172,0
DA:187,0
DA:189,0
DA:190,0
DA:195,0
DA:196,0
DA:201,0
DA:206,0
DA:207,0
DA:212,1
DA:213,1
DA:214,1
DA:216,1
DA:217,0
DA:220,1
DA:221,1
DA:222,0
DA:225,1
DA:226,1
DA:232,1
DA:239,0
DA:240,0
DA:245,1
DA:246,1
DA:247,1
DA:248,0
DA:251,1
DA:260,1
DA:261,0
DA:264,1
DA:265,1
DA:266,1
DA:267,1
DA:268,1
DA:269,1
DA:270,0
DA:273,1
DA:274,1
DA:275,1
DA:277,0
DA:278,0
DA:283,0
DA:284,0
DA:294,0
DA:295,0
DA:296,0
DA:298,0
DA:299,0
DA:304,0
DA:306,0
DA:311,0
DA:312,0
DA:317,0
DA:318,0
DA:319,0
DA:321,0
DA:330,0
DA:334,0
DA:344,0
DA:345,0
DA:350,13
LF:113
LH:27
BRDA:52,0,0,0
BRDA:52,0,1,0
BRDA:85,1,0,0
BRDA:85,1,1,0
BRDA:85,2,0,0
BRDA:85,2,1,0
BRDA:88,3,0,0
BRDA:88,3,1,0
BRDA:88,4,0,0
BRDA:88,4,1,0
BRDA:93,5,0,0
BRDA:93,5,1,0
BRDA:93,6,0,0
BRDA:93,6,1,0
BRDA:99,7,0,0
BRDA:99,7,1,0
BRDA:100,8,0,0
BRDA:100,8,1,0
BRDA:119,9,0,0
BRDA:119,10,0,0
BRDA:130,11,0,0
BRDA:130,11,1,0
BRDA:141,12,0,0
BRDA:141,12,1,0
BRDA:142,13,0,0
BRDA:142,13,1,0
BRDA:179,14,0,0
BRDA:179,14,1,0
BRDA:180,15,0,0
BRDA:180,15,1,0
BRDA:216,16,0,0
BRDA:216,16,1,1
BRDA:220,17,0,1
BRDA:220,17,1,0
BRDA:221,18,0,0
BRDA:221,18,1,1
BRDA:229,19,0,1
BRDA:229,19,1,0
BRDA:246,20,0,1
BRDA:246,20,1,0
BRDA:247,21,0,0
BRDA:247,21,1,1
BRDA:260,22,0,0
BRDA:260,22,1,1
BRDA:265,23,0,1
BRDA:265,23,1,0
BRDA:269,24,0,0
BRDA:269,24,1,1
BRDA:269,25,0,1
BRDA:269,25,1,1
BRDA:273,26,0,1
BRDA:273,26,1,0
BRDA:274,27,0,1
BRDA:274,27,1,0
BRDA:318,28,0,0
BRDA:318,29,0,0
BRF:56
BRH:13
end_of_record
TN:
SF:controllers\userController.js
FN:3,(anonymous_0)
FN:59,(anonymous_1)
FN:85,(anonymous_2)
FN:128,(anonymous_3)
FN:171,(anonymous_4)
FN:182,(anonymous_5)
FN:204,(anonymous_6)
FNF:7
FNH:6
FNDA:3,(anonymous_0)
FNDA:0,(anonymous_1)
FNDA:1,(anonymous_2)
FNDA:1,(anonymous_3)
FNDA:1,(anonymous_4)
FNDA:1,(anonymous_5)
FNDA:1,(anonymous_6)
DA:1,15
DA:3,15
DA:4,3
DA:5,3
DA:6,3
DA:7,2
DA:9,2
DA:10,2
DA:12,2
DA:13,0
DA:14,0
DA:17,2
DA:18,0
DA:19,2
DA:20,0
DA:23,2
DA:25,2
DA:39,2
DA:44,2
DA:54,1
DA:55,1
DA:59,15
DA:60,0
DA:61,0
DA:62,0
DA:74,0
DA:75,0
DA:78,0
DA:80,0
DA:81,0
DA:85,15
DA:86,1
DA:87,1
DA:88,1
DA:90,1
DA:91,1
DA:94,0
DA:95,0
DA:96,0
DA:99,0
DA:101,0
DA:117,0
DA:120,0
DA:121,0
DA:123,0
DA:124,0
DA:128,15
DA:129,1
DA:130,1
DA:131,1
DA:133,1
DA:134,1
DA:136,1
DA:137,1
DA:138,1
DA:140,1
DA:141,0
DA:142,0
DA:144,1
DA:145,0
DA:146,0
DA:148,1
DA:149,0
DA:150,0
DA:152,1
DA:153,0
DA:154,0
DA:157,1
DA:158,0
DA:161,1
DA:162,1
DA:164,1
DA:166,0
DA:167,0
DA:171,15
DA:172,1
DA:173,1
DA:174,1
DA:175,1
DA:177,0
DA:178,0
DA:182,15
DA:183,1
DA:184,1
DA:185,1
DA:187,1
DA:188,0
DA:191,1
DA:192,1
DA:197,1
DA:199,0
DA:200,0
DA:204,15
DA:205,1
DA:206,1
DA:207,1
DA:208,1
DA:210,0
DA:211,0
LF:99
LH:59
BRDA:6,0,0,1
BRDA:6,1,0,1
BRDA:12,2,0,0
BRDA:12,2,1,2
BRDA:17,3,0,0
BRDA:17,3,1,2
BRDA:19,4,0,0
BRDA:19,4,1,2
BRDA:23,5,0,0
BRDA:23,5,1,2
BRDA:74,6,0,0
BRDA:74,6,1,0
BRDA:90,7,0,1
BRDA:90,7,1,0
BRDA:90,8,0,1
BRDA:90,8,1,1
BRDA:90,8,2,1
BRDA:95,9,0,0
BRDA:95,9,1,0
BRDA:109,10,0,0
BRDA:109,10,1,0
BRDA:110,11,0,0
BRDA:110,11,1,0
BRDA:111,12,0,0
BRDA:111,12,1,0
BRDA:113,13,0,0
BRDA:113,13,1,0
BRDA:120,14,0,0
BRDA:120,14,1,0
BRDA:136,15,0,1
BRDA:136,15,1,0
BRDA:140,16,0,0
BRDA:140,16,1,1
BRDA:144,17,0,0
BRDA:144,17,1,1
BRDA:148,18,0,0
BRDA:148,18,1,1
BRDA:152,19,0,0
BRDA:152,19,1,1
BRDA:157,20,0,0
BRDA:157,20,1,1
BRDA:187,21,0,0
BRDA:187,21,1,1
BRF:43
BRH:17
end_of_record
TN:
SF:middleware\auditLogger.js
FN:82,(anonymous_0)
FN:109,(anonymous_1)
FN:127,(anonymous_2)
FN:128,(anonymous_3)
FN:134,(anonymous_4)
FN:174,(anonymous_5)
FN:186,(anonymous_6)
FN:194,(anonymous_7)
FN:269,(anonymous_8)
FNF:9
FNH:9
FNDA:89,(anonymous_0)
FNDA:89,(anonymous_1)
FNDA:18,(anonymous_2)
FNDA:97,(anonymous_3)
FNDA:78,(anonymous_4)
FNDA:78,(anonymous_5)
FNDA:55,(anonymous_6)
FNDA:74,(anonymous_7)
FNDA:85,(anonymous_8)
DA:1,29
DA:2,29
DA:5,29
DA:29,29
DA:82,29
DA:83,89
DA:98,89
DA:101,89
DA:102,65
DA:105,89
DA:109,29
DA:110,89
DA:123,89
DA:127,29
DA:128,18
DA:129,97
DA:132,97
DA:134,97
DA:135,78
DA:138,78
DA:139,74
DA:158,74
DA:159,74
DA:160,74
DA:161,74
DA:162,74
DA:166,78
DA:169,97
DA:174,29
DA:176,78
DA:179,33
DA:182,27
DA:185,15
DA:186,55
DA:187,9
DA:190,6
DA:194,29
DA:195,74
DA:196,74
DA:198,74
DA:199,0
DA:200,0
DA:202,74
DA:203,0
DA:205,74
DA:206,0
DA:207,0
DA:211,74
DA:212,45
DA:214,29
DA:215,29
DA:216,0
DA:218,29
DA:219,0
DA:223,29
DA:224,6
DA:225,3
DA:226,3
DA:230,26
DA:231,9
DA:232,9
DA:236,25
DA:237,3
DA:238,1
DA:239,1
DA:242,23
DA:243,3
DA:244,2
DA:245,0
DA:249,20
DA:250,3
DA:251,1
DA:255,18
DA:256,3
DA:260,15
DA:261,12
DA:265,3
DA:269,29
DA:270,85
DA:271,85
DA:285,85
DA:305,80
DA:307,4
DA:309,4
DA:313,29
LF:85
LH:77
BRDA:82,0,0,0
BRDA:86,1,0,89
BRDA:86,1,1,70
BRDA:87,2,0,89
BRDA:87,2,1,71
BRDA:88,3,0,89
BRDA:88,3,1,2
BRDA:89,4,0,89
BRDA:89,4,1,85
BRDA:90,5,0,89
BRDA:90,5,1,3
BRDA:91,6,0,89
BRDA:91,6,1,3
BRDA:92,7,0,89
BRDA:92,7,1,3
BRDA:93,8,0,89
BRDA:93,8,1,7
BRDA:94,9,0,89
BRDA:94,9,1,89
BRDA:101,10,0,65
BRDA:101,10,1,24
BRDA:127,11,0,2
BRDA:138,12,0,74
BRDA:138,12,1,4
BRDA:140,13,0,74
BRDA:140,13,1,66
BRDA:141,14,0,74
BRDA:141,14,1,66
BRDA:142,15,0,74
BRDA:142,15,1,0
BRDA:146,16,0,66
BRDA:146,16,1,8
BRDA:161,17,0,74
BRDA:161,17,1,0
BRDA:161,18,0,74
BRDA:161,18,1,74
BRDA:176,19,0,45
BRDA:176,19,1,33
BRDA:179,20,0,6
BRDA:179,20,1,27
BRDA:182,21,0,12
BRDA:182,21,1,15
BRDA:186,22,0,9
BRDA:186,22,1,6
BRDA:190,23,0,6
BRDA:190,23,1,4
BRDA:198,24,0,0
BRDA:198,24,1,74
BRDA:198,25,0,74
BRDA:198,25,1,0
BRDA:199,26,0,0
BRDA:199,26,1,0
BRDA:199,27,0,0
BRDA:199,27,1,0
BRDA:200,28,0,0
BRDA:200,28,1,0
BRDA:202,29,0,0
BRDA:202,29,1,74
BRDA:202,30,0,74
BRDA:202,30,1,0
BRDA:202,30,2,0
BRDA:205,31,0,0
BRDA:205,31,1,74
BRDA:205,32,0,74
BRDA:205,32,1,1
BRDA:206,33,0,0
BRDA:206,33,1,0
BRDA:206,34,0,0
BRDA:206,34,1,0
BRDA:207,35,0,0
BRDA:207,35,1,0
BRDA:211,36,0,45
BRDA:211,36,1,29
BRDA:212,37,0,1
BRDA:212,37,1,44
BRDA:214,38,0,0
BRDA:214,38,1,29
BRDA:215,39,0,0
BRDA:215,39,1,29
BRDA:216,40,0,0
BRDA:216,40,1,0
BRDA:218,41,0,0
BRDA:218,41,1,29
BRDA:219,42,0,0
BRDA:219,42,1,0
BRDA:223,43,0,6
BRDA:223,43,1,23
BRDA:224,44,0,3
BRDA:224,44,1,3
BRDA:225,45,0,0
BRDA:225,45,1,3
BRDA:226,46,0,0
BRDA:226,46,1,3
BRDA:230,47,0,9
BRDA:230,47,1,17
BRDA:231,48,0,0
BRDA:231,48,1,9
BRDA:231,49,0,9
BRDA:231,49,1,3
BRDA:232,50,0,1
BRDA:232,50,1,8
BRDA:236,51,0,3
BRDA:236,51,1,22
BRDA:237,52,0,2
BRDA:237,52,1,1
BRDA:238,53,0,0
BRDA:238,53,1,1
BRDA:238,54,0,1
BRDA:238,54,1,0
BRDA:239,55,0,0
BRDA:239,55,1,1
BRDA:239,56,0,1
BRDA:239,56,1,1
BRDA:242,57,0,3
BRDA:242,57,1,20
BRDA:243,58,0,1
BRDA:243,58,1,2
BRDA:244,59,0,2
BRDA:244,59,1,0
BRDA:245,60,0,0
BRDA:245,60,1,0
BRDA:249,61,0,3
BRDA:249,61,1,17
BRDA:250,62,0,2
BRDA:250,62,1,1
BRDA:251,63,0,0
BRDA:251,63,1,1
BRDA:255,64,0,3
BRDA:255,64,1,15
BRDA:260,65,0,12
BRDA:260,65,1,3
BRDA:260,66,0,15
BRDA:260,66,1,3
BRDA:269,67,0,0
BRDA:273,68,0,85
BRDA:273,68,1,67
BRDA:274,69,0,85
BRDA:274,69,1,68
BRDA:275,70,0,85
BRDA:275,70,1,2
BRDA:276,71,0,85
BRDA:276,71,1,81
BRDA:277,72,0,85
BRDA:277,72,1,2
BRDA:278,73,0,85
BRDA:278,73,1,2
BRDA:279,74,0,85
BRDA:279,74,1,2
BRDA:280,75,0,85
BRDA:280,75,1,6
BRDA:281,76,0,85
BRDA:281,76,1,85
BRF:152
BRH:113
end_of_record
TN:
SF:middleware\authMiddleware.js
FN:8,(anonymous_0)
FN:60,(anonymous_1)
FN:61,(anonymous_2)
FN:69,(anonymous_3)
FN:95,(anonymous_4)
FN:109,(anonymous_5)
FN:130,(anonymous_6)
FNF:7
FNH:4
FNDA:52,(anonymous_0)
FNDA:2628,(anonymous_1)
FNDA:25,(anonymous_2)
FNDA:33,(anonymous_3)
FNDA:0,(anonymous_4)
FNDA:0,(anonymous_5)
FNDA:0,(anonymous_6)
DA:1,16
DA:2,16
DA:3,16
DA:4,16
DA:6,16
DA:8,16
DA:9,52
DA:11,52
DA:12,3
DA:15,49
DA:16,49
DA:17,28
DA:18,28
DA:19,1
DA:21,28
DA:22,1
DA:23,1
DA:24,0
DA:26,1
DA:27,1
DA:28,1
DA:32,28
DA:33,0
DA:35,28
DA:36,5
DA:38,28
DA:39,26
DA:41,28
DA:42,28
DA:44,21
DA:49,16
DA:60,16
DA:61,2628
DA:62,25
DA:63,0
DA:66,25
DA:69,25
DA:70,33
DA:71,0
DA:73,33
DA:76,25
DA:77,25
DA:78,0
DA:81,25
DA:82,3
DA:83,3
DA:86,22
DA:91,16
DA:95,16
DA:96,0
DA:97,0
DA:102,0
DA:103,0
DA:106,0
DA:109,16
DA:110,0
DA:113,0
DA:114,0
DA:119,0
DA:120,0
DA:123,0
DA:127,16
DA:130,16
DA:131,0
DA:132,0
DA:133,0
DA:138,0
DA:141,16
LF:68
LH:48
BRDA:9,0,0,52
BRDA:9,0,1,31
BRDA:11,1,0,3
BRDA:11,1,1,49
BRDA:18,2,0,1
BRDA:18,2,1,27
BRDA:18,3,0,28
BRDA:18,3,1,1
BRDA:21,4,0,1
BRDA:21,4,1,27
BRDA:23,5,0,0
BRDA:23,5,1,1
BRDA:27,6,0,1
BRDA:27,6,1,0
BRDA:32,7,0,0
BRDA:32,7,1,28
BRDA:32,8,0,28
BRDA:32,8,1,28
BRDA:35,9,0,5
BRDA:35,9,1,23
BRDA:35,10,0,28
BRDA:35,10,1,5
BRDA:38,11,0,26
BRDA:38,11,1,2
BRDA:62,12,0,0
BRDA:62,12,1,25
BRDA:70,13,0,0
BRDA:70,13,1,33
BRDA:71,14,0,0
BRDA:71,14,1,0
BRDA:77,15,0,0
BRDA:77,15,1,25
BRDA:77,16,0,25
BRDA:77,16,1,0
BRDA:81,17,0,3
BRDA:81,17,1,22
BRDA:96,18,0,0
BRDA:96,18,1,0
BRDA:96,19,0,0
BRDA:96,19,1,0
BRDA:97,20,0,0
BRDA:97,20,1,0
BRDA:102,21,0,0
BRDA:102,21,1,0
BRDA:110,22,0,0
BRDA:110,22,1,0
BRDA:113,23,0,0
BRDA:113,23,1,0
BRDA:119,24,0,0
BRDA:119,24,1,0
BRDA:131,25,0,0
BRDA:131,25,1,0
BRDA:132,26,0,0
BRDA:132,26,1,0
BRDA:132,27,0,0
BRDA:132,27,1,0
BRF:56
BRH:27
end_of_record
TN:
SF:middleware\compression.js
FN:5,(anonymous_0)
FNF:1
FNH:1
FNDA:71,(anonymous_0)
DA:1,12
DA:4,12
DA:6,71
DA:7,0
DA:9,71
DA:15,12
LF:6
LH:5
BRDA:6,0,0,0
BRDA:6,0,1,71
BRF:2
BRH:1
end_of_record
TN:
SF:middleware\errorHandler.js
FN:2,(anonymous_0)
FN:14,(anonymous_1)
FN:24,(anonymous_2)
FN:25,(anonymous_3)
FN:31,(anonymous_4)
FNF:5
FNH:4
FNDA:49,(anonymous_0)
FNDA:0,(anonymous_1)
FNDA:2058,(anonymous_2)
FNDA:48,(anonymous_3)
FNDA:2,(anonymous_4)
DA:2,29
DA:3,49
DA:14,29
DA:15,0
DA:24,29
DA:25,2058
DA:26,48
DA:31,29
DA:32,2
DA:35,2
DA:36,0
DA:39,2
DA:40,0
DA:43,2
DA:44,1
DA:48,1
DA:49,1
DA:51,1
DA:54,29
LF:19
LH:16
BRDA:2,0,0,0
BRDA:2,1,0,49
BRDA:9,2,0,49
BRDA:9,2,1,0
BRDA:14,3,0,0
BRDA:14,4,0,0
BRDA:35,5,0,0
BRDA:35,5,1,2
BRDA:39,6,0,0
BRDA:39,6,1,2
BRDA:43,7,0,1
BRDA:43,7,1,1
BRDA:48,8,0,1
BRDA:48,8,1,0
BRDA:49,9,0,1
BRDA:49,9,1,0
BRF:16
BRH:8
end_of_record
TN:
SF:middleware\healthCheck.js
FN:1,(anonymous_0)
FNF:1
FNH:0
FNDA:0,(anonymous_0)
DA:1,0
DA:2,0
DA:10,0
DA:11,0
DA:12,0
DA:13,0
DA:18,0
DA:19,0
DA:26,0
DA:27,0
DA:34,0
DA:39,0
DA:45,0
LF:13
LH:0
BRDA:28,0,0,0
BRDA:28,0,1,0
BRF:2
BRH:0
end_of_record
TN:
SF:middleware\logger.js
FN:66,(anonymous_0)
FN:66,(anonymous_1)
FN:69,(anonymous_2)
FNF:3
FNH:0
FNDA:0,(anonymous_0)
FNDA:0,(anonymous_1)
FNDA:0,(anonymous_2)
DA:1,20
DA:2,20
DA:3,20
DA:6,20
DA:7,20
DA:8,20
DA:9,0
DA:13,20
DA:21,20
DA:56,20
DA:57,20
DA:66,20
DA:67,0
DA:69,0
DA:70,0
DA:84,0
DA:87,0
DA:90,20
LF:18
LH:12
BRDA:8,0,0,0
BRDA:8,0,1,20
BRDA:22,1,0,20
BRDA:22,1,1,20
BRDA:56,2,0,20
BRDA:56,2,1,0
BRDA:73,3,0,0
BRDA:73,3,1,0
BRDA:74,4,0,0
BRDA:74,4,1,0
BRDA:75,5,0,0
BRDA:75,5,1,0
BRDA:81,6,0,0
BRDA:81,6,1,0
BRF:14
BRH:4
end_of_record
TN:
SF:middleware\mfaMiddleware.js
FN:3,(anonymous_0)
FN:4,(anonymous_1)
FNF:2
FNH:2
FNDA:30,(anonymous_0)
FNDA:6,(anonymous_1)
DA:1,16
DA:3,16
DA:4,30
DA:5,6
DA:6,6
DA:8,2
DA:9,0
DA:12,2
DA:13,0
DA:16,2
DA:17,1
DA:20,1
DA:24,16
LF:13
LH:11
BRDA:3,0,0,0
BRDA:6,1,0,4
BRDA:6,1,1,2
BRDA:8,2,0,0
BRDA:8,2,1,2
BRDA:12,3,0,0
BRDA:12,3,1,2
BRDA:16,4,0,1
BRDA:16,4,1,1
BRF:9
BRH:6
end_of_record
TN:
SF:middleware\performanceMetrics.js
FN:1,(anonymous_0)
FN:4,(anonymous_1)
FNF:2
FNH:0
FNDA:0,(anonymous_0)
FNDA:0,(anonymous_1)
DA:1,0
DA:2,0
DA:4,0
DA:5,0
DA:6,0
DA:14,0
DA:15,0
DA:19,0
DA:22,0
LF:9
LH:0
BRDA:14,0,0,0
BRDA:14,0,1,0
BRF:2
BRH:0
end_of_record
TN:
SF:middleware\upload.js
FN:13,(anonymous_0)
FN:16,(anonymous_1)
FN:24,(anonymous_2)
FNF:3
FNH:0
FNDA:0,(anonymous_0)
FNDA:0,(anonymous_1)
FNDA:0,(anonymous_2)
DA:1,24
DA:2,24
DA:3,24
DA:6,24
DA:7,24
DA:8,0
DA:12,24
DA:14,0
DA:18,0
DA:19,0
DA:24,24
DA:26,0
DA:27,0
DA:28,0
DA:30,0
DA:31,0
DA:33,0
DA:38,24
DA:46,24
LF:19
LH:9
BRDA:7,0,0,0
BRDA:7,0,1,24
BRDA:30,1,0,0
BRDA:30,1,1,0
BRDA:30,2,0,0
BRDA:30,2,1,0
BRF:6
BRH:1
end_of_record
TN:
SF:middleware\validate.js
FN:5,(anonymous_0)
FN:14,(anonymous_1)
FN:20,(anonymous_2)
FNF:3
FNH:0
FNDA:0,(anonymous_0)
FNDA:0,(anonymous_1)
FNDA:0,(anonymous_2)
DA:1,12
DA:2,12
DA:5,12
DA:6,0
DA:8,0
DA:10,0
DA:14,12
DA:15,0
DA:16,0
DA:17,0
DA:20,0
DA:30,0
DA:36,12
DA:50,12
DA:91,12
DA:145,12
DA:229,12
DA:253,12
DA:277,12
DA:318,12
DA:348,12
DA:370,12
LF:22
LH:14
BRDA:6,0,0,0
BRDA:6,0,1,0
BRDA:16,1,0,0
BRDA:16,1,1,0
BRF:4
BRH:0
end_of_record
TN:
SF:middleware\validation.js
FN:5,(anonymous_0)
FN:17,(anonymous_1)
FNF:2
FNH:1
FNDA:0,(anonymous_0)
FNDA:47,(anonymous_1)
DA:1,17
DA:2,17
DA:5,17
DA:6,0
DA:7,0
DA:8,0
DA:9,0
DA:13,0
DA:17,17
DA:18,47
DA:19,47
DA:20,2
DA:26,45
DA:30,17
DA:41,17
DA:50,17
DA:59,17
DA:68,17
DA:75,17
DA:81,17
DA:88,17
LF:21
LH:16
BRDA:6,0,0,0
BRDA:6,0,1,0
BRDA:8,1,0,0
BRDA:8,1,1,0
BRDA:19,2,0,2
BRDA:19,2,1,45
BRF:6
BRH:2
end_of_record
TN:
SF:routes\adminRoutes.js
FN:9,(anonymous_0)
FN:12,(anonymous_1)
FN:17,(anonymous_2)
FN:49,(anonymous_3)
FN:68,(anonymous_4)
FN:105,(anonymous_5)
FN:186,(anonymous_6)
FN:240,(anonymous_7)
FN:252,(anonymous_8)
FNF:9
FNH:2
FNDA:13,(anonymous_0)
FNDA:0,(anonymous_1)
FNDA:0,(anonymous_2)
FNDA:0,(anonymous_3)
FNDA:0,(anonymous_4)
FNDA:1,(anonymous_5)
FNDA:0,(anonymous_6)
FNDA:0,(anonymous_7)
FNDA:0,(anonymous_8)
DA:1,13
DA:2,13
DA:3,13
DA:4,13
DA:5,13
DA:6,13
DA:7,13
DA:9,13
DA:10,13
DA:12,13
DA:13,0
DA:14,0
DA:17,13
DA:18,0
DA:34,0
DA:38,13
DA:39,13
DA:40,13
DA:41,13
DA:44,13
DA:45,13
DA:46,13
DA:49,13
DA:51,0
DA:64,0
DA:68,13
DA:69,0
DA:70,0
DA:72,0
DA:73,0
DA:77,0
DA:78,0
DA:79,0
DA:83,0
DA:85,0
DA:90,13
DA:91,13
DA:92,13
DA:93,13
DA:94,13
DA:95,13
DA:96,13
DA:99,13
DA:100,13
DA:101,13
DA:102,13
DA:105,13
DA:115,1
DA:118,1
DA:119,1
DA:121,1
DA:122,0
DA:125,1
DA:126,1
DA:128,1
DA:129,0
DA:130,0
DA:133,1
DA:134,0
DA:135,0
DA:138,1
DA:139,0
DA:140,0
DA:143,1
DA:144,0
DA:145,0
DA:148,1
DA:149,0
DA:150,0
DA:153,1
DA:154,0
DA:155,0
DA:156,0
DA:159,1
DA:160,1
DA:163,1
DA:167,1
DA:170,1
DA:175,1
DA:186,13
DA:194,0
DA:196,0
DA:197,0
DA:199,0
DA:200,0
DA:201,0
DA:204,0
DA:205,0
DA:206,0
DA:209,0
DA:210,0
DA:211,0
DA:214,0
DA:215,0
DA:216,0
DA:219,0
DA:220,0
DA:221,0
DA:224,0
DA:225,0
DA:226,0
DA:227,0
DA:230,0
DA:232,0
DA:239,0
DA:240,0
DA:241,0
DA:244,0
DA:246,0
DA:247,0
DA:248,0
DA:252,13
DA:253,0
DA:254,0
DA:255,0
DA:256,0
DA:258,0
DA:267,13
LF:118
LH:53
BRDA:72,0,0,0
BRDA:72,0,1,0
BRDA:78,1,0,0
BRDA:78,1,1,0
BRDA:107,2,0,0
BRDA:108,3,0,0
BRDA:118,4,0,1
BRDA:118,4,1,0
BRDA:119,5,0,1
BRDA:119,5,1,0
BRDA:121,6,0,0
BRDA:121,6,1,1
BRDA:121,7,0,1
BRDA:121,7,1,0
BRDA:128,8,0,0
BRDA:128,8,1,1
BRDA:133,9,0,0
BRDA:133,9,1,1
BRDA:138,10,0,0
BRDA:138,10,1,1
BRDA:143,11,0,0
BRDA:143,11,1,1
BRDA:148,12,0,0
BRDA:148,12,1,1
BRDA:153,13,0,0
BRDA:153,13,1,1
BRDA:159,14,0,0
BRDA:159,14,1,1
BRDA:199,15,0,0
BRDA:199,15,1,0
BRDA:204,16,0,0
BRDA:204,16,1,0
BRDA:209,17,0,0
BRDA:209,17,1,0
BRDA:214,18,0,0
BRDA:214,18,1,0
BRDA:219,19,0,0
BRDA:219,19,1,0
BRDA:224,20,0,0
BRDA:224,20,1,0
BRDA:230,21,0,0
BRDA:230,21,1,0
BRDA:241,22,0,0
BRDA:241,22,1,0
BRDA:241,23,0,0
BRDA:241,23,1,0
BRDA:241,24,0,0
BRDA:241,24,1,0
BRDA:241,25,0,0
BRDA:241,25,1,0
BRDA:241,26,0,0
BRDA:241,26,1,0
BRF:52
BRH:11
end_of_record
TN:
SF:routes\aiAnalyticsRoutes.js
FN:6,(anonymous_0)
FN:14,(anonymous_1)
FN:21,(anonymous_2)
FN:25,(anonymous_3)
FN:28,(anonymous_4)
FN:31,(anonymous_5)
FN:34,(anonymous_6)
FN:37,(anonymous_7)
FNF:8
FNH:1
FNDA:12,(anonymous_0)
FNDA:0,(anonymous_1)
FNDA:0,(anonymous_2)
FNDA:0,(anonymous_3)
FNDA:0,(anonymous_4)
FNDA:0,(anonymous_5)
FNDA:0,(anonymous_6)
FNDA:0,(anonymous_7)
DA:1,12
DA:2,12
DA:3,12
DA:4,12
DA:6,12
DA:7,12
DA:8,12
DA:11,12
DA:14,0
DA:18,12
DA:21,0
DA:25,12
DA:28,12
DA:31,12
DA:34,12
DA:37,12
DA:39,12
LF:17
LH:15
BRF:0
BRH:0
end_of_record
TN:
SF:routes\aiRoutes.js
FN:8,normalizeAiServiceUrl
FN:27,(anonymous_1)
FN:31,(anonymous_2)
FN:81,(anonymous_3)
FN:125,(anonymous_4)
FN:177,(anonymous_5)
FN:206,(anonymous_6)
FNF:7
FNH:2
FNDA:12,normalizeAiServiceUrl
FNDA:12,(anonymous_1)
FNDA:0,(anonymous_2)
FNDA:0,(anonymous_3)
FNDA:0,(anonymous_4)
FNDA:0,(anonymous_5)
FNDA:0,(anonymous_6)
DA:1,12
DA:2,12
DA:3,12
DA:4,12
DA:5,12
DA:6,12
DA:9,12
DA:10,12
DA:11,12
DA:13,12
DA:14,12
DA:15,12
DA:16,12
DA:17,12
DA:19,0
DA:23,12
DA:25,12
DA:27,12
DA:28,12
DA:31,12
DA:32,0
DA:33,0
DA:39,0
DA:40,0
DA:42,0
DA:43,0
DA:47,0
DA:54,0
DA:55,0
DA:69,0
DA:71,0
DA:72,0
DA:81,12
DA:82,0
DA:83,0
DA:89,0
DA:91,0
DA:96,0
DA:109,0
DA:115,0
DA:116,0
DA:125,12
DA:126,0
DA:127,0
DA:133,0
DA:135,0
DA:143,0
DA:150,0
DA:151,0
DA:159,0
DA:167,0
DA:168,0
DA:177,12
DA:178,0
DA:179,0
DA:185,0
DA:186,0
DA:190,0
DA:196,0
DA:206,12
DA:207,0
DA:208,0
DA:214,0
DA:216,0
DA:220,0
DA:222,0
DA:223,0
DA:231,12
LF:68
LH:24
BRDA:10,0,0,12
BRDA:10,0,1,0
BRDA:11,1,0,0
BRDA:11,1,1,12
BRDA:15,2,0,0
BRDA:15,2,1,12
BRDA:16,3,0,0
BRDA:16,3,1,12
BRDA:32,4,0,0
BRDA:32,4,1,0
BRDA:42,5,0,0
BRDA:42,5,1,0
BRDA:54,6,0,0
BRDA:54,6,1,0
BRDA:60,7,0,0
BRDA:60,7,1,0
BRDA:61,8,0,0
BRDA:61,8,1,0
BRDA:75,9,0,0
BRDA:75,9,1,0
BRDA:82,10,0,0
BRDA:82,10,1,0
BRDA:101,11,0,0
BRDA:101,11,1,0
BRDA:119,12,0,0
BRDA:119,12,1,0
BRDA:126,13,0,0
BRDA:126,13,1,0
BRDA:156,14,0,0
BRDA:156,14,1,0
BRDA:171,15,0,0
BRDA:171,15,1,0
BRDA:178,16,0,0
BRDA:178,16,1,0
BRDA:207,17,0,0
BRDA:207,17,1,0
BRDA:226,18,0,0
BRDA:226,18,1,0
BRF:38
BRH:4
end_of_record
TN:
SF:routes\announcementRoutes.js
FN:7,(anonymous_0)
FN:9,(anonymous_1)
FN:40,(anonymous_2)
FN:59,(anonymous_3)
FN:83,(anonymous_4)
FNF:5
FNH:2
FNDA:12,(anonymous_0)
FNDA:1,(anonymous_1)
FNDA:0,(anonymous_2)
FNDA:0,(anonymous_3)
FNDA:0,(anonymous_4)
DA:1,12
DA:2,12
DA:3,12
DA:4,12
DA:5,12
DA:7,12
DA:9,12
DA:10,1
DA:11,1
DA:13,1
DA:22,1
DA:29,1
DA:40,12
DA:41,0
DA:43,0
DA:44,0
DA:47,0
DA:52,0
DA:59,12
DA:60,0
DA:62,0
DA:63,0
DA:65,0
DA:66,0
DA:67,0
DA:68,0
DA:69,0
DA:70,0
DA:72,0
DA:73,0
DA:76,0
DA:77,0
DA:79,0
DA:83,12
DA:84,0
DA:85,0
DA:88,12
LF:37
LH:16
BRDA:10,0,0,1
BRDA:10,1,0,1
BRDA:43,2,0,0
BRDA:43,2,1,0
BRDA:43,3,0,0
BRDA:43,3,1,0
BRDA:50,4,0,0
BRDA:50,4,1,0
BRDA:50,5,0,0
BRDA:50,5,1,0
BRDA:65,6,0,0
BRDA:65,6,1,0
BRDA:66,7,0,0
BRDA:66,7,1,0
BRDA:67,8,0,0
BRDA:67,8,1,0
BRDA:68,9,0,0
BRDA:68,9,1,0
BRDA:69,10,0,0
BRDA:69,10,1,0
BRDA:70,11,0,0
BRDA:70,11,1,0
BRDA:72,12,0,0
BRDA:72,12,1,0
BRF:24
BRH:2
end_of_record
TN:
SF:routes\blotterComplaintRoutes.js
FN:6,(anonymous_0)
FN:11,(anonymous_1)
FN:14,(anonymous_2)
FN:17,(anonymous_3)
FNF:4
FNH:1
FNDA:12,(anonymous_0)
FNDA:0,(anonymous_1)
FNDA:0,(anonymous_2)
FNDA:0,(anonymous_3)
DA:1,12
DA:2,12
DA:3,12
DA:4,12
DA:6,12
DA:7,12
DA:8,12
DA:11,12
DA:14,12
DA:17,12
DA:19,12
LF:11
LH:11
BRF:0
BRH:0
end_of_record
TN:
SF:routes\blotterRoutes.js
FN:8,(anonymous_0)
FN:13,(anonymous_1)
FN:44,(anonymous_2)
FNF:3
FNH:1
FNDA:12,(anonymous_0)
FNDA:0,(anonymous_1)
FNDA:0,(anonymous_2)
DA:1,12
DA:2,12
DA:3,12
DA:4,12
DA:5,12
DA:6,12
DA:8,12
DA:10,12
DA:13,12
DA:14,0
DA:16,0
DA:27,0
DA:28,0
DA:29,0
DA:30,0
DA:31,0
DA:34,0
DA:38,12
DA:41,12
DA:44,12
DA:46,0
DA:47,0
DA:48,0
DA:51,12
LF:24
LH:13
BRDA:17,0,0,0
BRDA:17,0,1,0
BRDA:18,1,0,0
BRDA:18,1,1,0
BRDA:19,2,0,0
BRDA:19,2,1,0
BRDA:23,3,0,0
BRDA:23,3,1,0
BRDA:29,4,0,0
BRDA:29,4,1,0
BRDA:30,5,0,0
BRDA:30,5,1,0
BRDA:30,6,0,0
BRDA:30,6,1,0
BRF:14
BRH:0
end_of_record
TN:
SF:routes\captainRoutes.js
FN:7,(anonymous_0)
FN:9,(anonymous_1)
FN:24,(anonymous_2)
FN:39,(anonymous_3)
FN:51,(anonymous_4)
FN:62,(anonymous_5)
FNF:6
FNH:1
FNDA:12,(anonymous_0)
FNDA:0,(anonymous_1)
FNDA:0,(anonymous_2)
FNDA:0,(anonymous_3)
FNDA:0,(anonymous_4)
FNDA:0,(anonymous_5)
DA:1,12
DA:2,12
DA:3,12
DA:4,12
DA:5,12
[...]
DA:8,12
DA:9,0
DA:10,0
DA:11,0
DA:12,0
DA:14,0
DA:23,12
DA:24,0
DA:26,0
DA:27,0
DA:29,0
DA:30,0
DA:31,0
DA:34,0
DA:35,0
DA:36,0
DA:39,0
DA:40,0
DA:41,0
DA:44,0
DA:45,0
DA:46,0
DA:49,0
DA:51,0
DA:60,0
DA:64,12
DA:65,0
DA:66,0
DA:68,0
DA:74,0
DA:78,12
DA:79,0
DA:80,0
DA:82,0
DA:88,0
DA:92,12
DA:93,0
DA:101,0
DA:112,0
DA:121,0
DA:131,12
DA:132,0
DA:134,0
DA:135,0
DA:137,0
DA:138,0
DA:139,0
DA:141,0
DA:144,0
DA:154,0
DA:162,12
LF:56
LH:12
BRDA:29,0,0,0
BRDA:29,0,1,0
BRDA:34,1,0,0
BRDA:34,1,1,0
BRDA:39,2,0,0
BRDA:39,2,1,0
BRDA:44,3,0,0
BRDA:44,3,1,0
BRDA:49,4,0,0
BRDA:49,4,1,0
BRDA:72,5,0,0
BRDA:72,5,1,0
BRDA:137,6,0,0
BRDA:137,6,1,0
BRDA:137,7,0,0
BRDA:137,7,1,0
BRDA:155,8,0,0
BRDA:155,8,1,0
BRF:18
BRH:0
end_of_record
TN:
SF:routes\performanceRoutes.js
FN:7,(anonymous_0)
FN:18,(anonymous_1)
FN:34,(anonymous_2)
FNF:3
FNH:0
FNDA:0,(anonymous_0)
FNDA:0,(anonymous_1)
FNDA:0,(anonymous_2)
DA:1,0
DA:2,0
DA:3,0
DA:4,0
DA:7,0
DA:8,0
DA:9,0
DA:10,0
DA:11,0
DA:13,0
DA:18,0
DA:19,0
DA:30,0
DA:34,0
DA:35,0
DA:36,0
DA:38,0
DA:39,0
DA:40,0
DA:42,0
DA:56,0
DA:58,0
DA:62,0
LF:23
LH:0
BRDA:49,0,0,0
BRDA:49,0,1,0
BRDA:50,1,0,0
BRDA:50,1,1,0
BRDA:51,2,0,0
BRDA:51,2,1,0
BRF:6
BRH:0
end_of_record
TN:
SF:routes\programRoutes.js
FN:10,(anonymous_0)
FN:18,(anonymous_1)
FN:20,(anonymous_2)
FN:34,(anonymous_3)
FN:51,(anonymous_4)
FN:68,(anonymous_5)
FNF:6
FNH:1
FNDA:0,(anonymous_0)
FNDA:12,(anonymous_1)
FNDA:0,(anonymous_2)
FNDA:0,(anonymous_3)
FNDA:0,(anonymous_4)
FNDA:0,(anonymous_5)
DA:1,12
DA:2,12
DA:3,12
DA:4,12
DA:5,12
DA:7,12
DA:10,12
DA:11,0
DA:12,0
DA:13,0
DA:15,0
DA:18,12
DA:20,12
DA:21,0
DA:22,0
DA:25,0
DA:27,0
DA:29,0
DA:34,12
DA:35,0
DA:36,0
DA:40,0
DA:41,0
DA:43,0
DA:45,0
DA:46,0
DA:51,12
DA:52,0
DA:53,0
DA:54,0
DA:56,0
DA:60,0
DA:62,0
DA:63,0
DA:68,12
DA:69,0
DA:70,0
DA:71,0
DA:75,0
DA:77,0
DA:78,0
DA:82,12
LF:42
LH:13
BRDA:12,0,0,0
BRDA:12,0,1,0
BRDA:12,1,0,0
BRDA:12,1,1,0
BRDA:40,2,0,0
BRDA:40,2,1,0
BRDA:58,3,0,0
BRDA:58,3,1,0
BRDA:58,4,0,0
BRDA:58,4,1,0
BRDA:58,5,0,0
BRDA:58,5,1,0
BRDA:73,6,0,0
BRDA:73,6,1,0
BRDA:73,7,0,0
BRDA:73,7,1,0
BRF:16
BRH:0
end_of_record
TN:
SF:routes\residentAuthRoutes.js
FN:29,(anonymous_0)
FN:31,(anonymous_1)
FN:96,(anonymous_2)
FN:220,(anonymous_3)
FNF:4
FNH:1
FNDA:12,(anonymous_0)
FNDA:0,(anonymous_1)
FNDA:0,(anonymous_2)
FNDA:0,(anonymous_3)
DA:1,12
DA:2,12
DA:3,12
DA:4,12
DA:5,12
DA:6,12
DA:7,12
DA:8,12
DA:9,12
DA:10,12
DA:13,12
DA:21,12
DA:29,12
DA:31,12
DA:32,0
DA:34,0
DA:35,0
DA:42,0
DA:47,0
DA:48,0
DA:54,0
DA:57,0
DA:58,0
DA:59,0
DA:66,0
DA:69,0
DA:81,0
DA:96,12
DA:109,0
DA:112,0
DA:113,0
DA:120,0
DA:121,0
DA:122,0
DA:129,0
DA:132,0
DA:133,0
DA:135,0
DA:136,0
DA:137,0
DA:140,0
DA:150,0
DA:154,0
DA:157,0
DA:158,0
DA:159,0
DA:161,0
DA:169,0
DA:176,0
DA:180,0
DA:183,0
DA:195,0
DA:211,0
DA:212,0
DA:213,0
DA:215,0
DA:220,12
DA:221,0
DA:231,0
DA:232,0
DA:238,0
DA:244,12
LF:62
LH:17
BRDA:34,0,0,0
BRDA:34,0,1,0
BRDA:34,1,0,0
BRDA:34,1,1,0
BRDA:47,2,0,0
BRDA:47,2,1,0
BRDA:58,3,0,0
BRDA:58,3,1,0
BRDA:66,4,0,0
BRDA:66,4,1,0
BRDA:66,5,0,0
BRDA:66,5,1,0
BRDA:112,6,0,0
BRDA:112,6,1,0
BRDA:112,7,0,0
BRDA:112,7,1,0
BRDA:112,7,2,0
BRDA:112,7,3,0
BRDA:112,7,4,0
BRDA:112,7,5,0
BRDA:112,7,6,0
BRDA:121,8,0,0
BRDA:121,8,1,0
BRDA:146,9,0,0
BRDA:146,9,1,0
BRDA:146,10,0,0
BRDA:146,10,1,0
BRDA:146,11,0,0
BRDA:146,11,1,0
BRDA:231,12,0,0
BRDA:231,12,1,0
BRF:31
BRH:0
end_of_record
TN:
SF:routes\residentProfileRoutes.js
FN:6,(anonymous_0)
FN:11,(anonymous_1)
FN:14,(anonymous_2)
FN:17,(anonymous_3)
FN:20,(anonymous_4)
FNF:5
FNH:1
FNDA:12,(anonymous_0)
FNDA:0,(anonymous_1)
FNDA:0,(anonymous_2)
FNDA:0,(anonymous_3)
FNDA:0,(anonymous_4)
DA:1,12
DA:2,12
DA:3,12
DA:4,12
DA:6,12
DA:7,12
DA:8,12
DA:11,12
DA:14,12
DA:17,12
DA:20,12
DA:22,12
LF:12
LH:12
BRF:0
BRH:0
end_of_record
TN:
SF:routes\residentRoutes.js
FN:9,(anonymous_0)
FN:17,(anonymous_1)
FNF:2
FNH:1
FNDA:34,(anonymous_0)
FNDA:0,(anonymous_1)
DA:1,17
DA:2,17
DA:3,17
DA:4,17
DA:5,17
DA:6,17
DA:7,17
DA:9,17
DA:11,34
DA:14,34
DA:17,34
DA:18,0
DA:26,0
DA:27,0
DA:30,0
DA:34,34
DA:37,34
DA:40,16
DA:43,16
DA:46,16
DA:49,16
DA:52,16
DA:55,16
DA:58,16
DA:61,16
DA:63,16
DA:64,16
DA:67,16
DA:69,16
LF:29
LH:25
BRDA:24,0,0,0
BRDA:24,0,1,0
BRDA:26,1,0,0
BRDA:26,1,1,0
BRF:4
BRH:0
end_of_record
TN:
SF:routes\secretaryRoutes.js
FN:15,(anonymous_0)
FN:23,(anonymous_1)
FN:51,(anonymous_2)
FN:70,(anonymous_3)
FN:102,(anonymous_4)
FN:154,(anonymous_5)
FN:171,(anonymous_6)
FN:187,(anonymous_7)
FN:214,(anonymous_8)
FN:236,(anonymous_9)
FN:256,(anonymous_10)
FN:292,(anonymous_11)
FN:316,(anonymous_12)
FN:341,(anonymous_13)
FN:516,(anonymous_14)
FN:542,(anonymous_15)
FN:576,(anonymous_16)
FNF:17
FNH:3
FNDA:14,(anonymous_0)
FNDA:0,(anonymous_1)
FNDA:0,(anonymous_2)
FNDA:0,(anonymous_3)
FNDA:0,(anonymous_4)
FNDA:0,(anonymous_5)
FNDA:0,(anonymous_6)
FNDA:0,(anonymous_7)
FNDA:0,(anonymous_8)
FNDA:0,(anonymous_9)
FNDA:2,(anonymous_10)
FNDA:2,(anonymous_11)
FNDA:0,(anonymous_12)
FNDA:0,(anonymous_13)
FNDA:0,(anonymous_14)
FNDA:0,(anonymous_15)
FNDA:0,(anonymous_16)
DA:1,14
DA:2,14
DA:3,14
DA:4,14
DA:5,14
DA:6,14
DA:7,14
DA:8,14
DA:9,14
DA:13,14
DA:15,14
DA:16,14
DA:19,14
DA:24,0
DA:27,0
DA:30,0
DA:33,0
DA:37,0
DA:47,14
DA:52,0
DA:61,0
DA:66,14
DA:71,0
DA:72,0
DA:73,0
DA:75,0
DA:94,0
DA:98,14
DA:103,0
DA:104,0
DA:106,0
DA:107,0
DA:110,0
DA:111,0
DA:131,0
DA:145,0
DA:150,14
DA:155,0
DA:162,0
DA:167,14
DA:172,0
DA:178,0
DA:183,14
DA:188,0
DA:189,0
DA:191,0
DA:200,0
DA:209,14
DA:215,0
DA:216,0
DA:217,0
DA:219,0
DA:227,0
DA:231,14
DA:237,0
DA:238,0
DA:247,0
DA:251,14
DA:257,2
DA:258,2
DA:259,2
DA:260,0
DA:263,2
DA:268,2
DA:269,0
DA:272,2
DA:273,2
DA:274,0
DA:277,2
DA:292,2
DA:293,2
DA:294,2
DA:295,2
DA:296,2
DA:297,2
DA:301,2
DA:311,14
DA:317,0
DA:318,0
DA:319,0
DA:321,0
DA:331,0
DA:336,14
DA:342,0
DA:343,0
DA:344,0
DA:346,0
DA:347,0
DA:350,0
DA:351,0
DA:353,0
DA:354,0
DA:358,0
DA:359,0
DA:360,0
DA:362,0
DA:364,0
DA:365,0
DA:376,0
DA:377,0
DA:383,0
DA:384,0
DA:385,0
DA:387,0
DA:391,0
DA:392,0
DA:393,0
DA:394,0
DA:398,0
DA:401,0
DA:402,0
DA:403,0
DA:404,0
DA:406,0
DA:409,0
DA:410,0
DA:416,0
DA:444,0
DA:448,0
DA:467,0
DA:483,0
DA:494,0
DA:495,0
DA:501,0
DA:502,0
DA:503,0
DA:505,0
DA:511,14
DA:517,0
DA:518,0
DA:520,0
DA:521,0
DA:524,0
DA:533,0
DA:537,14
DA:543,0
DA:544,0
DA:545,0
DA:548,0
DA:553,0
DA:554,0
DA:557,0
DA:558,0
DA:559,0
DA:562,0
DA:576,0
DA:577,0
DA:578,0
DA:579,0
DA:580,0
DA:581,0
DA:585,0
DA:594,14
LF:153
LH:42
BRDA:73,0,0,0
BRDA:73,0,1,0
BRDA:104,1,0,0
BRDA:104,1,1,0
BRDA:106,2,0,0
BRDA:106,2,1,0
BRDA:110,3,0,0
BRDA:110,3,1,0
BRDA:128,4,0,0
BRDA:128,4,1,0
BRDA:141,5,0,0
BRDA:141,5,1,0
BRDA:197,6,0,0
BRDA:197,6,1,0
BRDA:217,7,0,0
BRDA:217,7,1,0
BRDA:237,8,0,0
BRDA:237,8,1,0
BRDA:257,9,0,2
BRDA:257,9,1,0
BRDA:259,10,0,0
BRDA:259,10,1,2
BRDA:268,11,0,0
BRDA:268,11,1,2
BRDA:273,12,0,0
BRDA:273,12,1,2
BRDA:278,13,0,2
BRDA:278,13,1,0
BRDA:279,14,0,2
BRDA:279,14,1,0
BRDA:280,15,0,2
BRDA:280,15,1,0
BRDA:293,16,0,0
BRDA:293,16,1,2
BRDA:296,17,0,2
BRDA:296,17,1,0
BRDA:296,18,0,2
BRDA:296,18,1,2
BRDA:319,19,0,0
BRDA:319,19,1,0
BRDA:346,20,0,0
BRDA:346,20,1,0
BRDA:358,21,0,0
BRDA:358,21,1,0
BRDA:364,22,0,0
BRDA:364,22,1,0
BRDA:374,23,0,0
BRDA:374,23,1,0
BRDA:391,24,0,0
BRDA:391,24,1,0
BRDA:401,25,0,0
BRDA:401,25,1,0
BRDA:444,26,0,0
BRDA:444,26,1,0
BRDA:445,27,0,0
BRDA:445,27,1,0
BRDA:446,28,0,0
BRDA:446,28,1,0
BRDA:447,29,0,0
BRDA:447,29,1,0
BRDA:520,30,0,0
BRDA:520,30,1,0
BRDA:544,31,0,0
BRDA:544,31,1,0
BRDA:553,32,0,0
BRDA:553,32,1,0
BRDA:558,33,0,0
BRDA:558,33,1,0
BRDA:563,34,0,0
BRDA:563,34,1,0
BRDA:564,35,0,0
BRDA:564,35,1,0
BRDA:565,36,0,0
BRDA:565,36,1,0
BRDA:577,37,0,0
BRDA:577,37,1,0
BRDA:580,38,0,0
BRDA:580,38,1,0
BRDA:580,39,0,0
BRDA:580,39,1,0
BRF:80
BRH:11
end_of_record
TN:
SF:routes\sharedRoutes.js
FN:6,(anonymous_0)
FN:8,(anonymous_1)
FN:13,(anonymous_2)
FN:18,(anonymous_3)
FN:24,(anonymous_4)
FN:49,(anonymous_5)
FN:55,(anonymous_6)
FN:61,(anonymous_7)
FN:71,(anonymous_8)
FN:83,(anonymous_9)
FN:130,(anonymous_10)
FNF:11
FNH:1
FNDA:12,(anonymous_0)
FNDA:0,(anonymous_1)
FNDA:0,(anonymous_2)
FNDA:0,(anonymous_3)
FNDA:0,(anonymous_4)
FNDA:0,(anonymous_5)
FNDA:0,(anonymous_6)
FNDA:0,(anonymous_7)
FNDA:0,(anonymous_8)
FNDA:0,(anonymous_9)
FNDA:0,(anonymous_10)
DA:1,12
DA:2,12
DA:3,12
DA:4,12
DA:6,12
DA:8,12
DA:9,0
DA:13,12
DA:14,0
DA:18,12
DA:19,0
DA:20,0
DA:24,12
DA:25,0
DA:26,0
DA:42,0
DA:44,0
DA:49,12
DA:50,0
DA:51,0
DA:55,12
DA:56,0
DA:57,0
DA:61,12
DA:62,0
DA:63,0
DA:64,0
DA:66,0
DA:71,12
DA:72,0
DA:79,0
DA:83,12
DA:84,0
DA:86,0
DA:89,0
DA:90,0
DA:91,0
DA:94,0
DA:97,0
DA:99,0
DA:111,0
DA:113,0
DA:115,0
DA:130,12
DA:131,0
DA:132,0
DA:133,0
DA:135,0
DA:136,0
DA:137,0
DA:140,12
LF:51
LH:16
BRDA:101,0,0,0
BRDA:101,0,1,0
BRDA:102,1,0,0
BRDA:102,1,1,0
BRDA:103,2,0,0
BRDA:103,2,1,0
BRDA:104,3,0,0
BRDA:104,3,1,0
BRDA:106,4,0,0
BRDA:106,4,1,0
BRDA:107,5,0,0
BRDA:107,5,1,0
BRDA:108,6,0,0
BRDA:108,6,1,0
BRDA:131,7,0,0
BRDA:131,7,1,0
BRDA:132,8,0,0
BRDA:132,8,1,0
BRDA:136,9,0,0
BRDA:136,9,1,0
BRF:20
BRH:0
end_of_record
TN:
SF:routes\sitioRoutes.js
FN:6,(anonymous_0)
FN:8,(anonymous_1)
FNF:2
FNH:1
FNDA:12,(anonymous_0)
FNDA:0,(anonymous_1)
DA:1,12
DA:2,12
DA:3,12
DA:4,12
DA:6,12
DA:8,12
DA:9,0
DA:10,0
DA:16,0
DA:18,0
DA:19,0
DA:23,12
LF:12
LH:7
BRF:0
BRH:0
end_of_record
TN:
SF:routes\systemAdminRoutes.js
FN:9,(anonymous_0)
FN:21,(anonymous_1)
FN:22,(anonymous_2)
FN:32,(anonymous_3)
FN:41,(anonymous_4)
FN:45,(anonymous_5)
FN:47,(anonymous_6)
FN:48,(anonymous_7)
FN:49,(anonymous_8)
FN:50,(anonymous_9)
FN:51,(anonymous_10)
FN:52,(anonymous_11)
FN:54,(anonymous_12)
FN:55,(anonymous_13)
FN:57,(anonymous_14)
FN:58,(anonymous_15)
FN:60,(anonymous_16)
FNF:17
FNH:7
FNDA:13,(anonymous_0)
FNDA:1,(anonymous_1)
FNDA:1,(anonymous_2)
FNDA:1,(anonymous_3)
FNDA:13,(anonymous_4)
FNDA:0,(anonymous_5)
FNDA:0,(anonymous_6)
FNDA:0,(anonymous_7)
FNDA:1,(anonymous_8)
FNDA:1,(anonymous_9)
FNDA:0,(anonymous_10)
FNDA:0,(anonymous_11)
FNDA:0,(anonymous_12)
FNDA:0,(anonymous_13)
FNDA:0,(anonymous_14)
FNDA:0,(anonymous_15)
FNDA:0,(anonymous_16)
DA:1,13
DA:2,13
DA:3,13
DA:4,13
DA:5,13
DA:6,13
DA:7,13
DA:9,13
DA:10,13
DA:11,0
DA:15,13
DA:16,13
DA:19,13
DA:21,1
DA:23,1
DA:26,1
DA:27,1
DA:28,1
DA:33,1
DA:34,1
DA:36,0
DA:41,13
DA:42,13
DA:43,13
DA:45,13
DA:47,13
DA:48,13
DA:49,13
DA:50,13
DA:51,13
DA:52,13
DA:54,13
DA:55,13
DA:57,13
DA:58,13
DA:60,13
DA:62,13
LF:37
LH:35
BRDA:10,0,0,0
BRDA:10,0,1,13
BRDA:23,1,0,1
BRDA:23,1,1,0
BRDA:26,2,0,1
BRDA:26,2,1,0
BRDA:33,3,0,1
BRDA:33,3,1,0
BRF:8
BRH:4
end_of_record
TN:
SF:routes\templateRoutes.js
FN:11,(anonymous_0)
FN:21,(anonymous_1)
FN:27,(anonymous_2)
FN:42,(anonymous_3)
FN:49,(anonymous_4)
FN:96,(anonymous_5)
FN:128,(anonymous_6)
FN:168,(anonymous_7)
FN:207,(anonymous_8)
FN:218,(anonymous_9)
FN:229,(anonymous_10)
FN:283,(anonymous_11)
FN:348,(anonymous_12)
FNF:13
FNH:10
FNDA:1,(anonymous_0)
FNDA:2,(anonymous_1)
FNDA:1,(anonymous_2)
FNDA:13,(anonymous_3)
FNDA:1,(anonymous_4)
FNDA:0,(anonymous_5)
FNDA:2,(anonymous_6)
FNDA:1,(anonymous_7)
FNDA:1,(anonymous_8)
FNDA:0,(anonymous_9)
FNDA:2,(anonymous_10)
FNDA:0,(anonymous_11)
FNDA:2,(anonymous_12)
DA:1,13
DA:2,13
DA:3,13
DA:4,13
DA:6,13
DA:11,13
DA:12,1
DA:13,0
DA:14,0
DA:15,0
DA:17,0
DA:21,13
DA:22,2
DA:23,0
DA:24,0
DA:27,13
DA:42,13
DA:43,13
DA:45,13
DA:50,1
DA:51,1
DA:53,1
DA:54,1
DA:56,1
DA:57,1
DA:60,1
DA:61,0
DA:62,0
DA:65,1
DA:66,1
DA:88,1
DA:92,13
DA:97,0
DA:105,0
DA:113,0
DA:124,13
DA:129,2
DA:131,2
DA:132,1
DA:135,1
DA:160,1
DA:164,13
DA:169,1
DA:170,1
DA:172,1
DA:173,0
DA:176,1
DA:199,1
DA:203,13
DA:208,1
DA:209,1
DA:210,1
DA:214,13
DA:219,0
DA:220,0
DA:221,0
DA:225,13
DA:230,2
DA:231,2
DA:233,2
DA:234,0
DA:237,2
DA:238,2
DA:239,1
DA:242,1
DA:244,1
DA:274,1
DA:278,13
DA:284,0
DA:285,0
DA:287,0
DA:296,0
DA:297,0
DA:300,0
DA:301,0
DA:304,0
DA:332,0
DA:334,0
DA:335,0
DA:344,13
DA:349,2
DA:350,2
DA:359,2
DA:360,0
DA:363,2
DA:364,2
DA:365,1
DA:368,1
DA:369,1
DA:370,1
DA:371,1
DA:375,13
LF:92
LH:64
BRDA:12,0,0,1
BRDA:12,0,1,0
BRDA:13,1,0,0
BRDA:13,1,1,0
BRDA:22,2,0,2
BRDA:22,2,1,0
BRDA:23,3,0,0
BRDA:23,3,1,0
BRDA:31,4,0,1
BRDA:31,4,1,1
BRDA:34,5,0,1
BRDA:34,5,1,1
BRDA:35,6,0,1
BRDA:35,6,1,1
BRDA:38,7,0,1
BRDA:38,7,1,1
BRDA:50,8,0,1
BRDA:50,8,1,1
BRDA:51,9,0,1
BRDA:51,9,1,1
BRDA:56,10,0,1
BRDA:56,10,1,0
BRDA:60,11,0,0
BRDA:60,11,1,1
BRDA:65,12,0,1
BRDA:65,12,1,0
BRDA:116,13,0,0
BRDA:116,13,1,0
BRDA:117,14,0,0
BRDA:117,14,1,0
BRDA:118,15,0,0
BRDA:118,15,1,0
BRDA:129,16,0,2
BRDA:129,16,1,0
BRDA:131,17,0,1
BRDA:131,17,1,1
BRDA:131,18,0,2
BRDA:131,18,1,1
BRDA:152,19,0,1
BRDA:152,19,1,1
BRDA:153,20,0,1
BRDA:153,20,1,1
BRDA:154,21,0,0
BRDA:154,21,1,1
BRDA:170,22,0,1
BRDA:170,22,1,0
BRDA:172,23,0,0
BRDA:172,23,1,1
BRDA:172,24,0,1
BRDA:172,24,1,1
BRDA:191,25,0,1
BRDA:191,25,1,1
BRDA:192,26,0,1
BRDA:192,26,1,1
BRDA:193,27,0,0
BRDA:193,27,1,1
BRDA:231,28,0,2
BRDA:231,28,1,0
BRDA:233,29,0,0
BRDA:233,29,1,2
BRDA:233,30,0,2
BRDA:233,30,1,2
BRDA:238,31,0,1
BRDA:238,31,1,1
BRDA:264,32,0,1
BRDA:264,32,1,1
BRDA:269,33,0,1
BRDA:269,33,1,1
BRDA:270,34,0,1
BRDA:270,34,1,1
BRDA:285,35,0,0
BRDA:285,35,1,0
BRDA:296,36,0,0
BRDA:296,36,1,0
BRDA:300,37,0,0
BRDA:300,37,1,0
BRDA:300,38,0,0
BRDA:300,38,1,0
BRDA:323,39,0,0
BRDA:323,39,1,0
BRDA:328,40,0,0
BRDA:328,40,1,0
BRDA:359,41,0,0
BRDA:359,41,1,2
BRDA:364,42,0,1
BRDA:364,42,1,1
BRDA:368,43,0,1
BRDA:368,43,1,0
BRF:88
BRH:52
end_of_record
TN:
SF:routes\userRoutes.js
FN:7,(anonymous_0)
FN:12,(anonymous_1)
FNF:2
FNH:1
FNDA:12,(anonymous_0)
FNDA:0,(anonymous_1)
DA:1,12
DA:2,12
DA:3,12
DA:4,12
DA:5,12
DA:7,12
DA:9,12
DA:12,12
DA:13,0
DA:18,0
DA:19,0
DA:22,0
DA:25,12
LF:13
LH:9
BRDA:18,0,0,0
BRDA:18,0,1,0
BRF:2
BRH:0
end_of_record
TN:
SF:utils\blotterCaseNumber.js
FN:1,pad2
FN:5,pad4
FN:9,getYearMonth
FN:16,formatCaseNumber
FN:20,isValidBlotCaseNumber
FN:24,getMaxExistingSequence
FN:39,allocateBlotterCaseNumber
FNF:7
FNH:1
FNDA:0,pad2
FNDA:0,pad4
FNDA:0,getYearMonth
FNDA:0,formatCaseNumber
FNDA:0,isValidBlotCaseNumber
FNDA:0,getMaxExistingSequence
FNDA:14,allocateBlotterCaseNumber
DA:2,0
DA:6,0
DA:10,0
DA:11,0
DA:12,0
DA:13,0
DA:17,0
DA:21,0
DA:25,0
DA:26,0
DA:27,0
DA:35,0
DA:36,0
DA:40,14
DA:41,14
DA:42,14
DA:43,0
DA:45,0
DA:51,0
DA:52,0
DA:53,0
DA:54,0
DA:59,0
DA:60,0
DA:61,0
DA:67,0
DA:68,0
DA:69,0
DA:71,14
DA:72,14
DA:74,14
DA:76,14
DA:80,20
LF:33
LH:8
BRDA:10,0,0,0
BRDA:10,0,1,0
BRDA:10,1,0,0
BRDA:10,1,1,0
BRDA:21,2,0,0
BRDA:21,2,1,0
BRDA:36,3,0,0
BRDA:36,3,1,0
BRDA:39,4,0,0
BRDA:51,5,0,0
BRDA:51,5,1,0
BRDA:60,6,0,0
BRDA:60,6,1,0
BRF:13
BRH:0
end_of_record
TN:
SF:utils\cache.js
FN:5,(anonymous_0)
FN:11,(anonymous_1)
FN:16,(anonymous_2)
FN:20,(anonymous_3)
FN:21,(anonymous_4)
FN:22,(anonymous_5)
FN:36,(anonymous_6)
FN:47,(anonymous_7)
FN:58,(anonymous_8)
FN:69,(anonymous_9)
FN:83,(anonymous_10)
FN:94,(anonymous_11)
FN:95,(anonymous_12)
FN:107,(anonymous_13)
FNF:14
FNH:6
FNDA:16,(anonymous_0)
FNDA:0,(anonymous_1)
FNDA:0,(anonymous_2)
FNDA:0,(anonymous_3)
FNDA:0,(anonymous_4)
FNDA:0,(anonymous_5)
FNDA:1,(anonymous_6)
FNDA:1,(anonymous_7)
FNDA:0,(anonymous_8)
FNDA:0,(anonymous_9)
FNDA:0,(anonymous_10)
FNDA:28,(anonymous_11)
FNDA:1,(anonymous_12)
FNDA:1,(anonymous_13)
DA:1,16
DA:2,16
DA:6,16
DA:7,16
DA:8,16
DA:12,0
DA:13,0
DA:16,0
DA:20,0
DA:21,0
DA:22,0
DA:23,0
DA:24,0
DA:27,0
DA:28,0
DA:29,0
DA:31,0
DA:32,0
DA:37,1
DA:38,0
DA:39,0
DA:40,0
DA:42,0
DA:43,0
DA:48,1
DA:49,0
DA:50,0
DA:51,0
DA:53,0
DA:54,0
DA:59,0
DA:60,0
DA:61,0
DA:62,0
DA:64,0
DA:65,0
DA:70,0
DA:71,0
DA:72,0
DA:73,0
DA:74,0
DA:76,0
DA:78,0
DA:79,0
DA:84,0
DA:85,0
DA:86,0
DA:91,16
DA:94,16
DA:95,28
DA:96,1
DA:98,1
DA:99,1
DA:101,1
DA:102,0
DA:103,0
DA:106,1
DA:107,1
DA:108,1
DA:109,1
DA:112,1
DA:116,16
LF:62
LH:20
BRDA:14,0,0,0
BRDA:14,0,1,0
BRDA:37,1,0,1
BRDA:37,1,1,0
BRDA:40,2,0,0
BRDA:40,2,1,0
BRDA:47,3,0,0
BRDA:48,4,0,1
BRDA:48,4,1,0
BRDA:59,5,0,0
BRDA:59,5,1,0
BRDA:70,6,0,0
BRDA:70,6,1,0
BRDA:73,7,0,0
BRDA:73,7,1,0
BRDA:84,8,0,0
BRDA:84,8,1,0
BRDA:84,9,0,0
BRDA:84,9,1,0
BRDA:94,10,0,0
BRDA:96,11,0,0
BRDA:96,11,1,1
BRDA:101,12,0,0
BRDA:101,12,1,1
BRF:24
BRH:4
end_of_record
TN:
SF:utils\documentStorage.js
FN:8,(anonymous_0)
FN:20,(anonymous_1)
FN:22,(anonymous_2)
FN:33,(anonymous_3)
FN:56,(anonymous_4)
FNF:5
FNH:2
FNDA:0,(anonymous_0)
FNDA:0,(anonymous_1)
FNDA:3,(anonymous_2)
FNDA:0,(anonymous_3)
FNDA:3,(anonymous_4)
DA:1,25
DA:2,25
DA:3,25
DA:4,25
DA:6,25
DA:8,25
DA:9,0
DA:10,0
DA:11,0
DA:12,0
DA:13,0
DA:14,0
DA:16,0
DA:20,25
DA:22,25
DA:23,3
DA:26,3
DA:27,3
DA:28,0
DA:30,3
DA:33,25
DA:34,0
DA:35,0
DA:36,0
DA:39,0
DA:40,0
DA:41,0
DA:43,0
DA:44,0
DA:45,0
DA:47,0
DA:56,25
DA:57,3
DA:59,3
DA:61,3
DA:62,3
DA:65,0
DA:66,0
DA:69,0
DA:70,0
DA:71,0
DA:74,0
DA:75,0
DA:76,0
DA:77,0
DA:80,0
DA:81,0
DA:83,0
DA:84,0
DA:85,0
DA:87,0
DA:88,0
DA:93,25
LF:53
LH:19
BRDA:9,0,0,0
BRDA:9,0,1,0
BRDA:10,1,0,0
BRDA:10,1,1,0
BRDA:13,2,0,0
BRDA:13,2,1,0
BRDA:23,3,0,3
BRDA:23,3,1,0
BRDA:25,4,0,0
BRDA:25,4,1,0
BRDA:27,5,0,0
BRDA:27,5,1,3
BRDA:27,6,0,3
BRDA:27,6,1,3
BRDA:35,7,0,0
BRDA:35,7,1,0
BRDA:56,8,0,0
BRDA:57,9,0,3
BRDA:57,9,1,0
BRDA:59,10,0,3
BRDA:59,10,1,0
BRDA:61,11,0,3
BRDA:61,11,1,0
BRDA:65,12,0,0
BRDA:65,12,1,0
BRDA:70,13,0,0
BRDA:70,13,1,0
BRDA:74,14,0,0
BRDA:74,14,1,0
BRDA:75,15,0,0
BRDA:75,15,1,0
BRDA:76,16,0,0
BRDA:76,16,1,0
BRDA:76,17,0,0
BRDA:76,17,1,0
BRDA:87,18,0,0
BRDA:87,18,1,0
BRF:37
BRH:7
end_of_record
TN:
SF:utils\emailService.js
FN:4,(anonymous_0)
FN:8,(anonymous_1)
FN:20,(anonymous_2)
FN:43,(anonymous_3)
FNF:4
FNH:0
FNDA:0,(anonymous_0)
FNDA:0,(anonymous_1)
FNDA:0,(anonymous_2)
FNDA:0,(anonymous_3)
DA:1,18
DA:2,18
DA:4,18
DA:5,0
DA:8,18
DA:9,0
DA:20,18
DA:21,0
DA:22,0
DA:23,0
DA:26,0
DA:27,0
DA:28,0
DA:35,0
DA:36,0
DA:38,0
DA:43,18
DA:44,0
DA:45,0
DA:47,0
DA:59,0
DA:61,0
DA:64,18
LF:23
LH:7
BRDA:5,0,0,0
BRDA:5,0,1,0
BRDA:5,0,2,0
BRDA:11,1,0,0
BRDA:11,1,1,0
BRDA:21,2,0,0
BRDA:21,2,1,0
BRDA:51,3,0,0
BRDA:51,3,1,0
BRDA:59,4,0,0
BRDA:59,4,1,0
BRF:11
BRH:0
end_of_record
TN:
SF:utils\mfaOtp.js
FN:5,(anonymous_0)
FN:10,(anonymous_1)
FN:17,(anonymous_2)
FN:28,(anonymous_3)
FN:51,(anonymous_4)
FNF:5
FNH:0
FNDA:0,(anonymous_0)
FNDA:0,(anonymous_1)
FNDA:0,(anonymous_2)
FNDA:0,(anonymous_3)
FNDA:0,(anonymous_4)
DA:1,13
DA:2,13
DA:3,13
DA:5,13
DA:6,0
DA:7,0
DA:10,13
DA:11,0
DA:12,0
DA:13,0
DA:14,0
DA:17,13
DA:18,0
DA:19,0
DA:21,0
DA:22,0
DA:23,0
DA:25,0
DA:28,13
DA:29,0
DA:30,0
DA:31,0
DA:32,0
DA:34,0
DA:39,0
DA:47,0
DA:48,0
DA:51,13
DA:52,0
DA:63,0
DA:64,0
DA:65,0
DA:66,0
DA:67,0
DA:69,0
DA:70,0
DA:71,0
DA:75,0
DA:78,0
DA:79,0
DA:82,13
LF:41
LH:9
BRDA:11,0,0,0
BRDA:11,0,1,0
BRDA:13,1,0,0
BRDA:13,1,1,0
BRDA:13,2,0,0
BRDA:13,2,1,0
BRDA:13,2,2,0
BRDA:18,3,0,0
BRDA:18,3,1,0
BRDA:63,4,0,0
BRDA:63,4,1,0
BRDA:65,5,0,0
BRDA:65,5,1,0
BRDA:66,6,0,0
BRDA:66,6,1,0
BRDA:67,7,0,0
BRDA:67,7,1,0
BRDA:69,8,0,0
BRDA:69,8,1,0
BRDA:70,9,0,0
BRDA:70,9,1,0
BRF:21
BRH:0
end_of_record
TN:
SF:utils\performance.js
FN:16,(anonymous_0)
FN:47,(anonymous_1)
FN:50,(anonymous_2)
FN:70,(anonymous_3)
FN:75,(anonymous_4)
FN:87,(anonymous_5)
FN:94,(anonymous_6)
FN:98,(anonymous_7)
FNF:8
FNH:0
FNDA:0,(anonymous_0)
FNDA:0,(anonymous_1)
FNDA:0,(anonymous_2)
FNDA:0,(anonymous_3)
FNDA:0,(anonymous_4)
FNDA:0,(anonymous_5)
FNDA:0,(anonymous_6)
FNDA:0,(anonymous_7)
DA:1,0
DA:4,0
DA:16,0
DA:17,0
DA:18,0
DA:19,0
DA:20,0
DA:22,0
DA:23,0
DA:32,0
DA:34,0
DA:35,0
DA:42,0
DA:47,0
DA:48,0
DA:50,0
DA:51,0
DA:53,0
DA:54,0
DA:65,0
DA:71,0
DA:72,0
DA:76,0
DA:77,0
DA:79,0
DA:80,0
DA:81,0
DA:84,0
DA:88,0
DA:95,0
DA:99,0
DA:104,0
DA:107,0
DA:109,0
LF:34
LH:0
BRDA:16,0,0,0
BRDA:22,1,0,0
BRDA:22,1,1,0
BRDA:53,2,0,0
BRDA:53,2,1,0
BRDA:70,3,0,0
BRDA:77,4,0,0
BRDA:77,4,1,0
BRDA:79,5,0,0
BRDA:79,5,1,0
BRF:10
BRH:0
end_of_record
TN:
SF:utils\seed_hashes.js
FN:13,seedUserHashes
FN:48,(anonymous_1)
FNF:2
FNH:0
FNDA:0,seedUserHashes
FNDA:0,(anonymous_1)
DA:1,0
DA:2,0
DA:3,0
DA:5,0
DA:16,0
DA:17,0
DA:18,0
DA:20,0
DA:21,0
DA:22,0
DA:24,0
DA:25,0
DA:27,0
DA:28,0
DA:31,0
DA:38,0
DA:39,0
DA:43,0
DA:46,0
DA:47,0
DA:48,0
DA:49,0
DA:53,0
DA:54,0
DA:56,0
DA:60,0
LF:26
LH:0
BRDA:6,0,0,0
BRDA:6,0,1,0
BRDA:7,1,0,0
BRDA:7,1,1,0
BRDA:8,2,0,0
BRDA:8,2,1,0
BRDA:9,3,0,0
BRDA:9,3,1,0
BRDA:10,4,0,0
BRDA:10,4,1,0
BRDA:21,5,0,0
BRDA:21,5,1,0
BRDA:43,6,0,0
BRDA:43,6,1,0
BRDA:49,7,0,0
BRDA:49,7,1,0
BRDA:56,8,0,0
BRDA:56,8,1,0
BRF:18
BRH:0
end_of_record
